{"/Users/mengtian/Codes/page-sense/src/tracker/TrackerProvider.tsx": {"path":"/Users/mengtian/Codes/page-sense/src/tracker/TrackerProvider.tsx","statementMap":{"0":{"start":{"line":36,"column":13},"end":{"line":36,"column":null}},"1":{"start":{"line":38,"column":23},"end":{"line":66,"column":null}},"2":{"start":{"line":39,"column":4},"end":{"line":39,"column":null}},"3":{"start":{"line":39,"column":18},"end":{"line":39,"column":null}},"4":{"start":{"line":40,"column":27},"end":{"line":40,"column":null}},"5":{"start":{"line":41,"column":34},"end":{"line":41,"column":null}},"6":{"start":{"line":43,"column":4},"end":{"line":64,"column":null}},"7":{"start":{"line":44,"column":23},"end":{"line":44,"column":null}},"8":{"start":{"line":45,"column":8},"end":{"line":61,"column":null}},"9":{"start":{"line":46,"column":12},"end":{"line":46,"column":null}},"10":{"start":{"line":47,"column":12},"end":{"line":47,"column":null}},"11":{"start":{"line":48,"column":12},"end":{"line":48,"column":null}},"12":{"start":{"line":50,"column":26},"end":{"line":50,"column":null}},"13":{"start":{"line":51,"column":24},"end":{"line":51,"column":null}},"14":{"start":{"line":52,"column":12},"end":{"line":57,"column":null}},"15":{"start":{"line":53,"column":16},"end":{"line":55,"column":null}},"16":{"start":{"line":54,"column":20},"end":{"line":54,"column":null}},"17":{"start":{"line":56,"column":16},"end":{"line":56,"column":null}},"18":{"start":{"line":58,"column":12},"end":{"line":60,"column":null}},"19":{"start":{"line":59,"column":16},"end":{"line":59,"column":null}},"20":{"start":{"line":62,"column":8},"end":{"line":62,"column":null}},"21":{"start":{"line":63,"column":8},"end":{"line":63,"column":null}},"22":{"start":{"line":65,"column":4},"end":{"line":65,"column":null}},"23":{"start":{"line":68,"column":28},"end":{"line":77,"column":null}},"24":{"start":{"line":69,"column":4},"end":{"line":69,"column":null}},"25":{"start":{"line":69,"column":18},"end":{"line":69,"column":null}},"26":{"start":{"line":71,"column":24},"end":{"line":71,"column":null}},"27":{"start":{"line":72,"column":4},"end":{"line":76,"column":null}},"28":{"start":{"line":86,"column":5},"end":{"line":364,"column":null}},"29":{"start":{"line":87,"column":28},"end":{"line":87,"column":null}},"30":{"start":{"line":88,"column":32},"end":{"line":88,"column":null}},"31":{"start":{"line":89,"column":32},"end":{"line":89,"column":null}},"32":{"start":{"line":92,"column":4},"end":{"line":110,"column":null}},"33":{"start":{"line":93,"column":8},"end":{"line":109,"column":null}},"34":{"start":{"line":94,"column":31},"end":{"line":94,"column":null}},"35":{"start":{"line":95,"column":33},"end":{"line":95,"column":null}},"36":{"start":{"line":97,"column":12},"end":{"line":103,"column":null}},"37":{"start":{"line":98,"column":16},"end":{"line":98,"column":null}},"38":{"start":{"line":99,"column":16},"end":{"line":99,"column":null}},"39":{"start":{"line":100,"column":16},"end":{"line":100,"column":null}},"40":{"start":{"line":102,"column":16},"end":{"line":102,"column":null}},"41":{"start":{"line":105,"column":12},"end":{"line":105,"column":null}},"42":{"start":{"line":108,"column":12},"end":{"line":108,"column":null}},"43":{"start":{"line":112,"column":10},"end":{"line":122,"column":null}},"44":{"start":{"line":113,"column":8},"end":{"line":121,"column":null}},"45":{"start":{"line":114,"column":47},"end":{"line":118,"column":null}},"46":{"start":{"line":119,"column":28},"end":{"line":119,"column":null}},"47":{"start":{"line":120,"column":12},"end":{"line":120,"column":null}},"48":{"start":{"line":124,"column":10},"end":{"line":277,"column":null}},"49":{"start":{"line":126,"column":38},"end":{"line":126,"column":null}},"50":{"start":{"line":127,"column":23},"end":{"line":127,"column":null}},"51":{"start":{"line":128,"column":28},"end":{"line":128,"column":null}},"52":{"start":{"line":130,"column":8},"end":{"line":145,"column":null}},"53":{"start":{"line":131,"column":12},"end":{"line":131,"column":null}},"54":{"start":{"line":133,"column":12},"end":{"line":144,"column":null}},"55":{"start":{"line":134,"column":16},"end":{"line":143,"column":null}},"56":{"start":{"line":136,"column":34},"end":{"line":136,"column":null}},"57":{"start":{"line":137,"column":20},"end":{"line":137,"column":null}},"58":{"start":{"line":138,"column":20},"end":{"line":138,"column":null}},"59":{"start":{"line":138,"column":43},"end":{"line":138,"column":63}},"60":{"start":{"line":139,"column":20},"end":{"line":139,"column":null}},"61":{"start":{"line":141,"column":20},"end":{"line":141,"column":null}},"62":{"start":{"line":142,"column":20},"end":{"line":142,"column":null}},"63":{"start":{"line":147,"column":8},"end":{"line":149,"column":null}},"64":{"start":{"line":148,"column":12},"end":{"line":148,"column":null}},"65":{"start":{"line":152,"column":8},"end":{"line":152,"column":null}},"66":{"start":{"line":155,"column":8},"end":{"line":155,"column":null}},"67":{"start":{"line":155,"column":31},"end":{"line":155,"column":48}},"68":{"start":{"line":156,"column":21},"end":{"line":156,"column":null}},"69":{"start":{"line":157,"column":26},"end":{"line":157,"column":null}},"70":{"start":{"line":158,"column":8},"end":{"line":158,"column":null}},"71":{"start":{"line":159,"column":8},"end":{"line":159,"column":null}},"72":{"start":{"line":160,"column":8},"end":{"line":160,"column":null}},"73":{"start":{"line":161,"column":8},"end":{"line":161,"column":null}},"74":{"start":{"line":162,"column":8},"end":{"line":162,"column":null}},"75":{"start":{"line":163,"column":8},"end":{"line":163,"column":null}},"76":{"start":{"line":164,"column":8},"end":{"line":164,"column":null}},"77":{"start":{"line":165,"column":8},"end":{"line":165,"column":null}},"78":{"start":{"line":166,"column":8},"end":{"line":166,"column":null}},"79":{"start":{"line":167,"column":8},"end":{"line":167,"column":null}},"80":{"start":{"line":168,"column":8},"end":{"line":168,"column":null}},"81":{"start":{"line":169,"column":8},"end":{"line":169,"column":null}},"82":{"start":{"line":171,"column":8},"end":{"line":171,"column":null}},"83":{"start":{"line":174,"column":8},"end":{"line":174,"column":null}},"84":{"start":{"line":178,"column":8},"end":{"line":182,"column":null}},"85":{"start":{"line":179,"column":12},"end":{"line":181,"column":null}},"86":{"start":{"line":180,"column":16},"end":{"line":180,"column":null}},"87":{"start":{"line":185,"column":8},"end":{"line":266,"column":null}},"88":{"start":{"line":186,"column":13},"end":{"line":186,"column":null}},"89":{"start":{"line":187,"column":8},"end":{"line":266,"column":null}},"90":{"start":{"line":188,"column":33},"end":{"line":188,"column":null}},"91":{"start":{"line":193,"column":43},"end":{"line":196,"column":null}},"92":{"start":{"line":197,"column":46},"end":{"line":200,"column":null}},"93":{"start":{"line":202,"column":28},"end":{"line":202,"column":null}},"94":{"start":{"line":203,"column":12},"end":{"line":210,"column":null}},"95":{"start":{"line":204,"column":16},"end":{"line":204,"column":null}},"96":{"start":{"line":205,"column":12},"end":{"line":210,"column":null}},"97":{"start":{"line":206,"column":16},"end":{"line":206,"column":null}},"98":{"start":{"line":209,"column":16},"end":{"line":209,"column":null}},"99":{"start":{"line":213,"column":12},"end":{"line":213,"column":null}},"100":{"start":{"line":214,"column":12},"end":{"line":214,"column":null}},"101":{"start":{"line":215,"column":8},"end":{"line":266,"column":null}},"102":{"start":{"line":216,"column":12},"end":{"line":265,"column":null}},"103":{"start":{"line":217,"column":38},"end":{"line":217,"column":null}},"104":{"start":{"line":220,"column":37},"end":{"line":222,"column":null}},"105":{"start":{"line":221,"column":20},"end":{"line":221,"column":null}},"106":{"start":{"line":225,"column":16},"end":{"line":230,"column":null}},"107":{"start":{"line":226,"column":39},"end":{"line":226,"column":null}},"108":{"start":{"line":227,"column":20},"end":{"line":229,"column":null}},"109":{"start":{"line":228,"column":24},"end":{"line":228,"column":null}},"110":{"start":{"line":232,"column":16},"end":{"line":259,"column":null}},"111":{"start":{"line":234,"column":20},"end":{"line":234,"column":null}},"112":{"start":{"line":237,"column":52},"end":{"line":240,"column":null}},"113":{"start":{"line":242,"column":20},"end":{"line":246,"column":null}},"114":{"start":{"line":243,"column":24},"end":{"line":243,"column":null}},"115":{"start":{"line":245,"column":24},"end":{"line":245,"column":null}},"116":{"start":{"line":248,"column":20},"end":{"line":248,"column":null}},"117":{"start":{"line":252,"column":39},"end":{"line":252,"column":null}},"118":{"start":{"line":253,"column":40},"end":{"line":253,"column":null}},"119":{"start":{"line":255,"column":20},"end":{"line":255,"column":null}},"120":{"start":{"line":256,"column":20},"end":{"line":256,"column":null}},"121":{"start":{"line":258,"column":20},"end":{"line":258,"column":null}},"122":{"start":{"line":263,"column":16},"end":{"line":263,"column":null}},"123":{"start":{"line":264,"column":17},"end":{"line":264,"column":null}},"124":{"start":{"line":269,"column":8},"end":{"line":269,"column":null}},"125":{"start":{"line":270,"column":8},"end":{"line":270,"column":null}},"126":{"start":{"line":271,"column":8},"end":{"line":275,"column":null}},"127":{"start":{"line":272,"column":12},"end":{"line":274,"column":null}},"128":{"start":{"line":273,"column":16},"end":{"line":273,"column":null}},"129":{"start":{"line":279,"column":4},"end":{"line":357,"column":null}},"130":{"start":{"line":280,"column":25},"end":{"line":280,"column":null}},"131":{"start":{"line":282,"column":28},"end":{"line":316,"column":null}},"132":{"start":{"line":283,"column":12},"end":{"line":283,"column":null}},"133":{"start":{"line":283,"column":26},"end":{"line":283,"column":null}},"134":{"start":{"line":284,"column":27},"end":{"line":284,"column":null}},"135":{"start":{"line":287,"column":12},"end":{"line":289,"column":null}},"136":{"start":{"line":288,"column":16},"end":{"line":288,"column":null}},"137":{"start":{"line":291,"column":27},"end":{"line":291,"column":null}},"138":{"start":{"line":292,"column":12},"end":{"line":305,"column":null}},"139":{"start":{"line":293,"column":16},"end":{"line":293,"column":null}},"140":{"start":{"line":298,"column":16},"end":{"line":298,"column":null}},"141":{"start":{"line":300,"column":16},"end":{"line":302,"column":null}},"142":{"start":{"line":301,"column":20},"end":{"line":301,"column":null}},"143":{"start":{"line":304,"column":16},"end":{"line":304,"column":null}},"144":{"start":{"line":307,"column":12},"end":{"line":315,"column":null}},"145":{"start":{"line":318,"column":29},"end":{"line":328,"column":null}},"146":{"start":{"line":319,"column":12},"end":{"line":319,"column":null}},"147":{"start":{"line":319,"column":26},"end":{"line":319,"column":null}},"148":{"start":{"line":320,"column":24},"end":{"line":320,"column":null}},"149":{"start":{"line":321,"column":12},"end":{"line":327,"column":null}},"150":{"start":{"line":322,"column":16},"end":{"line":322,"column":null}},"151":{"start":{"line":323,"column":16},"end":{"line":326,"column":null}},"152":{"start":{"line":330,"column":28},"end":{"line":346,"column":null}},"153":{"start":{"line":331,"column":12},"end":{"line":331,"column":null}},"154":{"start":{"line":331,"column":26},"end":{"line":331,"column":null}},"155":{"start":{"line":332,"column":27},"end":{"line":332,"column":null}},"156":{"start":{"line":335,"column":12},"end":{"line":337,"column":null}},"157":{"start":{"line":336,"column":16},"end":{"line":336,"column":null}},"158":{"start":{"line":339,"column":12},"end":{"line":345,"column":null}},"159":{"start":{"line":348,"column":8},"end":{"line":348,"column":null}},"160":{"start":{"line":349,"column":8},"end":{"line":349,"column":null}},"161":{"start":{"line":350,"column":8},"end":{"line":350,"column":null}},"162":{"start":{"line":352,"column":8},"end":{"line":356,"column":null}},"163":{"start":{"line":353,"column":12},"end":{"line":353,"column":null}},"164":{"start":{"line":354,"column":12},"end":{"line":354,"column":null}},"165":{"start":{"line":355,"column":12},"end":{"line":355,"column":null}},"166":{"start":{"line":359,"column":4},"end":{"line":362,"column":null}}},"fnMap":{"0":{"name":"(anonymous_0)","decl":{"start":{"line":38,"column":23},"end":{"line":38,"column":24}},"loc":{"start":{"line":38,"column":60},"end":{"line":66,"column":null}},"line":38},"1":{"name":"(anonymous_1)","decl":{"start":{"line":68,"column":28},"end":{"line":68,"column":29}},"loc":{"start":{"line":68,"column":57},"end":{"line":77,"column":null}},"line":68},"2":{"name":"(anonymous_2)","decl":{"start":{"line":86,"column":5},"end":{"line":86,"column":6}},"loc":{"start":{"line":86,"column":109},"end":{"line":364,"column":null}},"line":86},"3":{"name":"(anonymous_3)","decl":{"start":{"line":92,"column":14},"end":{"line":92,"column":20}},"loc":{"start":{"line":92,"column":20},"end":{"line":110,"column":7}},"line":92},"4":{"name":"(anonymous_4)","decl":{"start":{"line":112,"column":33},"end":{"line":112,"column":34}},"loc":{"start":{"line":112,"column":88},"end":{"line":122,"column":7}},"line":112},"5":{"name":"(anonymous_5)","decl":{"start":{"line":113,"column":18},"end":{"line":113,"column":19}},"loc":{"start":{"line":113,"column":28},"end":{"line":121,"column":9}},"line":113},"6":{"name":"(anonymous_6)","decl":{"start":{"line":124,"column":44},"end":{"line":124,"column":51}},"loc":{"start":{"line":124,"column":124},"end":{"line":277,"column":7}},"line":124},"7":{"name":"(anonymous_7)","decl":{"start":{"line":138,"column":38},"end":{"line":138,"column":43}},"loc":{"start":{"line":138,"column":43},"end":{"line":138,"column":63}},"line":138},"8":{"name":"(anonymous_8)","decl":{"start":{"line":155,"column":26},"end":{"line":155,"column":31}},"loc":{"start":{"line":155,"column":31},"end":{"line":155,"column":48}},"line":155},"9":{"name":"(anonymous_9)","decl":{"start":{"line":178,"column":26},"end":{"line":178,"column":31}},"loc":{"start":{"line":178,"column":31},"end":{"line":182,"column":9}},"line":178},"10":{"name":"(anonymous_10)","decl":{"start":{"line":179,"column":34},"end":{"line":179,"column":40}},"loc":{"start":{"line":179,"column":40},"end":{"line":181,"column":13}},"line":179},"11":{"name":"(anonymous_11)","decl":{"start":{"line":220,"column":76},"end":{"line":220,"column":null}},"loc":{"start":{"line":221,"column":20},"end":{"line":221,"column":null}},"line":221},"12":{"name":"(anonymous_12)","decl":{"start":{"line":227,"column":76},"end":{"line":227,"column":null}},"loc":{"start":{"line":228,"column":24},"end":{"line":228,"column":null}},"line":228},"13":{"name":"(anonymous_13)","decl":{"start":{"line":271,"column":19},"end":{"line":271,"column":25}},"loc":{"start":{"line":271,"column":25},"end":{"line":275,"column":11}},"line":271},"14":{"name":"(anonymous_14)","decl":{"start":{"line":279,"column":14},"end":{"line":279,"column":20}},"loc":{"start":{"line":279,"column":20},"end":{"line":357,"column":7}},"line":279},"15":{"name":"(anonymous_15)","decl":{"start":{"line":282,"column":28},"end":{"line":282,"column":29}},"loc":{"start":{"line":282,"column":47},"end":{"line":316,"column":null}},"line":282},"16":{"name":"(anonymous_16)","decl":{"start":{"line":318,"column":29},"end":{"line":318,"column":35}},"loc":{"start":{"line":318,"column":35},"end":{"line":328,"column":null}},"line":318},"17":{"name":"(anonymous_17)","decl":{"start":{"line":330,"column":28},"end":{"line":330,"column":29}},"loc":{"start":{"line":330,"column":42},"end":{"line":346,"column":null}},"line":330},"18":{"name":"(anonymous_18)","decl":{"start":{"line":352,"column":15},"end":{"line":352,"column":21}},"loc":{"start":{"line":352,"column":21},"end":{"line":356,"column":null}},"line":352}},"branchMap":{"0":{"loc":{"start":{"line":39,"column":4},"end":{"line":39,"column":null}},"type":"if","locations":[{"start":{"line":39,"column":4},"end":{"line":39,"column":null}},{"start":{},"end":{}}],"line":39},"1":{"loc":{"start":{"line":43,"column":11},"end":{"line":43,"column":62}},"type":"binary-expr","locations":[{"start":{"line":43,"column":11},"end":{"line":43,"column":22}},{"start":{"line":43,"column":22},"end":{"line":43,"column":62}}],"line":43},"2":{"loc":{"start":{"line":45,"column":8},"end":{"line":61,"column":null}},"type":"if","locations":[{"start":{"line":45,"column":8},"end":{"line":61,"column":null}},{"start":{"line":49,"column":15},"end":{"line":61,"column":null}}],"line":45},"3":{"loc":{"start":{"line":53,"column":16},"end":{"line":55,"column":null}},"type":"if","locations":[{"start":{"line":53,"column":16},"end":{"line":55,"column":null}},{"start":{},"end":{}}],"line":53},"4":{"loc":{"start":{"line":58,"column":12},"end":{"line":60,"column":null}},"type":"if","locations":[{"start":{"line":58,"column":12},"end":{"line":60,"column":null}},{"start":{},"end":{}}],"line":58},"5":{"loc":{"start":{"line":69,"column":4},"end":{"line":69,"column":null}},"type":"if","locations":[{"start":{"line":69,"column":4},"end":{"line":69,"column":null}},{"start":{},"end":{}}],"line":69},"6":{"loc":{"start":{"line":73,"column":19},"end":{"line":73,"column":null}},"type":"cond-expr","locations":[{"start":{"line":73,"column":43},"end":{"line":73,"column":85}},{"start":{"line":73,"column":85},"end":{"line":73,"column":null}}],"line":73},"7":{"loc":{"start":{"line":75,"column":19},"end":{"line":75,"column":null}},"type":"binary-expr","locations":[{"start":{"line":75,"column":19},"end":{"line":75,"column":57}},{"start":{"line":75,"column":57},"end":{"line":75,"column":null}}],"line":75},"8":{"loc":{"start":{"line":86,"column":18},"end":{"line":86,"column":35}},"type":"default-arg","locations":[{"start":{"line":86,"column":30},"end":{"line":86,"column":35}}],"line":86},"9":{"loc":{"start":{"line":86,"column":35},"end":{"line":86,"column":52}},"type":"default-arg","locations":[{"start":{"line":86,"column":44},"end":{"line":86,"column":52}}],"line":86},"10":{"loc":{"start":{"line":86,"column":71},"end":{"line":86,"column":103}},"type":"default-arg","locations":[{"start":{"line":86,"column":97},"end":{"line":86,"column":103}}],"line":86},"11":{"loc":{"start":{"line":93,"column":8},"end":{"line":109,"column":null}},"type":"if","locations":[{"start":{"line":93,"column":8},"end":{"line":109,"column":null}},{"start":{"line":106,"column":15},"end":{"line":109,"column":null}}],"line":93},"12":{"loc":{"start":{"line":97,"column":12},"end":{"line":103,"column":null}},"type":"if","locations":[{"start":{"line":97,"column":12},"end":{"line":103,"column":null}},{"start":{"line":101,"column":19},"end":{"line":103,"column":null}}],"line":97},"13":{"loc":{"start":{"line":130,"column":15},"end":{"line":130,"column":51}},"type":"binary-expr","locations":[{"start":{"line":130,"column":15},"end":{"line":130,"column":27}},{"start":{"line":130,"column":27},"end":{"line":130,"column":51}}],"line":130},"14":{"loc":{"start":{"line":133,"column":12},"end":{"line":144,"column":null}},"type":"if","locations":[{"start":{"line":133,"column":12},"end":{"line":144,"column":null}},{"start":{},"end":{}}],"line":133},"15":{"loc":{"start":{"line":134,"column":16},"end":{"line":143,"column":null}},"type":"if","locations":[{"start":{"line":134,"column":16},"end":{"line":143,"column":null}},{"start":{"line":140,"column":23},"end":{"line":143,"column":null}}],"line":134},"16":{"loc":{"start":{"line":147,"column":8},"end":{"line":149,"column":null}},"type":"if","locations":[{"start":{"line":147,"column":8},"end":{"line":149,"column":null}},{"start":{},"end":{}}],"line":147},"17":{"loc":{"start":{"line":185,"column":8},"end":{"line":266,"column":null}},"type":"if","locations":[{"start":{"line":185,"column":8},"end":{"line":266,"column":null}},{"start":{"line":187,"column":8},"end":{"line":266,"column":null}}],"line":185},"18":{"loc":{"start":{"line":187,"column":8},"end":{"line":266,"column":null}},"type":"if","locations":[{"start":{"line":187,"column":8},"end":{"line":266,"column":null}},{"start":{"line":215,"column":8},"end":{"line":266,"column":null}}],"line":187},"19":{"loc":{"start":{"line":187,"column":19},"end":{"line":187,"column":61}},"type":"binary-expr","locations":[{"start":{"line":187,"column":19},"end":{"line":187,"column":40}},{"start":{"line":187,"column":40},"end":{"line":187,"column":61}}],"line":187},"20":{"loc":{"start":{"line":203,"column":12},"end":{"line":210,"column":null}},"type":"if","locations":[{"start":{"line":203,"column":12},"end":{"line":210,"column":null}},{"start":{"line":205,"column":12},"end":{"line":210,"column":null}}],"line":203},"21":{"loc":{"start":{"line":203,"column":16},"end":{"line":203,"column":69}},"type":"binary-expr","locations":[{"start":{"line":203,"column":16},"end":{"line":203,"column":42}},{"start":{"line":203,"column":42},"end":{"line":203,"column":69}}],"line":203},"22":{"loc":{"start":{"line":205,"column":12},"end":{"line":210,"column":null}},"type":"if","locations":[{"start":{"line":205,"column":12},"end":{"line":210,"column":null}},{"start":{"line":207,"column":19},"end":{"line":210,"column":null}}],"line":205},"23":{"loc":{"start":{"line":205,"column":23},"end":{"line":205,"column":70}},"type":"binary-expr","locations":[{"start":{"line":205,"column":23},"end":{"line":205,"column":46}},{"start":{"line":205,"column":46},"end":{"line":205,"column":70}}],"line":205},"24":{"loc":{"start":{"line":215,"column":8},"end":{"line":266,"column":null}},"type":"if","locations":[{"start":{"line":215,"column":8},"end":{"line":266,"column":null}},{"start":{},"end":{}}],"line":215},"25":{"loc":{"start":{"line":215,"column":19},"end":{"line":215,"column":63}},"type":"binary-expr","locations":[{"start":{"line":215,"column":19},"end":{"line":215,"column":42}},{"start":{"line":215,"column":42},"end":{"line":215,"column":63}}],"line":215},"26":{"loc":{"start":{"line":216,"column":12},"end":{"line":265,"column":null}},"type":"if","locations":[{"start":{"line":216,"column":12},"end":{"line":265,"column":null}},{"start":{"line":260,"column":19},"end":{"line":265,"column":null}}],"line":216},"27":{"loc":{"start":{"line":221,"column":20},"end":{"line":221,"column":null}},"type":"binary-expr","locations":[{"start":{"line":221,"column":20},"end":{"line":221,"column":56}},{"start":{"line":221,"column":56},"end":{"line":221,"column":null}}],"line":221},"28":{"loc":{"start":{"line":225,"column":16},"end":{"line":230,"column":null}},"type":"if","locations":[{"start":{"line":225,"column":16},"end":{"line":230,"column":null}},{"start":{},"end":{}}],"line":225},"29":{"loc":{"start":{"line":228,"column":24},"end":{"line":228,"column":null}},"type":"binary-expr","locations":[{"start":{"line":228,"column":24},"end":{"line":228,"column":71}},{"start":{"line":228,"column":71},"end":{"line":228,"column":null}}],"line":228},"30":{"loc":{"start":{"line":232,"column":16},"end":{"line":259,"column":null}},"type":"if","locations":[{"start":{"line":232,"column":16},"end":{"line":259,"column":null}},{"start":{"line":257,"column":23},"end":{"line":259,"column":null}}],"line":232},"31":{"loc":{"start":{"line":242,"column":20},"end":{"line":246,"column":null}},"type":"if","locations":[{"start":{"line":242,"column":20},"end":{"line":246,"column":null}},{"start":{"line":244,"column":27},"end":{"line":246,"column":null}}],"line":242},"32":{"loc":{"start":{"line":272,"column":12},"end":{"line":274,"column":null}},"type":"if","locations":[{"start":{"line":272,"column":12},"end":{"line":274,"column":null}},{"start":{},"end":{}}],"line":272},"33":{"loc":{"start":{"line":283,"column":12},"end":{"line":283,"column":null}},"type":"if","locations":[{"start":{"line":283,"column":12},"end":{"line":283,"column":null}},{"start":{},"end":{}}],"line":283},"34":{"loc":{"start":{"line":287,"column":12},"end":{"line":289,"column":null}},"type":"if","locations":[{"start":{"line":287,"column":12},"end":{"line":289,"column":null}},{"start":{},"end":{}}],"line":287},"35":{"loc":{"start":{"line":300,"column":16},"end":{"line":302,"column":null}},"type":"if","locations":[{"start":{"line":300,"column":16},"end":{"line":302,"column":null}},{"start":{},"end":{}}],"line":300},"36":{"loc":{"start":{"line":300,"column":20},"end":{"line":300,"column":56}},"type":"binary-expr","locations":[{"start":{"line":300,"column":20},"end":{"line":300,"column":32}},{"start":{"line":300,"column":32},"end":{"line":300,"column":56}}],"line":300},"37":{"loc":{"start":{"line":311,"column":24},"end":{"line":311,"column":null}},"type":"binary-expr","locations":[{"start":{"line":311,"column":24},"end":{"line":311,"column":58}},{"start":{"line":311,"column":58},"end":{"line":311,"column":null}}],"line":311},"38":{"loc":{"start":{"line":319,"column":12},"end":{"line":319,"column":null}},"type":"if","locations":[{"start":{"line":319,"column":12},"end":{"line":319,"column":null}},{"start":{},"end":{}}],"line":319},"39":{"loc":{"start":{"line":321,"column":12},"end":{"line":327,"column":null}},"type":"if","locations":[{"start":{"line":321,"column":12},"end":{"line":327,"column":null}},{"start":{},"end":{}}],"line":321},"40":{"loc":{"start":{"line":331,"column":12},"end":{"line":331,"column":null}},"type":"if","locations":[{"start":{"line":331,"column":12},"end":{"line":331,"column":null}},{"start":{},"end":{}}],"line":331},"41":{"loc":{"start":{"line":335,"column":12},"end":{"line":337,"column":null}},"type":"if","locations":[{"start":{"line":335,"column":12},"end":{"line":337,"column":null}},{"start":{},"end":{}}],"line":335},"42":{"loc":{"start":{"line":341,"column":24},"end":{"line":341,"column":null}},"type":"binary-expr","locations":[{"start":{"line":341,"column":24},"end":{"line":341,"column":57}},{"start":{"line":341,"column":57},"end":{"line":341,"column":null}}],"line":341},"43":{"loc":{"start":{"line":342,"column":23},"end":{"line":342,"column":null}},"type":"cond-expr","locations":[{"start":{"line":342,"column":52},"end":{"line":342,"column":60}},{"start":{"line":342,"column":60},"end":{"line":342,"column":null}}],"line":342}},"s":{"0":2,"1":2,"2":12,"3":0,"4":12,"5":12,"6":12,"7":16,"8":16,"9":11,"10":11,"11":11,"12":5,"13":5,"14":5,"15":4,"16":2,"17":4,"18":5,"19":2,"20":5,"21":5,"22":12,"23":2,"24":12,"25":0,"26":12,"27":12,"28":2,"29":46,"30":46,"31":46,"32":46,"33":16,"34":1,"35":1,"36":1,"37":0,"38":0,"39":0,"40":1,"41":1,"42":15,"43":46,"44":13,"45":13,"46":13,"47":13,"48":46,"49":9,"50":9,"51":9,"52":9,"53":13,"54":13,"55":5,"56":4,"57":4,"58":4,"59":4,"60":4,"61":1,"62":1,"63":8,"64":0,"65":8,"66":8,"67":8,"68":8,"69":8,"70":8,"71":8,"72":8,"73":8,"74":8,"75":8,"76":8,"77":8,"78":8,"79":8,"80":8,"81":8,"82":8,"83":8,"84":8,"85":8,"86":8,"87":8,"88":1,"89":7,"90":3,"91":3,"92":3,"93":3,"94":3,"95":1,"96":2,"97":1,"98":1,"99":3,"100":3,"101":4,"102":4,"103":3,"104":3,"105":6,"106":3,"107":1,"108":1,"109":2,"110":3,"111":2,"112":2,"113":2,"114":1,"115":1,"116":2,"117":2,"118":2,"119":2,"120":2,"121":1,"122":1,"123":1,"124":8,"125":8,"126":8,"127":7,"128":7,"129":46,"130":16,"131":16,"132":7,"133":0,"134":7,"135":7,"136":1,"137":6,"138":6,"139":6,"140":6,"141":6,"142":1,"143":4,"144":6,"145":16,"146":1,"147":0,"148":1,"149":1,"150":1,"151":1,"152":16,"153":7,"154":0,"155":7,"156":7,"157":1,"158":6,"159":16,"160":16,"161":16,"162":16,"163":16,"164":16,"165":16,"166":46},"f":{"0":12,"1":12,"2":46,"3":16,"4":13,"5":13,"6":9,"7":4,"8":8,"9":8,"10":8,"11":6,"12":2,"13":7,"14":16,"15":7,"16":1,"17":7,"18":16},"b":{"0":[0,12],"1":[12,16],"2":[11,5],"3":[2,2],"4":[2,3],"5":[0,12],"6":[0,12],"7":[12,12],"8":[46],"9":[46],"10":[46],"11":[1,15],"12":[0,1],"13":[9,13],"14":[5,8],"15":[4,1],"16":[0,8],"17":[1,7],"18":[3,4],"19":[7,3],"20":[1,2],"21":[3,1],"22":[1,1],"23":[2,2],"24":[4,0],"25":[4,4],"26":[3,1],"27":[6,4],"28":[1,2],"29":[2,2],"30":[2,1],"31":[1,1],"32":[7,0],"33":[0,7],"34":[1,6],"35":[1,5],"36":[6,2],"37":[6,0],"38":[0,1],"39":[1,0],"40":[0,7],"41":[1,6],"42":[6,0],"43":[0,6]},"meta":{"lastBranch":44,"lastFunction":19,"lastStatement":167,"seen":{"s:36:13:36:Infinity":0,"s:38:23:66:Infinity":1,"f:38:23:38:24":0,"b:39:4:39:Infinity:undefined:undefined:undefined:undefined":0,"s:39:4:39:Infinity":2,"s:39:18:39:Infinity":3,"s:40:27:40:Infinity":4,"s:41:34:41:Infinity":5,"s:43:4:64:Infinity":6,"b:43:11:43:22:43:22:43:62":1,"s:44:23:44:Infinity":7,"b:45:8:61:Infinity:49:15:61:Infinity":2,"s:45:8:61:Infinity":8,"s:46:12:46:Infinity":9,"s:47:12:47:Infinity":10,"s:48:12:48:Infinity":11,"s:50:26:50:Infinity":12,"s:51:24:51:Infinity":13,"s:52:12:57:Infinity":14,"b:53:16:55:Infinity:undefined:undefined:undefined:undefined":3,"s:53:16:55:Infinity":15,"s:54:20:54:Infinity":16,"s:56:16:56:Infinity":17,"b:58:12:60:Infinity:undefined:undefined:undefined:undefined":4,"s:58:12:60:Infinity":18,"s:59:16:59:Infinity":19,"s:62:8:62:Infinity":20,"s:63:8:63:Infinity":21,"s:65:4:65:Infinity":22,"s:68:28:77:Infinity":23,"f:68:28:68:29":1,"b:69:4:69:Infinity:undefined:undefined:undefined:undefined":5,"s:69:4:69:Infinity":24,"s:69:18:69:Infinity":25,"s:71:24:71:Infinity":26,"s:72:4:76:Infinity":27,"b:73:43:73:85:73:85:73:Infinity":6,"b:75:19:75:57:75:57:75:Infinity":7,"s:86:5:364:Infinity":28,"f:86:5:86:6":2,"b:86:30:86:35":8,"b:86:44:86:52":9,"b:86:97:86:103":10,"s:87:28:87:Infinity":29,"s:88:32:88:Infinity":30,"s:89:32:89:Infinity":31,"s:92:4:110:Infinity":32,"f:92:14:92:20":3,"b:93:8:109:Infinity:106:15:109:Infinity":11,"s:93:8:109:Infinity":33,"s:94:31:94:Infinity":34,"s:95:33:95:Infinity":35,"b:97:12:103:Infinity:101:19:103:Infinity":12,"s:97:12:103:Infinity":36,"s:98:16:98:Infinity":37,"s:99:16:99:Infinity":38,"s:100:16:100:Infinity":39,"s:102:16:102:Infinity":40,"s:105:12:105:Infinity":41,"s:108:12:108:Infinity":42,"s:112:10:122:Infinity":43,"f:112:33:112:34":4,"s:113:8:121:Infinity":44,"f:113:18:113:19":5,"s:114:47:118:Infinity":45,"s:119:28:119:Infinity":46,"s:120:12:120:Infinity":47,"s:124:10:277:Infinity":48,"f:124:44:124:51":6,"s:126:38:126:Infinity":49,"s:127:23:127:Infinity":50,"s:128:28:128:Infinity":51,"s:130:8:145:Infinity":52,"b:130:15:130:27:130:27:130:51":13,"s:131:12:131:Infinity":53,"b:133:12:144:Infinity:undefined:undefined:undefined:undefined":14,"s:133:12:144:Infinity":54,"b:134:16:143:Infinity:140:23:143:Infinity":15,"s:134:16:143:Infinity":55,"s:136:34:136:Infinity":56,"s:137:20:137:Infinity":57,"s:138:20:138:Infinity":58,"f:138:38:138:43":7,"s:138:43:138:63":59,"s:139:20:139:Infinity":60,"s:141:20:141:Infinity":61,"s:142:20:142:Infinity":62,"b:147:8:149:Infinity:undefined:undefined:undefined:undefined":16,"s:147:8:149:Infinity":63,"s:148:12:148:Infinity":64,"s:152:8:152:Infinity":65,"s:155:8:155:Infinity":66,"f:155:26:155:31":8,"s:155:31:155:48":67,"s:156:21:156:Infinity":68,"s:157:26:157:Infinity":69,"s:158:8:158:Infinity":70,"s:159:8:159:Infinity":71,"s:160:8:160:Infinity":72,"s:161:8:161:Infinity":73,"s:162:8:162:Infinity":74,"s:163:8:163:Infinity":75,"s:164:8:164:Infinity":76,"s:165:8:165:Infinity":77,"s:166:8:166:Infinity":78,"s:167:8:167:Infinity":79,"s:168:8:168:Infinity":80,"s:169:8:169:Infinity":81,"s:171:8:171:Infinity":82,"s:174:8:174:Infinity":83,"s:178:8:182:Infinity":84,"f:178:26:178:31":9,"s:179:12:181:Infinity":85,"f:179:34:179:40":10,"s:180:16:180:Infinity":86,"b:185:8:266:Infinity:187:8:266:Infinity":17,"s:185:8:266:Infinity":87,"s:186:13:186:Infinity":88,"b:187:8:266:Infinity:215:8:266:Infinity":18,"s:187:8:266:Infinity":89,"b:187:19:187:40:187:40:187:61":19,"s:188:33:188:Infinity":90,"s:193:43:196:Infinity":91,"s:197:46:200:Infinity":92,"s:202:28:202:Infinity":93,"b:203:12:210:Infinity:205:12:210:Infinity":20,"s:203:12:210:Infinity":94,"b:203:16:203:42:203:42:203:69":21,"s:204:16:204:Infinity":95,"b:205:12:210:Infinity:207:19:210:Infinity":22,"s:205:12:210:Infinity":96,"b:205:23:205:46:205:46:205:70":23,"s:206:16:206:Infinity":97,"s:209:16:209:Infinity":98,"s:213:12:213:Infinity":99,"s:214:12:214:Infinity":100,"b:215:8:266:Infinity:undefined:undefined:undefined:undefined":24,"s:215:8:266:Infinity":101,"b:215:19:215:42:215:42:215:63":25,"b:216:12:265:Infinity:260:19:265:Infinity":26,"s:216:12:265:Infinity":102,"s:217:38:217:Infinity":103,"s:220:37:222:Infinity":104,"f:220:76:220:Infinity":11,"s:221:20:221:Infinity":105,"b:221:20:221:56:221:56:221:Infinity":27,"b:225:16:230:Infinity:undefined:undefined:undefined:undefined":28,"s:225:16:230:Infinity":106,"s:226:39:226:Infinity":107,"s:227:20:229:Infinity":108,"f:227:76:227:Infinity":12,"s:228:24:228:Infinity":109,"b:228:24:228:71:228:71:228:Infinity":29,"b:232:16:259:Infinity:257:23:259:Infinity":30,"s:232:16:259:Infinity":110,"s:234:20:234:Infinity":111,"s:237:52:240:Infinity":112,"b:242:20:246:Infinity:244:27:246:Infinity":31,"s:242:20:246:Infinity":113,"s:243:24:243:Infinity":114,"s:245:24:245:Infinity":115,"s:248:20:248:Infinity":116,"s:252:39:252:Infinity":117,"s:253:40:253:Infinity":118,"s:255:20:255:Infinity":119,"s:256:20:256:Infinity":120,"s:258:20:258:Infinity":121,"s:263:16:263:Infinity":122,"s:264:17:264:Infinity":123,"s:269:8:269:Infinity":124,"s:270:8:270:Infinity":125,"s:271:8:275:Infinity":126,"f:271:19:271:25":13,"b:272:12:274:Infinity:undefined:undefined:undefined:undefined":32,"s:272:12:274:Infinity":127,"s:273:16:273:Infinity":128,"s:279:4:357:Infinity":129,"f:279:14:279:20":14,"s:280:25:280:Infinity":130,"s:282:28:316:Infinity":131,"f:282:28:282:29":15,"b:283:12:283:Infinity:undefined:undefined:undefined:undefined":33,"s:283:12:283:Infinity":132,"s:283:26:283:Infinity":133,"s:284:27:284:Infinity":134,"b:287:12:289:Infinity:undefined:undefined:undefined:undefined":34,"s:287:12:289:Infinity":135,"s:288:16:288:Infinity":136,"s:291:27:291:Infinity":137,"s:292:12:305:Infinity":138,"s:293:16:293:Infinity":139,"s:298:16:298:Infinity":140,"b:300:16:302:Infinity:undefined:undefined:undefined:undefined":35,"s:300:16:302:Infinity":141,"b:300:20:300:32:300:32:300:56":36,"s:301:20:301:Infinity":142,"s:304:16:304:Infinity":143,"s:307:12:315:Infinity":144,"b:311:24:311:58:311:58:311:Infinity":37,"s:318:29:328:Infinity":145,"f:318:29:318:35":16,"b:319:12:319:Infinity:undefined:undefined:undefined:undefined":38,"s:319:12:319:Infinity":146,"s:319:26:319:Infinity":147,"s:320:24:320:Infinity":148,"b:321:12:327:Infinity:undefined:undefined:undefined:undefined":39,"s:321:12:327:Infinity":149,"s:322:16:322:Infinity":150,"s:323:16:326:Infinity":151,"s:330:28:346:Infinity":152,"f:330:28:330:29":17,"b:331:12:331:Infinity:undefined:undefined:undefined:undefined":40,"s:331:12:331:Infinity":153,"s:331:26:331:Infinity":154,"s:332:27:332:Infinity":155,"b:335:12:337:Infinity:undefined:undefined:undefined:undefined":41,"s:335:12:337:Infinity":156,"s:336:16:336:Infinity":157,"s:339:12:345:Infinity":158,"b:341:24:341:57:341:57:341:Infinity":42,"b:342:52:342:60:342:60:342:Infinity":43,"s:348:8:348:Infinity":159,"s:349:8:349:Infinity":160,"s:350:8:350:Infinity":161,"s:352:8:356:Infinity":162,"f:352:15:352:21":18,"s:353:12:353:Infinity":163,"s:354:12:354:Infinity":164,"s:355:12:355:Infinity":165,"s:359:4:362:Infinity":166}}}
,"/Users/mengtian/Codes/page-sense/src/tracker/index.ts": {"path":"/Users/mengtian/Codes/page-sense/src/tracker/index.ts","statementMap":{},"fnMap":{},"branchMap":{},"s":{},"f":{},"b":{},"meta":{"lastBranch":0,"lastFunction":0,"lastStatement":0,"seen":{}}}
,"/Users/mengtian/Codes/page-sense/src/tracker/useTracker.ts": {"path":"/Users/mengtian/Codes/page-sense/src/tracker/useTracker.ts","statementMap":{"0":{"start":{"line":4,"column":26},"end":{"line":10,"column":null}},"1":{"start":{"line":5,"column":10},"end":{"line":5,"column":null}},"2":{"start":{"line":6,"column":4},"end":{"line":8,"column":null}},"3":{"start":{"line":7,"column":8},"end":{"line":7,"column":null}},"4":{"start":{"line":9,"column":4},"end":{"line":9,"column":null}}},"fnMap":{"0":{"name":"(anonymous_0)","decl":{"start":{"line":4,"column":26},"end":{"line":4,"column":52}},"loc":{"start":{"line":4,"column":52},"end":{"line":10,"column":null}},"line":4}},"branchMap":{"0":{"loc":{"start":{"line":6,"column":4},"end":{"line":8,"column":null}},"type":"if","locations":[{"start":{"line":6,"column":4},"end":{"line":8,"column":null}},{"start":{},"end":{}}],"line":6}},"s":{"0":1,"1":5,"2":5,"3":4,"4":1},"f":{"0":5},"b":{"0":[4,1]},"meta":{"lastBranch":1,"lastFunction":1,"lastStatement":5,"seen":{"s:4:26:10:Infinity":0,"f:4:26:4:52":0,"s:5:10:5:Infinity":1,"b:6:4:8:Infinity:undefined:undefined:undefined:undefined":0,"s:6:4:8:Infinity":2,"s:7:8:7:Infinity":3,"s:9:4:9:Infinity":4}}}
,"/Users/mengtian/Codes/page-sense/src/utils/annotator.ts": {"path":"/Users/mengtian/Codes/page-sense/src/utils/annotator.ts","statementMap":{"0":{"start":{"line":5,"column":20},"end":{"line":5,"column":null}},"1":{"start":{"line":8,"column":4},"end":{"line":10,"column":null}},"2":{"start":{"line":9,"column":8},"end":{"line":9,"column":null}},"3":{"start":{"line":13,"column":17},"end":{"line":13,"column":null}},"4":{"start":{"line":14,"column":4},"end":{"line":16,"column":null}},"5":{"start":{"line":15,"column":8},"end":{"line":15,"column":null}},"6":{"start":{"line":19,"column":4},"end":{"line":24,"column":null}},"7":{"start":{"line":20,"column":25},"end":{"line":20,"column":null}},"8":{"start":{"line":21,"column":8},"end":{"line":23,"column":null}},"9":{"start":{"line":22,"column":12},"end":{"line":22,"column":null}},"10":{"start":{"line":27,"column":4},"end":{"line":27,"column":null}},"11":{"start":{"line":35,"column":18},"end":{"line":35,"column":null}},"12":{"start":{"line":38,"column":19},"end":{"line":55,"column":null}},"13":{"start":{"line":43,"column":16},"end":{"line":51,"column":null}},"14":{"start":{"line":45,"column":20},"end":{"line":47,"column":null}},"15":{"start":{"line":46,"column":24},"end":{"line":46,"column":null}},"16":{"start":{"line":48,"column":20},"end":{"line":50,"column":null}},"17":{"start":{"line":49,"column":24},"end":{"line":49,"column":null}},"18":{"start":{"line":52,"column":16},"end":{"line":52,"column":null}},"19":{"start":{"line":57,"column":22},"end":{"line":57,"column":null}},"20":{"start":{"line":58,"column":4},"end":{"line":70,"column":null}},"21":{"start":{"line":59,"column":8},"end":{"line":68,"column":null}},"22":{"start":{"line":60,"column":23},"end":{"line":60,"column":null}},"23":{"start":{"line":61,"column":12},"end":{"line":61,"column":null}},"24":{"start":{"line":67,"column":12},"end":{"line":67,"column":null}},"25":{"start":{"line":69,"column":8},"end":{"line":69,"column":null}},"26":{"start":{"line":72,"column":4},"end":{"line":72,"column":null}},"27":{"start":{"line":79,"column":21},"end":{"line":79,"column":null}},"28":{"start":{"line":80,"column":4},"end":{"line":82,"column":null}},"29":{"start":{"line":81,"column":8},"end":{"line":81,"column":null}},"30":{"start":{"line":89,"column":20},"end":{"line":89,"column":null}},"31":{"start":{"line":90,"column":4},"end":{"line":90,"column":null}},"32":{"start":{"line":90,"column":32},"end":{"line":90,"column":47}},"33":{"start":{"line":99,"column":20},"end":{"line":99,"column":null}},"34":{"start":{"line":100,"column":4},"end":{"line":108,"column":null}},"35":{"start":{"line":101,"column":8},"end":{"line":107,"column":null}},"36":{"start":{"line":102,"column":12},"end":{"line":106,"column":null}},"37":{"start":{"line":103,"column":16},"end":{"line":103,"column":null}},"38":{"start":{"line":105,"column":16},"end":{"line":105,"column":null}},"39":{"start":{"line":111,"column":19},"end":{"line":111,"column":null}},"40":{"start":{"line":112,"column":4},"end":{"line":119,"column":null}},"41":{"start":{"line":113,"column":22},"end":{"line":113,"column":null}},"42":{"start":{"line":114,"column":8},"end":{"line":118,"column":null}},"43":{"start":{"line":115,"column":12},"end":{"line":115,"column":null}},"44":{"start":{"line":117,"column":12},"end":{"line":117,"column":null}},"45":{"start":{"line":122,"column":23},"end":{"line":122,"column":null}},"46":{"start":{"line":123,"column":4},"end":{"line":126,"column":null}},"47":{"start":{"line":124,"column":19},"end":{"line":124,"column":null}},"48":{"start":{"line":125,"column":8},"end":{"line":125,"column":null}},"49":{"start":{"line":142,"column":9},"end":{"line":142,"column":null}},"50":{"start":{"line":145,"column":29},"end":{"line":154,"column":null}},"51":{"start":{"line":156,"column":4},"end":{"line":156,"column":null}},"52":{"start":{"line":158,"column":4},"end":{"line":189,"column":null}},"53":{"start":{"line":159,"column":29},"end":{"line":159,"column":null}},"54":{"start":{"line":160,"column":27},"end":{"line":160,"column":null}},"55":{"start":{"line":163,"column":8},"end":{"line":188,"column":null}},"56":{"start":{"line":164,"column":12},"end":{"line":164,"column":null}},"57":{"start":{"line":166,"column":12},"end":{"line":171,"column":null}},"58":{"start":{"line":174,"column":12},"end":{"line":174,"column":null}},"59":{"start":{"line":177,"column":27},"end":{"line":177,"column":null}},"60":{"start":{"line":178,"column":12},"end":{"line":187,"column":null}},"61":{"start":{"line":179,"column":29},"end":{"line":179,"column":null}},"62":{"start":{"line":180,"column":16},"end":{"line":186,"column":null}},"63":{"start":{"line":181,"column":39},"end":{"line":181,"column":null}},"64":{"start":{"line":182,"column":20},"end":{"line":185,"column":null}},"65":{"start":{"line":183,"column":24},"end":{"line":183,"column":null}},"66":{"start":{"line":184,"column":24},"end":{"line":184,"column":null}},"67":{"start":{"line":191,"column":4},"end":{"line":191,"column":null}},"68":{"start":{"line":194,"column":4},"end":{"line":216,"column":null}},"69":{"start":{"line":195,"column":8},"end":{"line":214,"column":null}},"70":{"start":{"line":196,"column":12},"end":{"line":200,"column":null}},"71":{"start":{"line":197,"column":16},"end":{"line":197,"column":null}},"72":{"start":{"line":199,"column":16},"end":{"line":199,"column":null}},"73":{"start":{"line":202,"column":12},"end":{"line":204,"column":null}},"74":{"start":{"line":203,"column":16},"end":{"line":203,"column":null}},"75":{"start":{"line":207,"column":27},"end":{"line":207,"column":null}},"76":{"start":{"line":208,"column":12},"end":{"line":213,"column":null}},"77":{"start":{"line":209,"column":29},"end":{"line":209,"column":null}},"78":{"start":{"line":210,"column":16},"end":{"line":212,"column":null}},"79":{"start":{"line":211,"column":20},"end":{"line":211,"column":null}},"80":{"start":{"line":215,"column":8},"end":{"line":215,"column":null}},"81":{"start":{"line":227,"column":140},"end":{"line":227,"column":null}},"82":{"start":{"line":228,"column":30},"end":{"line":228,"column":null}},"83":{"start":{"line":231,"column":26},"end":{"line":231,"column":null}},"84":{"start":{"line":233,"column":4},"end":{"line":271,"column":null}},"85":{"start":{"line":235,"column":42},"end":{"line":235,"column":null}},"86":{"start":{"line":237,"column":8},"end":{"line":270,"column":null}},"87":{"start":{"line":238,"column":12},"end":{"line":240,"column":null}},"88":{"start":{"line":239,"column":16},"end":{"line":239,"column":null}},"89":{"start":{"line":242,"column":29},"end":{"line":242,"column":null}},"90":{"start":{"line":243,"column":29},"end":{"line":247,"column":null}},"91":{"start":{"line":249,"column":12},"end":{"line":267,"column":null}},"92":{"start":{"line":250,"column":16},"end":{"line":250,"column":null}},"93":{"start":{"line":251,"column":16},"end":{"line":256,"column":null}},"94":{"start":{"line":259,"column":16},"end":{"line":259,"column":null}},"95":{"start":{"line":260,"column":16},"end":{"line":260,"column":null}},"96":{"start":{"line":261,"column":16},"end":{"line":261,"column":null}},"97":{"start":{"line":262,"column":16},"end":{"line":262,"column":null}},"98":{"start":{"line":263,"column":16},"end":{"line":263,"column":null}},"99":{"start":{"line":264,"column":16},"end":{"line":264,"column":null}},"100":{"start":{"line":265,"column":16},"end":{"line":265,"column":null}},"101":{"start":{"line":266,"column":16},"end":{"line":266,"column":null}},"102":{"start":{"line":269,"column":12},"end":{"line":269,"column":null}},"103":{"start":{"line":274,"column":30},"end":{"line":290,"column":null}},"104":{"start":{"line":292,"column":4},"end":{"line":323,"column":null}},"105":{"start":{"line":293,"column":8},"end":{"line":295,"column":null}},"106":{"start":{"line":294,"column":12},"end":{"line":294,"column":null}},"107":{"start":{"line":297,"column":25},"end":{"line":297,"column":null}},"108":{"start":{"line":298,"column":25},"end":{"line":302,"column":null}},"109":{"start":{"line":304,"column":8},"end":{"line":322,"column":null}},"110":{"start":{"line":305,"column":12},"end":{"line":305,"column":null}},"111":{"start":{"line":306,"column":12},"end":{"line":311,"column":null}},"112":{"start":{"line":314,"column":12},"end":{"line":314,"column":null}},"113":{"start":{"line":315,"column":12},"end":{"line":315,"column":null}},"114":{"start":{"line":316,"column":12},"end":{"line":316,"column":null}},"115":{"start":{"line":317,"column":12},"end":{"line":317,"column":null}},"116":{"start":{"line":318,"column":12},"end":{"line":318,"column":null}},"117":{"start":{"line":319,"column":12},"end":{"line":319,"column":null}},"118":{"start":{"line":320,"column":12},"end":{"line":320,"column":null}},"119":{"start":{"line":321,"column":12},"end":{"line":321,"column":null}},"120":{"start":{"line":325,"column":4},"end":{"line":325,"column":null}},"121":{"start":{"line":328,"column":4},"end":{"line":340,"column":null}},"122":{"start":{"line":329,"column":8},"end":{"line":338,"column":null}},"123":{"start":{"line":330,"column":12},"end":{"line":330,"column":null}},"124":{"start":{"line":331,"column":12},"end":{"line":331,"column":null}},"125":{"start":{"line":332,"column":12},"end":{"line":332,"column":null}},"126":{"start":{"line":333,"column":12},"end":{"line":333,"column":null}},"127":{"start":{"line":334,"column":12},"end":{"line":334,"column":null}},"128":{"start":{"line":335,"column":12},"end":{"line":335,"column":null}},"129":{"start":{"line":336,"column":12},"end":{"line":336,"column":null}},"130":{"start":{"line":337,"column":12},"end":{"line":337,"column":null}},"131":{"start":{"line":339,"column":8},"end":{"line":339,"column":null}}},"fnMap":{"0":{"name":"isInteractive","decl":{"start":{"line":4,"column":9},"end":{"line":4,"column":23}},"loc":{"start":{"line":4,"column":50},"end":{"line":28,"column":null}},"line":4},"1":{"name":"annotateInteractiveElements","decl":{"start":{"line":34,"column":16},"end":{"line":34,"column":44}},"loc":{"start":{"line":34,"column":83},"end":{"line":73,"column":null}},"line":34},"2":{"name":"(anonymous_2)","decl":{"start":{"line":42,"column":24},"end":{"line":42,"column":25}},"loc":{"start":{"line":42,"column":40},"end":{"line":53,"column":null}},"line":42},"3":{"name":"clearAnnotations","decl":{"start":{"line":78,"column":16},"end":{"line":78,"column":33}},"loc":{"start":{"line":78,"column":70},"end":{"line":83,"column":null}},"line":78},"4":{"name":"(anonymous_4)","decl":{"start":{"line":80,"column":21},"end":{"line":80,"column":22}},"loc":{"start":{"line":80,"column":29},"end":{"line":82,"column":5}},"line":80},"5":{"name":"clearVisualAnnotations","decl":{"start":{"line":88,"column":16},"end":{"line":88,"column":39}},"loc":{"start":{"line":88,"column":76},"end":{"line":91,"column":null}},"line":88},"6":{"name":"(anonymous_6)","decl":{"start":{"line":90,"column":20},"end":{"line":90,"column":21}},"loc":{"start":{"line":90,"column":32},"end":{"line":90,"column":47}},"line":90},"7":{"name":"syncStateToAttributes","decl":{"start":{"line":97,"column":16},"end":{"line":97,"column":38}},"loc":{"start":{"line":97,"column":75},"end":{"line":127,"column":null}},"line":97},"8":{"name":"(anonymous_8)","decl":{"start":{"line":100,"column":20},"end":{"line":100,"column":30}},"loc":{"start":{"line":100,"column":30},"end":{"line":108,"column":5}},"line":100},"9":{"name":"(anonymous_9)","decl":{"start":{"line":101,"column":43},"end":{"line":101,"column":53}},"loc":{"start":{"line":101,"column":53},"end":{"line":107,"column":9}},"line":101},"10":{"name":"(anonymous_10)","decl":{"start":{"line":112,"column":19},"end":{"line":112,"column":28}},"loc":{"start":{"line":112,"column":28},"end":{"line":119,"column":5}},"line":112},"11":{"name":"(anonymous_11)","decl":{"start":{"line":123,"column":23},"end":{"line":123,"column":32}},"loc":{"start":{"line":123,"column":32},"end":{"line":126,"column":5}},"line":123},"12":{"name":"temporarilyExpandDropdowns","decl":{"start":{"line":136,"column":16},"end":{"line":136,"column":57}},"loc":{"start":{"line":136,"column":57},"end":{"line":217,"column":null}},"line":136},"13":{"name":"(anonymous_13)","decl":{"start":{"line":158,"column":29},"end":{"line":158,"column":30}},"loc":{"start":{"line":158,"column":42},"end":{"line":189,"column":5}},"line":158},"14":{"name":"(anonymous_14)","decl":{"start":{"line":194,"column":11},"end":{"line":194,"column":17}},"loc":{"start":{"line":194,"column":17},"end":{"line":216,"column":null}},"line":194},"15":{"name":"(anonymous_15)","decl":{"start":{"line":195,"column":33},"end":{"line":195,"column":34}},"loc":{"start":{"line":195,"column":92},"end":{"line":214,"column":9}},"line":195},"16":{"name":"temporarilyShowHiddenElements","decl":{"start":{"line":226,"column":16},"end":{"line":226,"column":60}},"loc":{"start":{"line":226,"column":60},"end":{"line":341,"column":null}},"line":226},"17":{"name":"(anonymous_17)","decl":{"start":{"line":233,"column":26},"end":{"line":233,"column":27}},"loc":{"start":{"line":233,"column":40},"end":{"line":271,"column":5}},"line":233},"18":{"name":"(anonymous_18)","decl":{"start":{"line":292,"column":30},"end":{"line":292,"column":31}},"loc":{"start":{"line":292,"column":43},"end":{"line":323,"column":5}},"line":292},"19":{"name":"(anonymous_19)","decl":{"start":{"line":328,"column":11},"end":{"line":328,"column":17}},"loc":{"start":{"line":328,"column":17},"end":{"line":340,"column":null}},"line":328},"20":{"name":"(anonymous_20)","decl":{"start":{"line":329,"column":33},"end":{"line":329,"column":34}},"loc":{"start":{"line":329,"column":104},"end":{"line":338,"column":9}},"line":329}},"branchMap":{"0":{"loc":{"start":{"line":8,"column":4},"end":{"line":10,"column":null}},"type":"if","locations":[{"start":{"line":8,"column":4},"end":{"line":10,"column":null}},{"start":{},"end":{}}],"line":8},"1":{"loc":{"start":{"line":14,"column":4},"end":{"line":16,"column":null}},"type":"if","locations":[{"start":{"line":14,"column":4},"end":{"line":16,"column":null}},{"start":{},"end":{}}],"line":14},"2":{"loc":{"start":{"line":14,"column":8},"end":{"line":14,"column":111}},"type":"binary-expr","locations":[{"start":{"line":14,"column":8},"end":{"line":14,"column":16}},{"start":{"line":14,"column":16},"end":{"line":14,"column":111}}],"line":14},"3":{"loc":{"start":{"line":19,"column":4},"end":{"line":24,"column":null}},"type":"if","locations":[{"start":{"line":19,"column":4},"end":{"line":24,"column":null}},{"start":{},"end":{}}],"line":19},"4":{"loc":{"start":{"line":20,"column":34},"end":{"line":20,"column":76}},"type":"binary-expr","locations":[{"start":{"line":20,"column":34},"end":{"line":20,"column":70}},{"start":{"line":20,"column":70},"end":{"line":20,"column":76}}],"line":20},"5":{"loc":{"start":{"line":21,"column":8},"end":{"line":23,"column":null}},"type":"if","locations":[{"start":{"line":21,"column":8},"end":{"line":23,"column":null}},{"start":{},"end":{}}],"line":21},"6":{"loc":{"start":{"line":34,"column":44},"end":{"line":34,"column":83}},"type":"default-arg","locations":[{"start":{"line":34,"column":60},"end":{"line":34,"column":83}}],"line":34},"7":{"loc":{"start":{"line":43,"column":16},"end":{"line":51,"column":null}},"type":"if","locations":[{"start":{"line":43,"column":16},"end":{"line":51,"column":null}},{"start":{},"end":{}}],"line":43},"8":{"loc":{"start":{"line":45,"column":20},"end":{"line":47,"column":null}},"type":"if","locations":[{"start":{"line":45,"column":20},"end":{"line":47,"column":null}},{"start":{},"end":{}}],"line":45},"9":{"loc":{"start":{"line":48,"column":20},"end":{"line":50,"column":null}},"type":"if","locations":[{"start":{"line":48,"column":20},"end":{"line":50,"column":null}},{"start":{},"end":{}}],"line":48},"10":{"loc":{"start":{"line":59,"column":8},"end":{"line":68,"column":null}},"type":"if","locations":[{"start":{"line":59,"column":8},"end":{"line":68,"column":null}},{"start":{},"end":{}}],"line":59},"11":{"loc":{"start":{"line":78,"column":33},"end":{"line":78,"column":70}},"type":"default-arg","locations":[{"start":{"line":78,"column":49},"end":{"line":78,"column":70}}],"line":78},"12":{"loc":{"start":{"line":88,"column":39},"end":{"line":88,"column":76}},"type":"default-arg","locations":[{"start":{"line":88,"column":55},"end":{"line":88,"column":76}}],"line":88},"13":{"loc":{"start":{"line":97,"column":38},"end":{"line":97,"column":75}},"type":"default-arg","locations":[{"start":{"line":97,"column":54},"end":{"line":97,"column":75}}],"line":97},"14":{"loc":{"start":{"line":102,"column":12},"end":{"line":106,"column":null}},"type":"if","locations":[{"start":{"line":102,"column":12},"end":{"line":106,"column":null}},{"start":{"line":104,"column":19},"end":{"line":106,"column":null}}],"line":102},"15":{"loc":{"start":{"line":114,"column":8},"end":{"line":118,"column":null}},"type":"if","locations":[{"start":{"line":114,"column":8},"end":{"line":118,"column":null}},{"start":{"line":116,"column":15},"end":{"line":118,"column":null}}],"line":114},"16":{"loc":{"start":{"line":163,"column":8},"end":{"line":188,"column":null}},"type":"if","locations":[{"start":{"line":163,"column":8},"end":{"line":188,"column":null}},{"start":{},"end":{}}],"line":163},"17":{"loc":{"start":{"line":163,"column":12},"end":{"line":163,"column":63}},"type":"binary-expr","locations":[{"start":{"line":163,"column":12},"end":{"line":163,"column":40}},{"start":{"line":163,"column":40},"end":{"line":163,"column":63}}],"line":163},"18":{"loc":{"start":{"line":178,"column":12},"end":{"line":187,"column":null}},"type":"if","locations":[{"start":{"line":178,"column":12},"end":{"line":187,"column":null}},{"start":{},"end":{}}],"line":178},"19":{"loc":{"start":{"line":180,"column":16},"end":{"line":186,"column":null}},"type":"if","locations":[{"start":{"line":180,"column":16},"end":{"line":186,"column":null}},{"start":{},"end":{}}],"line":180},"20":{"loc":{"start":{"line":182,"column":20},"end":{"line":185,"column":null}},"type":"if","locations":[{"start":{"line":182,"column":20},"end":{"line":185,"column":null}},{"start":{},"end":{}}],"line":182},"21":{"loc":{"start":{"line":196,"column":12},"end":{"line":200,"column":null}},"type":"if","locations":[{"start":{"line":196,"column":12},"end":{"line":200,"column":null}},{"start":{"line":198,"column":19},"end":{"line":200,"column":null}}],"line":196},"22":{"loc":{"start":{"line":202,"column":12},"end":{"line":204,"column":null}},"type":"if","locations":[{"start":{"line":202,"column":12},"end":{"line":204,"column":null}},{"start":{},"end":{}}],"line":202},"23":{"loc":{"start":{"line":208,"column":12},"end":{"line":213,"column":null}},"type":"if","locations":[{"start":{"line":208,"column":12},"end":{"line":213,"column":null}},{"start":{},"end":{}}],"line":208},"24":{"loc":{"start":{"line":210,"column":16},"end":{"line":212,"column":null}},"type":"if","locations":[{"start":{"line":210,"column":16},"end":{"line":212,"column":null}},{"start":{},"end":{}}],"line":210},"25":{"loc":{"start":{"line":238,"column":12},"end":{"line":240,"column":null}},"type":"if","locations":[{"start":{"line":238,"column":12},"end":{"line":240,"column":null}},{"start":{},"end":{}}],"line":238},"26":{"loc":{"start":{"line":243,"column":29},"end":{"line":247,"column":null}},"type":"binary-expr","locations":[{"start":{"line":243,"column":29},"end":{"line":243,"column":null}},{"start":{"line":244,"column":16},"end":{"line":244,"column":null}},{"start":{"line":245,"column":16},"end":{"line":245,"column":null}},{"start":{"line":246,"column":16},"end":{"line":246,"column":null}},{"start":{"line":247,"column":16},"end":{"line":247,"column":null}}],"line":243},"27":{"loc":{"start":{"line":249,"column":12},"end":{"line":267,"column":null}},"type":"if","locations":[{"start":{"line":249,"column":12},"end":{"line":267,"column":null}},{"start":{},"end":{}}],"line":249},"28":{"loc":{"start":{"line":293,"column":8},"end":{"line":295,"column":null}},"type":"if","locations":[{"start":{"line":293,"column":8},"end":{"line":295,"column":null}},{"start":{},"end":{}}],"line":293},"29":{"loc":{"start":{"line":298,"column":25},"end":{"line":302,"column":null}},"type":"binary-expr","locations":[{"start":{"line":298,"column":25},"end":{"line":298,"column":null}},{"start":{"line":299,"column":12},"end":{"line":299,"column":null}},{"start":{"line":300,"column":12},"end":{"line":300,"column":null}},{"start":{"line":301,"column":12},"end":{"line":301,"column":null}},{"start":{"line":302,"column":12},"end":{"line":302,"column":null}}],"line":298},"30":{"loc":{"start":{"line":304,"column":8},"end":{"line":322,"column":null}},"type":"if","locations":[{"start":{"line":304,"column":8},"end":{"line":322,"column":null}},{"start":{},"end":{}}],"line":304}},"s":{"0":8,"1":8,"2":4,"3":4,"4":4,"5":1,"6":3,"7":1,"8":1,"9":1,"10":2,"11":2,"12":2,"13":9,"14":9,"15":1,"16":8,"17":6,"18":2,"19":2,"20":2,"21":6,"22":6,"23":6,"24":6,"25":6,"26":2,"27":1,"28":1,"29":2,"30":1,"31":1,"32":1,"33":10,"34":10,"35":7,"36":14,"37":7,"38":7,"39":10,"40":10,"41":4,"42":4,"43":3,"44":1,"45":10,"46":10,"47":8,"48":8,"49":2,"50":2,"51":2,"52":2,"53":2,"54":2,"55":2,"56":2,"57":2,"58":2,"59":2,"60":2,"61":1,"62":1,"63":1,"64":1,"65":1,"66":1,"67":2,"68":2,"69":2,"70":2,"71":1,"72":1,"73":2,"74":0,"75":2,"76":2,"77":1,"78":1,"79":1,"80":2,"81":3,"82":3,"83":3,"84":3,"85":3,"86":3,"87":12,"88":1,"89":11,"90":11,"91":12,"92":2,"93":2,"94":2,"95":2,"96":2,"97":2,"98":2,"99":2,"100":2,"101":2,"102":11,"103":3,"104":3,"105":3,"106":0,"107":3,"108":3,"109":3,"110":2,"111":2,"112":2,"113":2,"114":2,"115":2,"116":2,"117":2,"118":2,"119":2,"120":3,"121":3,"122":3,"123":4,"124":4,"125":4,"126":4,"127":4,"128":4,"129":4,"130":4,"131":3},"f":{"0":8,"1":2,"2":9,"3":1,"4":2,"5":1,"6":1,"7":10,"8":7,"9":14,"10":4,"11":8,"12":2,"13":2,"14":2,"15":2,"16":3,"17":3,"18":3,"19":3,"20":4},"b":{"0":[4,4],"1":[1,3],"2":[4,1],"3":[1,2],"4":[1,0],"5":[1,0],"6":[2],"7":[9,0],"8":[1,8],"9":[6,2],"10":[6,0],"11":[1],"12":[1],"13":[10],"14":[7,7],"15":[3,1],"16":[2,0],"17":[2,1],"18":[1,1],"19":[1,0],"20":[1,0],"21":[1,1],"22":[0,2],"23":[1,1],"24":[1,0],"25":[1,11],"26":[11,9,9,9,9],"27":[2,10],"28":[0,3],"29":[3,2,2,1,1],"30":[2,1]},"meta":{"lastBranch":31,"lastFunction":21,"lastStatement":132,"seen":{"f:4:9:4:23":0,"s:5:20:5:Infinity":0,"b:8:4:10:Infinity:undefined:undefined:undefined:undefined":0,"s:8:4:10:Infinity":1,"s:9:8:9:Infinity":2,"s:13:17:13:Infinity":3,"b:14:4:16:Infinity:undefined:undefined:undefined:undefined":1,"s:14:4:16:Infinity":4,"b:14:8:14:16:14:16:14:111":2,"s:15:8:15:Infinity":5,"b:19:4:24:Infinity:undefined:undefined:undefined:undefined":3,"s:19:4:24:Infinity":6,"s:20:25:20:Infinity":7,"b:20:34:20:70:20:70:20:76":4,"b:21:8:23:Infinity:undefined:undefined:undefined:undefined":5,"s:21:8:23:Infinity":8,"s:22:12:22:Infinity":9,"s:27:4:27:Infinity":10,"f:34:16:34:44":1,"b:34:60:34:83":6,"s:35:18:35:Infinity":11,"s:38:19:55:Infinity":12,"f:42:24:42:25":2,"b:43:16:51:Infinity:undefined:undefined:undefined:undefined":7,"s:43:16:51:Infinity":13,"b:45:20:47:Infinity:undefined:undefined:undefined:undefined":8,"s:45:20:47:Infinity":14,"s:46:24:46:Infinity":15,"b:48:20:50:Infinity:undefined:undefined:undefined:undefined":9,"s:48:20:50:Infinity":16,"s:49:24:49:Infinity":17,"s:52:16:52:Infinity":18,"s:57:22:57:Infinity":19,"s:58:4:70:Infinity":20,"b:59:8:68:Infinity:undefined:undefined:undefined:undefined":10,"s:59:8:68:Infinity":21,"s:60:23:60:Infinity":22,"s:61:12:61:Infinity":23,"s:67:12:67:Infinity":24,"s:69:8:69:Infinity":25,"s:72:4:72:Infinity":26,"f:78:16:78:33":3,"b:78:49:78:70":11,"s:79:21:79:Infinity":27,"s:80:4:82:Infinity":28,"f:80:21:80:22":4,"s:81:8:81:Infinity":29,"f:88:16:88:39":5,"b:88:55:88:76":12,"s:89:20:89:Infinity":30,"s:90:4:90:Infinity":31,"f:90:20:90:21":6,"s:90:32:90:47":32,"f:97:16:97:38":7,"b:97:54:97:75":13,"s:99:20:99:Infinity":33,"s:100:4:108:Infinity":34,"f:100:20:100:30":8,"s:101:8:107:Infinity":35,"f:101:43:101:53":9,"b:102:12:106:Infinity:104:19:106:Infinity":14,"s:102:12:106:Infinity":36,"s:103:16:103:Infinity":37,"s:105:16:105:Infinity":38,"s:111:19:111:Infinity":39,"s:112:4:119:Infinity":40,"f:112:19:112:28":10,"s:113:22:113:Infinity":41,"b:114:8:118:Infinity:116:15:118:Infinity":15,"s:114:8:118:Infinity":42,"s:115:12:115:Infinity":43,"s:117:12:117:Infinity":44,"s:122:23:122:Infinity":45,"s:123:4:126:Infinity":46,"f:123:23:123:32":11,"s:124:19:124:Infinity":47,"s:125:8:125:Infinity":48,"f:136:16:136:57":12,"s:142:9:142:Infinity":49,"s:145:29:154:Infinity":50,"s:156:4:156:Infinity":51,"s:158:4:189:Infinity":52,"f:158:29:158:30":13,"s:159:29:159:Infinity":53,"s:160:27:160:Infinity":54,"b:163:8:188:Infinity:undefined:undefined:undefined:undefined":16,"s:163:8:188:Infinity":55,"b:163:12:163:40:163:40:163:63":17,"s:164:12:164:Infinity":56,"s:166:12:171:Infinity":57,"s:174:12:174:Infinity":58,"s:177:27:177:Infinity":59,"b:178:12:187:Infinity:undefined:undefined:undefined:undefined":18,"s:178:12:187:Infinity":60,"s:179:29:179:Infinity":61,"b:180:16:186:Infinity:undefined:undefined:undefined:undefined":19,"s:180:16:186:Infinity":62,"s:181:39:181:Infinity":63,"b:182:20:185:Infinity:undefined:undefined:undefined:undefined":20,"s:182:20:185:Infinity":64,"s:183:24:183:Infinity":65,"s:184:24:184:Infinity":66,"s:191:4:191:Infinity":67,"s:194:4:216:Infinity":68,"f:194:11:194:17":14,"s:195:8:214:Infinity":69,"f:195:33:195:34":15,"b:196:12:200:Infinity:198:19:200:Infinity":21,"s:196:12:200:Infinity":70,"s:197:16:197:Infinity":71,"s:199:16:199:Infinity":72,"b:202:12:204:Infinity:undefined:undefined:undefined:undefined":22,"s:202:12:204:Infinity":73,"s:203:16:203:Infinity":74,"s:207:27:207:Infinity":75,"b:208:12:213:Infinity:undefined:undefined:undefined:undefined":23,"s:208:12:213:Infinity":76,"s:209:29:209:Infinity":77,"b:210:16:212:Infinity:undefined:undefined:undefined:undefined":24,"s:210:16:212:Infinity":78,"s:211:20:211:Infinity":79,"s:215:8:215:Infinity":80,"f:226:16:226:60":16,"s:227:140:227:Infinity":81,"s:228:30:228:Infinity":82,"s:231:26:231:Infinity":83,"s:233:4:271:Infinity":84,"f:233:26:233:27":17,"s:235:42:235:Infinity":85,"s:237:8:270:Infinity":86,"b:238:12:240:Infinity:undefined:undefined:undefined:undefined":25,"s:238:12:240:Infinity":87,"s:239:16:239:Infinity":88,"s:242:29:242:Infinity":89,"s:243:29:247:Infinity":90,"b:243:29:243:Infinity:244:16:244:Infinity:245:16:245:Infinity:246:16:246:Infinity:247:16:247:Infinity":26,"b:249:12:267:Infinity:undefined:undefined:undefined:undefined":27,"s:249:12:267:Infinity":91,"s:250:16:250:Infinity":92,"s:251:16:256:Infinity":93,"s:259:16:259:Infinity":94,"s:260:16:260:Infinity":95,"s:261:16:261:Infinity":96,"s:262:16:262:Infinity":97,"s:263:16:263:Infinity":98,"s:264:16:264:Infinity":99,"s:265:16:265:Infinity":100,"s:266:16:266:Infinity":101,"s:269:12:269:Infinity":102,"s:274:30:290:Infinity":103,"s:292:4:323:Infinity":104,"f:292:30:292:31":18,"b:293:8:295:Infinity:undefined:undefined:undefined:undefined":28,"s:293:8:295:Infinity":105,"s:294:12:294:Infinity":106,"s:297:25:297:Infinity":107,"s:298:25:302:Infinity":108,"b:298:25:298:Infinity:299:12:299:Infinity:300:12:300:Infinity:301:12:301:Infinity:302:12:302:Infinity":29,"b:304:8:322:Infinity:undefined:undefined:undefined:undefined":30,"s:304:8:322:Infinity":109,"s:305:12:305:Infinity":110,"s:306:12:311:Infinity":111,"s:314:12:314:Infinity":112,"s:315:12:315:Infinity":113,"s:316:12:316:Infinity":114,"s:317:12:317:Infinity":115,"s:318:12:318:Infinity":116,"s:319:12:319:Infinity":117,"s:320:12:320:Infinity":118,"s:321:12:321:Infinity":119,"s:325:4:325:Infinity":120,"s:328:4:340:Infinity":121,"f:328:11:328:17":19,"s:329:8:338:Infinity":122,"f:329:33:329:34":20,"s:330:12:330:Infinity":123,"s:331:12:331:Infinity":124,"s:332:12:332:Infinity":125,"s:333:12:333:Infinity":126,"s:334:12:334:Infinity":127,"s:335:12:335:Infinity":128,"s:336:12:336:Infinity":129,"s:337:12:337:Infinity":130,"s:339:8:339:Infinity":131}}}
,"/Users/mengtian/Codes/page-sense/src/utils/cleanCapture.ts": {"path":"/Users/mengtian/Codes/page-sense/src/utils/cleanCapture.ts","statementMap":{"0":{"start":{"line":9,"column":37},"end":{"line":29,"column":null}},"1":{"start":{"line":10,"column":20},"end":{"line":10,"column":null}},"2":{"start":{"line":13,"column":24},"end":{"line":13,"column":null}},"3":{"start":{"line":14,"column":4},"end":{"line":17,"column":null}},"4":{"start":{"line":15,"column":8},"end":{"line":15,"column":null}},"5":{"start":{"line":16,"column":8},"end":{"line":16,"column":null}},"6":{"start":{"line":20,"column":25},"end":{"line":20,"column":null}},"7":{"start":{"line":21,"column":4},"end":{"line":26,"column":null}},"8":{"start":{"line":22,"column":8},"end":{"line":25,"column":null}},"9":{"start":{"line":23,"column":12},"end":{"line":23,"column":null}},"10":{"start":{"line":24,"column":12},"end":{"line":24,"column":null}},"11":{"start":{"line":28,"column":4},"end":{"line":28,"column":null}},"12":{"start":{"line":34,"column":38},"end":{"line":38,"column":null}},"13":{"start":{"line":35,"column":4},"end":{"line":37,"column":null}},"14":{"start":{"line":36,"column":8},"end":{"line":36,"column":null}}},"fnMap":{"0":{"name":"(anonymous_0)","decl":{"start":{"line":9,"column":37},"end":{"line":9,"column":65}},"loc":{"start":{"line":9,"column":65},"end":{"line":29,"column":null}},"line":9},"1":{"name":"(anonymous_1)","decl":{"start":{"line":21,"column":25},"end":{"line":21,"column":26}},"loc":{"start":{"line":21,"column":43},"end":{"line":26,"column":5}},"line":21},"2":{"name":"(anonymous_2)","decl":{"start":{"line":34,"column":38},"end":{"line":34,"column":39}},"loc":{"start":{"line":34,"column":79},"end":{"line":38,"column":null}},"line":34},"3":{"name":"(anonymous_3)","decl":{"start":{"line":35,"column":20},"end":{"line":35,"column":21}},"loc":{"start":{"line":35,"column":33},"end":{"line":37,"column":5}},"line":35}},"branchMap":{"0":{"loc":{"start":{"line":14,"column":4},"end":{"line":17,"column":null}},"type":"if","locations":[{"start":{"line":14,"column":4},"end":{"line":17,"column":null}},{"start":{},"end":{}}],"line":14},"1":{"loc":{"start":{"line":14,"column":8},"end":{"line":14,"column":47}},"type":"binary-expr","locations":[{"start":{"line":14,"column":8},"end":{"line":14,"column":23}},{"start":{"line":14,"column":23},"end":{"line":14,"column":47}}],"line":14},"2":{"loc":{"start":{"line":22,"column":8},"end":{"line":25,"column":null}},"type":"if","locations":[{"start":{"line":22,"column":8},"end":{"line":25,"column":null}},{"start":{},"end":{}}],"line":22}},"s":{"0":1,"1":2,"2":2,"3":2,"4":1,"5":1,"6":2,"7":2,"8":2,"9":2,"10":2,"11":2,"12":1,"13":1,"14":3},"f":{"0":2,"1":2,"2":1,"3":3},"b":{"0":[1,1],"1":[2,1],"2":[2,0]},"meta":{"lastBranch":3,"lastFunction":4,"lastStatement":15,"seen":{"s:9:37:29:Infinity":0,"f:9:37:9:65":0,"s:10:20:10:Infinity":1,"s:13:24:13:Infinity":2,"b:14:4:17:Infinity:undefined:undefined:undefined:undefined":0,"s:14:4:17:Infinity":3,"b:14:8:14:23:14:23:14:47":1,"s:15:8:15:Infinity":4,"s:16:8:16:Infinity":5,"s:20:25:20:Infinity":6,"s:21:4:26:Infinity":7,"f:21:25:21:26":1,"b:22:8:25:Infinity:undefined:undefined:undefined:undefined":2,"s:22:8:25:Infinity":8,"s:23:12:23:Infinity":9,"s:24:12:24:Infinity":10,"s:28:4:28:Infinity":11,"s:34:38:38:Infinity":12,"f:34:38:34:39":2,"s:35:4:37:Infinity":13,"f:35:20:35:21":3,"s:36:8:36:Infinity":14}}}
,"/Users/mengtian/Codes/page-sense/src/utils/dom-to-semantic-markdown/index.ts": {"path":"/Users/mengtian/Codes/page-sense/src/utils/dom-to-semantic-markdown/index.ts","statementMap":{"0":{"start":{"line":17,"column":19},"end":{"line":17,"column":null}},"1":{"start":{"line":18,"column":4},"end":{"line":20,"column":null}},"2":{"start":{"line":19,"column":8},"end":{"line":19,"column":null}},"3":{"start":{"line":22,"column":16},"end":{"line":22,"column":null}},"4":{"start":{"line":25,"column":4},"end":{"line":42,"column":null}},"5":{"start":{"line":26,"column":8},"end":{"line":26,"column":null}},"6":{"start":{"line":27,"column":8},"end":{"line":33,"column":null}},"7":{"start":{"line":29,"column":12},"end":{"line":32,"column":null}},"8":{"start":{"line":36,"column":8},"end":{"line":40,"column":null}},"9":{"start":{"line":37,"column":12},"end":{"line":37,"column":null}},"10":{"start":{"line":39,"column":12},"end":{"line":39,"column":null}},"11":{"start":{"line":44,"column":4},"end":{"line":44,"column":null}},"12":{"start":{"line":54,"column":8},"end":{"line":54,"column":null}},"13":{"start":{"line":56,"column":4},"end":{"line":58,"column":null}},"14":{"start":{"line":57,"column":8},"end":{"line":57,"column":null}},"15":{"start":{"line":59,"column":4},"end":{"line":59,"column":null}},"16":{"start":{"line":69,"column":4},"end":{"line":69,"column":null}},"17":{"start":{"line":79,"column":4},"end":{"line":79,"column":null}}},"fnMap":{"0":{"name":"convertHtmlToMarkdown","decl":{"start":{"line":16,"column":16},"end":{"line":16,"column":38}},"loc":{"start":{"line":16,"column":89},"end":{"line":45,"column":null}},"line":16},"1":{"name":"convertElementToMarkdown","decl":{"start":{"line":53,"column":16},"end":{"line":53,"column":41}},"loc":{"start":{"line":53,"column":96},"end":{"line":60,"column":null}},"line":53},"2":{"name":"findInMarkdownAST","decl":{"start":{"line":68,"column":16},"end":{"line":68,"column":34}},"loc":{"start":{"line":68,"column":168},"end":{"line":70,"column":null}},"line":68},"3":{"name":"findAllInMarkdownAST","decl":{"start":{"line":78,"column":16},"end":{"line":78,"column":37}},"loc":{"start":{"line":78,"column":161},"end":{"line":80,"column":null}},"line":78}},"branchMap":{"0":{"loc":{"start":{"line":17,"column":19},"end":{"line":17,"column":null}},"type":"binary-expr","locations":[{"start":{"line":17,"column":19},"end":{"line":17,"column":50}},{"start":{"line":17,"column":50},"end":{"line":17,"column":null}}],"line":17},"1":{"loc":{"start":{"line":17,"column":50},"end":{"line":17,"column":null}},"type":"cond-expr","locations":[{"start":{"line":17,"column":85},"end":{"line":17,"column":103}},{"start":{"line":17,"column":103},"end":{"line":17,"column":null}}],"line":17},"2":{"loc":{"start":{"line":18,"column":4},"end":{"line":20,"column":null}},"type":"if","locations":[{"start":{"line":18,"column":4},"end":{"line":20,"column":null}},{"start":{},"end":{}}],"line":18},"3":{"loc":{"start":{"line":25,"column":4},"end":{"line":42,"column":null}},"type":"if","locations":[{"start":{"line":25,"column":4},"end":{"line":42,"column":null}},{"start":{"line":34,"column":11},"end":{"line":42,"column":null}}],"line":25},"4":{"loc":{"start":{"line":27,"column":8},"end":{"line":33,"column":null}},"type":"if","locations":[{"start":{"line":27,"column":8},"end":{"line":33,"column":null}},{"start":{},"end":{}}],"line":27},"5":{"loc":{"start":{"line":27,"column":12},"end":{"line":27,"column":113}},"type":"binary-expr","locations":[{"start":{"line":27,"column":12},"end":{"line":27,"column":39}},{"start":{"line":27,"column":39},"end":{"line":27,"column":81}},{"start":{"line":27,"column":81},"end":{"line":27,"column":113}}],"line":27},"6":{"loc":{"start":{"line":36,"column":8},"end":{"line":40,"column":null}},"type":"if","locations":[{"start":{"line":36,"column":8},"end":{"line":40,"column":null}},{"start":{"line":38,"column":15},"end":{"line":40,"column":null}}],"line":36},"7":{"loc":{"start":{"line":36,"column":12},"end":{"line":36,"column":80}},"type":"binary-expr","locations":[{"start":{"line":36,"column":12},"end":{"line":36,"column":40}},{"start":{"line":36,"column":40},"end":{"line":36,"column":80}}],"line":36},"8":{"loc":{"start":{"line":39,"column":22},"end":{"line":39,"column":null}},"type":"binary-expr","locations":[{"start":{"line":39,"column":22},"end":{"line":39,"column":34}},{"start":{"line":39,"column":34},"end":{"line":39,"column":null}}],"line":39},"9":{"loc":{"start":{"line":56,"column":4},"end":{"line":58,"column":null}},"type":"if","locations":[{"start":{"line":56,"column":4},"end":{"line":58,"column":null}},{"start":{},"end":{}}],"line":56}},"s":{"0":7,"1":7,"2":0,"3":7,"4":7,"5":2,"6":2,"7":1,"8":5,"9":1,"10":4,"11":7,"12":9,"13":9,"14":1,"15":9,"16":7,"17":1},"f":{"0":7,"1":9,"2":7,"3":1},"b":{"0":[7,6],"1":[6,0],"2":[0,7],"3":[2,5],"4":[1,1],"5":[2,1,1],"6":[1,4],"7":[5,1],"8":[4,0],"9":[1,8]},"meta":{"lastBranch":10,"lastFunction":4,"lastStatement":18,"seen":{"f:16:16:16:38":0,"s:17:19:17:Infinity":0,"b:17:19:17:50:17:50:17:Infinity":0,"b:17:85:17:103:17:103:17:Infinity":1,"b:18:4:20:Infinity:undefined:undefined:undefined:undefined":2,"s:18:4:20:Infinity":1,"s:19:8:19:Infinity":2,"s:22:16:22:Infinity":3,"b:25:4:42:Infinity:34:11:42:Infinity":3,"s:25:4:42:Infinity":4,"s:26:8:26:Infinity":5,"b:27:8:33:Infinity:undefined:undefined:undefined:undefined":4,"s:27:8:33:Infinity":6,"b:27:12:27:39:27:39:27:81:27:81:27:113":5,"s:29:12:32:Infinity":7,"b:36:8:40:Infinity:38:15:40:Infinity":6,"s:36:8:40:Infinity":8,"b:36:12:36:40:36:40:36:80":7,"s:37:12:37:Infinity":9,"s:39:12:39:Infinity":10,"b:39:22:39:34:39:34:39:Infinity":8,"s:44:4:44:Infinity":11,"f:53:16:53:41":1,"s:54:8:54:Infinity":12,"b:56:4:58:Infinity:undefined:undefined:undefined:undefined":9,"s:56:4:58:Infinity":13,"s:57:8:57:Infinity":14,"s:59:4:59:Infinity":15,"f:68:16:68:34":2,"s:69:4:69:Infinity":16,"f:78:16:78:37":3,"s:79:4:79:Infinity":17}}}
,"/Users/mengtian/Codes/page-sense/src/utils/dom-to-semantic-markdown/core/ElementNode.ts": {"path":"/Users/mengtian/Codes/page-sense/src/utils/dom-to-semantic-markdown/core/ElementNode.ts","statementMap":{"0":{"start":{"line":2,"column":21},"end":{"line":34,"column":null}}},"fnMap":{},"branchMap":{},"s":{"0":5},"f":{},"b":{},"meta":{"lastBranch":0,"lastFunction":0,"lastStatement":1,"seen":{"s:2:21:34:Infinity":0}}}
,"/Users/mengtian/Codes/page-sense/src/utils/dom-to-semantic-markdown/core/astUtils.ts": {"path":"/Users/mengtian/Codes/page-sense/src/utils/dom-to-semantic-markdown/core/astUtils.ts","statementMap":{"0":{"start":{"line":3,"column":30},"end":{"line":13,"column":null}},"1":{"start":{"line":4,"column":4},"end":{"line":12,"column":null}},"2":{"start":{"line":5,"column":22},"end":{"line":5,"column":null}},"3":{"start":{"line":6,"column":22},"end":{"line":6,"column":null}},"4":{"start":{"line":7,"column":8},"end":{"line":7,"column":null}},"5":{"start":{"line":9,"column":36},"end":{"line":9,"column":null}},"6":{"start":{"line":11,"column":8},"end":{"line":11,"column":null}},"7":{"start":{"line":15,"column":21},"end":{"line":16,"column":null}},"8":{"start":{"line":16,"column":4},"end":{"line":16,"column":null}},"9":{"start":{"line":16,"column":38},"end":{"line":16,"column":null}},"10":{"start":{"line":18,"column":17},"end":{"line":18,"column":null}},"11":{"start":{"line":18,"column":42},"end":{"line":18,"column":null}},"12":{"start":{"line":21,"column":22},"end":{"line":29,"column":null}},"13":{"start":{"line":22,"column":8},"end":{"line":27,"column":null}},"14":{"start":{"line":23,"column":26},"end":{"line":23,"column":null}},"15":{"start":{"line":24,"column":12},"end":{"line":26,"column":null}},"16":{"start":{"line":25,"column":16},"end":{"line":25,"column":null}},"17":{"start":{"line":28,"column":8},"end":{"line":28,"column":null}},"18":{"start":{"line":30,"column":4},"end":{"line":55,"column":null}},"19":{"start":{"line":31,"column":8},"end":{"line":31,"column":null}},"20":{"start":{"line":33,"column":8},"end":{"line":35,"column":null}},"21":{"start":{"line":34,"column":12},"end":{"line":34,"column":null}},"22":{"start":{"line":36,"column":8},"end":{"line":52,"column":null}},"23":{"start":{"line":38,"column":16},"end":{"line":38,"column":null}},"24":{"start":{"line":40,"column":16},"end":{"line":42,"column":null}},"25":{"start":{"line":41,"column":30},"end":{"line":41,"column":39}},"26":{"start":{"line":44,"column":16},"end":{"line":48,"column":null}},"27":{"start":{"line":45,"column":32},"end":{"line":46,"column":48}},"28":{"start":{"line":45,"column":51},"end":{"line":45,"column":60}},"29":{"start":{"line":51,"column":16},"end":{"line":51,"column":null}},"30":{"start":{"line":54,"column":8},"end":{"line":54,"column":null}},"31":{"start":{"line":59,"column":22},"end":{"line":66,"column":null}},"32":{"start":{"line":60,"column":41},"end":{"line":60,"column":null}},"33":{"start":{"line":61,"column":8},"end":{"line":64,"column":null}},"34":{"start":{"line":62,"column":26},"end":{"line":62,"column":null}},"35":{"start":{"line":63,"column":12},"end":{"line":63,"column":null}},"36":{"start":{"line":65,"column":8},"end":{"line":65,"column":null}},"37":{"start":{"line":67,"column":4},"end":{"line":92,"column":null}},"38":{"start":{"line":68,"column":8},"end":{"line":68,"column":null}},"39":{"start":{"line":70,"column":8},"end":{"line":72,"column":null}},"40":{"start":{"line":71,"column":12},"end":{"line":71,"column":null}},"41":{"start":{"line":73,"column":8},"end":{"line":89,"column":null}},"42":{"start":{"line":75,"column":16},"end":{"line":75,"column":null}},"43":{"start":{"line":77,"column":16},"end":{"line":79,"column":null}},"44":{"start":{"line":78,"column":30},"end":{"line":78,"column":39}},"45":{"start":{"line":81,"column":16},"end":{"line":85,"column":null}},"46":{"start":{"line":82,"column":32},"end":{"line":83,"column":48}},"47":{"start":{"line":82,"column":51},"end":{"line":82,"column":60}},"48":{"start":{"line":88,"column":16},"end":{"line":88,"column":null}},"49":{"start":{"line":91,"column":8},"end":{"line":91,"column":null}}},"fnMap":{"0":{"name":"(anonymous_0)","decl":{"start":{"line":3,"column":30},"end":{"line":3,"column":31}},"loc":{"start":{"line":3,"column":55},"end":{"line":13,"column":null}},"line":3},"1":{"name":"(anonymous_1)","decl":{"start":{"line":15,"column":21},"end":{"line":15,"column":28}},"loc":{"start":{"line":16,"column":4},"end":{"line":16,"column":null}},"line":16},"2":{"name":"(anonymous_2)","decl":{"start":{"line":16,"column":4},"end":{"line":16,"column":5}},"loc":{"start":{"line":16,"column":38},"end":{"line":16,"column":null}},"line":16},"3":{"name":"(anonymous_3)","decl":{"start":{"line":18,"column":17},"end":{"line":18,"column":18}},"loc":{"start":{"line":18,"column":42},"end":{"line":18,"column":null}},"line":18},"4":{"name":"findInAST","decl":{"start":{"line":20,"column":16},"end":{"line":20,"column":26}},"loc":{"start":{"line":20,"column":181},"end":{"line":56,"column":null}},"line":20},"5":{"name":"(anonymous_5)","decl":{"start":{"line":21,"column":22},"end":{"line":21,"column":23}},"loc":{"start":{"line":21,"column":85},"end":{"line":29,"column":null}},"line":21},"6":{"name":"(anonymous_6)","decl":{"start":{"line":41,"column":25},"end":{"line":41,"column":30}},"loc":{"start":{"line":41,"column":30},"end":{"line":41,"column":39}},"line":41},"7":{"name":"(anonymous_7)","decl":{"start":{"line":45,"column":25},"end":{"line":45,"column":32}},"loc":{"start":{"line":45,"column":32},"end":{"line":46,"column":48}},"line":45},"8":{"name":"(anonymous_8)","decl":{"start":{"line":45,"column":46},"end":{"line":45,"column":51}},"loc":{"start":{"line":45,"column":51},"end":{"line":45,"column":60}},"line":45},"9":{"name":"findAllInAST","decl":{"start":{"line":58,"column":16},"end":{"line":58,"column":29}},"loc":{"start":{"line":58,"column":174},"end":{"line":93,"column":null}},"line":58},"10":{"name":"(anonymous_10)","decl":{"start":{"line":59,"column":22},"end":{"line":59,"column":23}},"loc":{"start":{"line":59,"column":75},"end":{"line":66,"column":null}},"line":59},"11":{"name":"(anonymous_11)","decl":{"start":{"line":78,"column":25},"end":{"line":78,"column":30}},"loc":{"start":{"line":78,"column":30},"end":{"line":78,"column":39}},"line":78},"12":{"name":"(anonymou
[...]
4":13,"s:142:28:142:Infinity":58,"s:143:30:143:Infinity":59,"s:144:8:144:Infinity":60,"f:146:11:146:12":14,"s:147:26:147:Infinity":61,"s:148:24:148:Infinity":62,"s:149:24:149:Infinity":63,"b:149:40:149:67:149:67:149:Infinity":24,"s:150:8:150:Infinity":64,"f:152:10:152:11":15,"s:153:25:153:Infinity":65,"s:154:25:154:Infinity":66,"s:155:27:155:Infinity":67,"s:157:8:162:Infinity":68,"b:157:9:157:27:157:27:157:31":25,"f:157:39:157:40":16,"b:158:12:158:Infinity:undefined:undefined:undefined:undefined":26,"s:158:12:158:Infinity":69,"b:158:16:158:25:158:25:158:40":27,"s:158:40:158:Infinity":70,"s:159:35:159:Infinity":71,"b:159:54:159:68:159:68:159:Infinity":28,"s:160:38:160:Infinity":72,"s:161:12:161:Infinity":73,"s:163:8:163:Infinity":74,"f:165:11:165:12":17,"s:166:26:166:Infinity":75,"s:167:26:167:Infinity":76,"s:168:25:168:Infinity":77,"b:168:41:168:68:168:68:168:Infinity":29,"s:169:8:169:Infinity":78,"b:170:8:173:Infinity:undefined:undefined:undefined:undefined":30,"s:170:8:173:Infinity":79,"s:171:30:171:Infinity":80,"b:171:69:171:99:171:99:171:Infinity":31,"s:172:12:172:Infinity":81,"b:174:8:176:Infinity:undefined:undefined:undefined:undefined":32,"s:174:8:176:Infinity":82,"s:175:12:175:Infinity":83,"s:177:8:177:Infinity":84,"f:179:11:179:12":18,"s:180:26:180:Infinity":85,"s:181:21:181:Infinity":86,"b:181:21:181:39:181:39:181:Infinity":33,"b:182:8:182:Infinity:undefined:undefined:undefined:undefined":34,"s:182:8:182:Infinity":87,"s:182:31:182:Infinity":88,"s:184:27:186:Infinity":89,"f:184:51:184:Infinity":19,"s:184:51:185:Infinity":90,"b:185:13:185:26:185:26:185:30":35,"f:185:37:185:38":20,"s:185:52:185:91":91,"b:185:70:185:87:185:87:185:88":36,"b:188:8:188:Infinity:undefined:undefined:undefined:undefined":37,"s:188:8:188:Infinity":92,"s:188:30:188:Infinity":93,"s:190:26:190:Infinity":94,"s:191:8:219:Infinity":95,"f:191:21:191:22":21,"b:192:12:192:Infinity:undefined:undefined:undefined:undefined":38,"s:192:12:192:Infinity":96,"b:192:16:192:24:192:24:192:36":39,"s:192:36:192:Infinity":97,"s:193:32:193:Infinity":98,"s:194:28:194:Infinity":99,"s:195:12:211:Infinity":100,"f:195:30:195:31":22,"b:196:16:196:Infinity:undefined:undefined:undefined:undefined":40,"s:196:16:196:Infinity":101,"s:196:27:196:Infinity":102,"s:197:34:197:Infinity":103,"s:198:16:198:Infinity":104,"b:200:16:200:Infinity:undefined:undefined:undefined:undefined":41,"s:200:16:200:Infinity":105,"s:200:32:200:Infinity":106,"s:201:32:201:Infinity":107,"b:201:44:201:60:201:60:201:61":42,"s:202:32:202:Infinity":108,"b:202:44:202:60:202:60:202:61":43,"b:203:16:203:Infinity:undefined:undefined:undefined:undefined":44,"s:203:16:203:Infinity":109,"s:203:33:203:Infinity":110,"b:204:16:204:Infinity:undefined:undefined:undefined:undefined":45,"s:204:16:204:Infinity":111,"s:204:33:204:Infinity":112,"s:206:16:206:Infinity":113,"s:207:16:207:Infinity":114,"s:208:16:210:Infinity":115,"s:208:29:208:32":116,"s:209:20:209:Infinity":117,"s:213:12:216:Infinity":118,"s:214:16:214:Infinity":119,"s:215:16:215:Infinity":120,"s:217:12:217:Infinity":121,"s:220:8:220:Infinity":122,"f:222:10:222:11":23,"s:223:25:223:Infinity":123,"s:224:28:224:Infinity":124,"b:224:28:224:48:224:48:224:Infinity":46,"b:225:8:229:Infinity:227:15:229:Infinity":47,"s:225:8:229:Infinity":125,"s:226:12:226:Infinity":126,"s:228:12:228:Infinity":127,"b:228:28:228:49:228:49:228:51":48,"f:231:16:231:17":24,"s:232:29:232:Infinity":128,"s:233:35:237:Infinity":129,"f:236:17:236:25":25,"s:236:25:236:43":130,"b:239:8:241:Infinity:undefined:undefined:undefined:undefined":49,"s:239:8:241:Infinity":131,"b:239:12:239:45:239:45:239:73":50,"s:240:12:240:Infinity":132,"s:242:8:242:Infinity":133,"f:244:18:244:19":26,"s:245:25:245:Infinity":134,"s:246:30:246:Infinity":135,"b:248:12:249:Infinity:250:12:251:Infinity:252:12:252:Infinity:253:12:253:Infinity:254:12:254:Infinity:255:12:255:Infinity:256:12:256:Infinity:257:12:257:Infinity:258:12:258:Infinity:259:12:259:Infinity:260:12:260:Infinity:261:12:261:Infinity:262:12:263:Infinity:264:12:266:Infinity":51,"s:247:8:267:Infinity":136,"s:249:16:249:Infinity":137,"s:251:16:251:Infinity":138,"s:263:16:263:Infinity":139,"s:266:16:266:Infinity":140,"f:269:11:269:12":27,"s:270:26:270:Infinity":141,"s:271:17:271:Infinity":142,"b:272:8:272:Infinity:undefined:undefined:undefined:undefined":52,"s:272:8:272:Infinity":143,"s:272:33:272:Infinity":144,"b:273:8:273:Infinity:undefined:undefined:undefined:undefined":53,"s:273:8:273:Infinity":145,"s:273:31:273:Infinity":146,"s:274:8:274:Infinity":147,"b:276:8:276:Infinity:undefined:undefined:undefined:undefined":54,"s:276:8:276:Infinity":148,"s:276:35:276:Infinity":149,"b:277:8:277:Infinity:undefined:undefined:undefined:undefined":55,"s:277:8:277:Infinity":150,"s:277:29:277:Infinity":151,"b:278:8:278:Infinity:undefined:undefined:undefined:undefined":56,"s:278:8:278:Infinity":152,"s:278:45:278:Infinity":153,"b:278:71:278:78:278:78:278:Infinity":57,"b:279:8:279:Infinity:undefined:undefined:undefined:undefined":58,"s:279:8:279:Infinity":154,"s:279:32:279:Infinity":155,"s:280:8:280:Infinity":156,"f:282:12:282:13":28,"s:283:27:283:Infinity":157,"s:284:17:284:Infinity":158,"b:285:8:285:Infinity:undefined:undefined:undefined:undefined":59,"s:285:8:285:Infinity":159,"s:285:32:285:Infinity":160,"s:286:8:286:Infinity":161,"b:288:8:288:Infinity:undefined:undefined:undefined:undefined":60,"s:288:8:288:Infinity":162,"s:288:30:288:Infinity":163,"b:289:8:292:Infinity:undefined:undefined:undefined:undefined":61,"s:289:8:292:Infinity":164,"b:289:12:289:34:289:34:289:65":62,"s:290:25:290:Infinity":165,"f:290:48:290:53":29,"s:290:53:290:61":166,"s:291:12:291:Infinity":167,"b:293:8:293:Infinity:undefined:undefined:undefined:undefined":63,"s:293:8:293:Infinity":168,"s:293:33:293:Infinity":169,"s:294:8:294:Infinity":170,"f:296:12:296:13":30,"s:297:27:297:Infinity":171,"s:298:17:298:Infinity":172,"b:299:8:299:Infinity:undefined:undefined:undefined:undefined":64,"s:299:8:299:Infinity":173,"s:299:32:299:Infinity":174,"b:301:8:302:Infinity:301:52:302:Infinity":65,"s:301:8:302:Infinity":175,"s:301:46:301:Infinity":176,"b:301:52:302:Infinity:undefined:undefined:undefined:undefined":66,"s:301:52:302:Infinity":177,"s:302:52:302:Infinity":178,"b:304:8:304:Infinity:undefined:undefined:undefined:undefined":67,"s:304:8:304:Infinity":179,"s:304:46:304:Infinity":180,"b:305:8:305:Infinity:undefined:undefined:undefined:undefined":68,"s:305:8:305:Infinity":181,"s:305:45:305:Infinity":182,"s:307:8:307:Infinity":183,"s:309:30:309:Infinity":184,"s:310:31:310:Infinity":185,"b:311:8:311:Infinity:undefined:undefined:undefined:undefined":69,"s:311:8:311:Infinity":186,"s:311:28:311:Infinity":187,"b:313:8:313:Infinity:undefined:undefined:undefined:undefined":70,"s:313:8:313:Infinity":188,"s:313:33:313:Infinity":189,"s:314:8:314:Infinity":190,"s:320:26:320:Infinity":191,"s:321:25:321:Infinity":192,"f:323:9:323:Infinity":31,"b:326:26:326:Infinity":71,"s:328:25:328:Infinity":193,"s:330:51:334:Infinity":194,"f:330:51:330:52":32,"b:330:79:330:88":72,"b:330:102:330:118":73,"b:331:8:331:Infinity:undefined:undefined:undefined:undefined":74,"s:331:8:331:Infinity":195,"s:331:44:331:Infinity":196,"b:332:8:332:Infinity:undefined:undefined:undefined:undefined":75,"s:332:8:332:Infinity":197,"b:332:12:332:27:332:27:332:52":76,"s:332:52:332:Infinity":198,"s:333:8:333:Infinity":199,"s:336:4:417:Infinity":200,"f:336:18:336:19":33,"b:337:8:337:Infinity:undefined:undefined:undefined:undefined":77,"s:337:8:337:Infinity":201,"s:337:34:337:Infinity":202,"s:339:38:339:Infinity":203,"b:340:8:343:Infinity:undefined:undefined:undefined:undefined":78,"s:340:8:343:Infinity":204,"s:341:12:341:Infinity":205,"s:342:12:342:Infinity":206,"b:347:8:354:Infinity:349:8:354:Infinity":79,"s:347:8:354:Infinity":207,"s:348:12:348:Infinity":208,"b:349:8:354:Infinity:351:15:354:Infinity":80,"s:349:8:354:Infinity":209,"b:349:19:349:45:349:45:349:72":81,"s:350:12:350:Infinity":210,"s:352:12:352:Infinity":211,"s:353:12:353:Infinity":212,"b:356:8:358:Infinity:undefined:undefined:undefined:undefined":82,"s:356:8:358:Infinity":213,"b:356:12:356:48:356:48:356:77":83,"s:357:12:357:Infinity":214,"s:361:36:361:Infinity":215,"b:361:36:361:72:361:72:361:Infinity":84,"b:361:74:361:98:361:98:361:Infinity":85,"s:362:35:362:Infinity":216,"b:362:35:362:70:362:70:362:Infinity":86,"b:362:72:362:97:362:97:362:Infinity":87,"b:364:8:416:Infinity:389:8:416:Infinity":88,"s:364:8:416:Infinity":217,"s:365:44:365:Infinity":218,"b:366:12:384:Infinity:undefined:undefined:undefined:undefined":89,"s:366:12:384:Infinity":219,"b:366:16:366:45:366:45:366:76":90,"s:367:45:367:Infinity":220,"s:368:55:368:Infinity":221,"s:370:42:370:Infinity":222,"s:371:47:371:Infinity":223,"s:374:61:374:Infinity":224,"s:376:51:376:Infinity":225,"b:378:16:383:Infinity:undefined:undefined:undefined:undefined":91,"s:378:16:383:Infinity":226,"b:378:20:378:Infinity:379:20:379:Infinity:380:20:380:Infinity:381:20:381:49":92,"s:382:20:382:Infinity":227,"b:385:12:387:Infinity:undefined:undefined:undefined:undefined":93,"s:385:12:387:Infinity":228,"s:386:16:386:Infinity":229,"s:388:12:388:Infinity":230,"b:389:8:416:Infinity:undefined:undefined:undefined:undefined":94,"s:389:8:416:Infinity":231,"b:390:12:392:Infinity:undefined:undefined:undefined:undefined":95,"s:390:12:392:Infinity":232,"b:390:16:390:45:390:45:390:77":96,"s:391:16:391:Infinity":233,"b:393:12:395:Infinity:undefined:undefined:undefined:undefined":97,"s:393:12:395:Infinity":234,"b:393:16:393:49:393:49:393:78:393:78:393:114:393:114:393:152":98,"b:394:16:394:Infinity:undefined:undefined:undefined:undefined":99,"s:394:16:394:Infinity":235,"s:394:52:394:Infinity":236,"s:397:12:397:Infinity":237,"b:399:12:414:Infinity:undefined:undefined:undefined:undefined":100,"s:399:12:414:Infinity":238,"b:399:16:399:49:399:49:399:75":101,"s:400:33:400:Infinity":239,"s:401:40:401:Infinity":240,"b:401:40:401:79:401:79:401:Infinity":102,"b:401:81:401:110:401:110:401:Infinity":103,"b:403:16:413:Infinity:411:16:413:Infinity":104,"s:403:16:413:Infinity":241,"b:403:20:403:40:403:40:403:68:403:68:403:89":105,"b:404:20:410:Infinity:undefined:undefined:undefined:undefined":106,"s:404:20:410:Infinity":242,"b:405:24:409:Infinity:407:31:409:Infinity":107,"s:405:24:409:Infinity":243,"s:406:28:406:Infinity":244,"s:408:28:408:Infinity":245,"b:411:16:413:Infinity:undefined:undefined:undefined:undefined":108,"s:411:16:413:Infinity":246,"s:412:20:412:Infinity":247,"s:419:4:419:Infinity":248,"f:424:16:424:36":34,"b:424:117:424:128":109,"b:425:4:428:Infinity:undefined:undefined:undefined:undefined":110,"s:425:4:428:Infinity":249,"s:426:8:426:Infinity":250,"s:427:8:427:Infinity":251,"s:430:23:430:Infinity":252,"s:431:26:431:Infinity":253,"b:432:4:434:Infinity:undefined:undefined:undefined:undefined":111,"s:432:4:434:Infinity":254,"b:432:8:432:23:432:23:432:39":112,"s:433:8:433:Infinity":255,"b:435:4:439:Infinity:437:11:439:Infinity":113,"s:435:4:439:Infinity":256,"s:436:8:436:Infinity":257,"s:438:8:438:Infinity":258}}}
,"/Users/mengtian/Codes/page-sense/src/utils/dom-to-semantic-markdown/core/urlUtils.ts": {"path":"/Users/mengtian/Codes/page-sense/src/utils/dom-to-semantic-markdown/core/urlUtils.ts","statementMap":{"0":{"start":{"line":3,"column":22},"end":{"line":8,"column":null}},"1":{"start":{"line":9,"column":21},"end":{"line":14,"column":null}},"2":{"start":{"line":10,"column":4},"end":{"line":12,"column":null}},"3":{"start":{"line":11,"column":8},"end":{"line":11,"column":null}},"4":{"start":{"line":13,"column":4},"end":{"line":13,"column":null}},"5":{"start":{"line":15,"column":19},"end":{"line":35,"column":null}},"6":{"start":{"line":16,"column":4},"end":{"line":33,"column":null}},"7":{"start":{"line":17,"column":8},"end":{"line":17,"column":null}},"8":{"start":{"line":19,"column":28},"end":{"line":19,"column":null}},"9":{"start":{"line":20,"column":8},"end":{"line":31,"column":null}},"10":{"start":{"line":21,"column":26},"end":{"line":21,"column":null}},"11":{"start":{"line":22,"column":27},"end":{"line":22,"column":null}},"12":{"start":{"line":23,"column":30},"end":{"line":23,"column":null}},"13":{"start":{"line":24,"column":12},"end":{"line":24,"column":null}},"14":{"start":{"line":26,"column":12},"end":{"line":30,"column":null}},"15":{"start":{"line":27,"column":16},"end":{"line":27,"column":null}},"16":{"start":{"line":29,"column":16},"end":{"line":29,"column":null}},"17":{"start":{"line":38,"column":4},"end":{"line":65,"column":null}},"18":{"start":{"line":39,"column":8},"end":{"line":39,"column":null}},"19":{"start":{"line":39,"column":43},"end":{"line":39,"column":78}},"20":{"start":{"line":41,"column":8},"end":{"line":64,"column":null}},"21":{"start":{"line":43,"column":16},"end":{"line":43,"column":null}},"22":{"start":{"line":44,"column":16},"end":{"line":44,"column":null}},"23":{"start":{"line":45,"column":16},"end":{"line":45,"column":null}},"24":{"start":{"line":48,"column":16},"end":{"line":48,"column":null}},"25":{"start":{"line":49,"column":16},"end":{"line":49,"column":null}},"26":{"start":{"line":51,"column":16},"end":{"line":51,"column":null}},"27":{"start":{"line":51,"column":54},"end":{"line":51,"column":110}},"28":{"start":{"line":51,"column":80},"end":{"line":51,"column":109}},"29":{"start":{"line":52,"column":16},"end":{"line":52,"column":null}},"30":{"start":{"line":54,"column":16},"end":{"line":58,"column":null}},"31":{"start":{"line":55,"column":20},"end":{"line":57,"column":null}},"32":{"start":{"line":56,"column":24},"end":{"line":56,"column":null}},"33":{"start":{"line":59,"column":16},"end":{"line":59,"column":null}},"34":{"start":{"line":62,"column":16},"end":{"line":62,"column":null}},"35":{"start":{"line":63,"column":16},"end":{"line":63,"column":null}},"36":{"start":{"line":66,"column":4},"end":{"line":66,"column":null}}},"fnMap":{"0":{"name":"(anonymous_0)","decl":{"start":{"line":9,"column":21},"end":{"line":9,"column":22}},"loc":{"start":{"line":9,"column":89},"end":{"line":14,"column":null}},"line":9},"1":{"name":"(anonymous_1)","decl":{"start":{"line":15,"column":19},"end":{"line":15,"column":20}},"loc":{"start":{"line":15,"column":76},"end":{"line":35,"column":null}},"line":15},"2":{"name":"refifyUrls","decl":{"start":{"line":37,"column":16},"end":{"line":37,"column":27}},"loc":{"start":{"line":37,"column":134},"end":{"line":67,"column":null}},"line":37},"3":{"name":"(anonymous_3)","decl":{"start":{"line":39,"column":32},"end":{"line":39,"column":43}},"loc":{"start":{"line":39,"column":43},"end":{"line":39,"column":78}},"line":39},"4":{"name":"(anonymous_4)","decl":{"start":{"line":51,"column":46},"end":{"line":51,"column":54}},"loc":{"start":{"line":51,"column":54},"end":{"line":51,"column":110}},"line":51},"5":{"name":"(anonymous_5)","decl":{"start":{"line":51,"column":75},"end":{"line":51,"column":80}},"loc":{"start":{"line":51,"column":80},"end":{"line":51,"column":109}},"line":51},"6":{"name":"(anonymous_6)","decl":{"start":{"line":54,"column":45},"end":{"line":54,"column":null}},"loc":{"start":{"line":55,"column":20},"end":{"line":57,"column":null}},"line":55},"7":{"name":"(anonymous_7)","decl":{"start":{"line":55,"column":38},"end":{"line":55,"column":null}},"loc":{"start":{"line":56,"column":24},"end":{"line":56,"column":null}},"line":56}},"branchMap":{"0":{"loc":{"start":{"line":10,"column":4},"end":{"line":12,"column":null}},"type":"if","locations":[{"start":{"line":10,"column":4},"end":{"line":12,"column":null}},{"start":{},"end":{}}],"line":10},"1":{"loc":{"start":{"line":16,"column":4},"end":{"line":33,"column":null}},"type":"if","locations":[{"start":{"line":16,"column":4},"end":{"line":33,"column":null}},{"start":{"line":18,"column":11},"end":{"line":33,"column":null}}],"line":16},"2":{"loc":{"start":{"line":20,"column":8},"end":{"line":31,"column":null}},"type":"if","locations":[{"start":{"line":20,"column":8},"end":{"line":31,"column":null}},{"start":{"line":25,"column":15},"end":{"line":31,"column":null}}],"line":20},"3":{"loc":{"start":{"line":20,"column":12},"end":{"line":20,"column":64}},"type":"binary-expr","locations":[{"start":{"line":20,"column":12},"end":{"line":20,"column":27}},{"start":{"line":20,"column":27},"end":{"line":20,"column":64}}],"line":20},"4":{"loc":{"start":{"line":26,"column":12},"end":{"line":30,"column":null}},"type":"if","locations":[{"start":{"line":26,"column":12},"end":{"line":30,"column":null}},{"start":{"line":28,"column":19},"end":{"line":30,"column":null}}],"line":26},"5":{"loc":{"start":{"line":37,"column":89},"end":{"line":37,"column":134}},"type":"default-arg","locations":[{"start":{"line":37,"column":130},"end":{"line":37,"column":134}}],"line":37},"6":{"loc":{"start":{"line":38,"column":4},"end":{"line":65,"column":null}},"type":"if","locations":[{"start":{"line":38,"column":4},"end":{"line":65,"column":null}},{"start":{"line":40,"column":11},"end":{"line":65,"column":null}}],"line":38},"7":{"loc":{"start":{"line":41,"column":8},"end":{"line":64,"column":null}},"type":"switch","locations":[{"start":{"line":42,"column":12},"end":{"line":45,"column":null}},{"start":{"line":46,"column":12},"end":{"line":46,"column":null}},{"start":{"line":47,"column":12},"end":{"line":49,"column":null}},{"start":{"line":50,"column":12},"end":{"line":52,"column":null}},{"start":{"line":53,"column":12},"end":{"line":59,"column":null}},{"start":{"line":60,"column":12},"end":{"line":60,"column":null}},{"start":{"line":61,"column":12},"end":{"line":63,"column":null}}],"line":41},"8":{"loc":{"start":{"line":56,"column":24},"end":{"line":56,"column":null}},"type":"cond-expr","locations":[{"start":{"line":56,"column":59},"end":{"line":56,"column":66}},{"start":{"line":56,"column":66},"end":{"line":56,"column":null}}],"line":56}},"s":{"0":5,"1":5,"2":7,"3":5,"4":7,"5":5,"6":9,"7":1,"8":8,"9":8,"10":6,"11":6,"12":6,"13":6,"14":2,"15":1,"16":1,"17":20,"18":8,"19":6,"20":12,"21":3,"22":3,"23":3,"24":6,"25":6,"26":1,"27":1,"28":2,"29":1,"30":1,"31":1,"32":1,"33":1,"34":1,"35":1,"36":20},"f":{"0":7,"1":9,"2":20,"3":6,"4":1,"5":2,"6":1,"7":1},"b":{"0":[5,2],"1":[1,8],"2":[6,2],"3":[8,8],"4":[1,1],"5":[20],"6":[8,12],"7":[3,5,6,1,1,1,1],"8":[0,1]},"meta":{"lastBranch":9,"lastFunction":8,"lastStatement":37,"seen":{"s:3:22:8:Infinity":0,"s:9:21:14:Infinity":1,"f:9:21:9:22":0,"b:10:4:12:Infinity:undefined:undefined:undefined:undefined":0,"s:10:4:12:Infinity":2,"s:11:8:11:Infinity":3,"s:13:4:13:Infinity":4,"s:15:19:35:Infinity":5,"f:15:19:15:20":1,"b:16:4:33:Infinity:18:11:33:Infinity":1,"s:16:4:33:Infinity":6,"s:17:8:17:Infinity":7,"s:19:28:19:Infinity":8,"b:20:8:31:Infinity:25:15:31:Infinity":2,"s:20:8:31:Infinity":9,"b:20:12:20:27:20:27:20:64":3,"s:21:26:21:Infinity":10,"s:22:27:22:Infinity":11,"s:23:30:23:Infinity":12,"s:24:12:24:Infinity":13,"b:26:12:30:Infinity:28:19:30:Infinity":4,"s:26:12:30:Infinity":14,"s:27:16:27:Infinity":15,"s:29:16:29:Infinity":16,"f:37:16:37:27":2,"b:37:130:37:134":5,"b:38:4:65:Infinity:40:11:65:Infinity":6,"s:38:4:65:Infinity":17,"s:39:8:39:Infinity":18,"f:39:32:39:43":3,"s:39:43:39:78":19,"b:42:12:45:Infinity:46:12:46:Infinity:47:12:49:Infinity:50:12:52:Infinity:53:12:59:Infinity:60:12:60:Infinity:61:12:63:Infinity":7,"s:41:8:64:Infinity":20,"s:43:16:43:Infinity":21,"s:44:16:44:Infinity":22,"s:45:16:45:Infinity":23,"s:48:16:48:Infinity":24,"s:49:16:49:Infinity":25,"s:51:16:51:Infinity":26,"f:51:46:51:54":4,"s:51:54:51:110":27,"f:51:75:51:80":5,"s:51:80:51:109":28,"s:52:16:52:Infinity":29,"s:54:16:58:Infinity":30,"f:54:45:54:Infinity":6,"s:55:20:57:Infinity":31,"f:55:38:55:Infinity":7,"s:56:24:56:Infinity":32,"b:56:59:56:66:56:66:56:Infinity":8,"s:59:16:59:Infinity":33,"s:62:16:62:Infinity":34,"s:63:16:63:Infinity":35,"s:66:4:66:Infinity":36}}}
,"/Users/mengtian/Codes/page-sense/src/utils/dom-to-semantic-markdown/types/markdownTypes.ts": {"path":"/Users/mengtian/Codes/page-sense/src/utils/dom-to-semantic-markdown/types/markdownTypes.ts","statementMap":{},"fnMap":{},"branchMap":{},"s":{},"f":{},"b":{},"meta":{"lastBranch":0,"lastFunction":0,"lastStatement":0,"seen":{}}}
}
