{"/Users/mengtian/Codes/page-sense/src/tracker/TrackerProvider.tsx": {"path":"/Users/mengtian/Codes/page-sense/src/tracker/TrackerProvider.tsx","statementMap":{"0":{"start":{"line":35,"column":13},"end":{"line":35,"column":null}},"1":{"start":{"line":37,"column":23},"end":{"line":65,"column":null}},"2":{"start":{"line":38,"column":4},"end":{"line":38,"column":null}},"3":{"start":{"line":38,"column":18},"end":{"line":38,"column":null}},"4":{"start":{"line":39,"column":27},"end":{"line":39,"column":null}},"5":{"start":{"line":40,"column":34},"end":{"line":40,"column":null}},"6":{"start":{"line":42,"column":4},"end":{"line":63,"column":null}},"7":{"start":{"line":43,"column":23},"end":{"line":43,"column":null}},"8":{"start":{"line":44,"column":8},"end":{"line":60,"column":null}},"9":{"start":{"line":45,"column":12},"end":{"line":45,"column":null}},"10":{"start":{"line":46,"column":12},"end":{"line":46,"column":null}},"11":{"start":{"line":47,"column":12},"end":{"line":47,"column":null}},"12":{"start":{"line":49,"column":26},"end":{"line":49,"column":null}},"13":{"start":{"line":50,"column":24},"end":{"line":50,"column":null}},"14":{"start":{"line":51,"column":12},"end":{"line":56,"column":null}},"15":{"start":{"line":52,"column":16},"end":{"line":54,"column":null}},"16":{"start":{"line":53,"column":20},"end":{"line":53,"column":null}},"17":{"start":{"line":55,"column":16},"end":{"line":55,"column":null}},"18":{"start":{"line":57,"column":12},"end":{"line":59,"column":null}},"19":{"start":{"line":58,"column":16},"end":{"line":58,"column":null}},"20":{"start":{"line":61,"column":8},"end":{"line":61,"column":null}},"21":{"start":{"line":62,"column":8},"end":{"line":62,"column":null}},"22":{"start":{"line":64,"column":4},"end":{"line":64,"column":null}},"23":{"start":{"line":67,"column":28},"end":{"line":76,"column":null}},"24":{"start":{"line":68,"column":4},"end":{"line":68,"column":null}},"25":{"start":{"line":68,"column":18},"end":{"line":68,"column":null}},"26":{"start":{"line":70,"column":24},"end":{"line":70,"column":null}},"27":{"start":{"line":71,"column":4},"end":{"line":75,"column":null}},"28":{"start":{"line":84,"column":5},"end":{"line":355,"column":null}},"29":{"start":{"line":85,"column":28},"end":{"line":85,"column":null}},"30":{"start":{"line":86,"column":32},"end":{"line":86,"column":null}},"31":{"start":{"line":87,"column":32},"end":{"line":87,"column":null}},"32":{"start":{"line":90,"column":4},"end":{"line":108,"column":null}},"33":{"start":{"line":91,"column":8},"end":{"line":107,"column":null}},"34":{"start":{"line":92,"column":31},"end":{"line":92,"column":null}},"35":{"start":{"line":93,"column":33},"end":{"line":93,"column":null}},"36":{"start":{"line":95,"column":12},"end":{"line":101,"column":null}},"37":{"start":{"line":96,"column":16},"end":{"line":96,"column":null}},"38":{"start":{"line":97,"column":16},"end":{"line":97,"column":null}},"39":{"start":{"line":98,"column":16},"end":{"line":98,"column":null}},"40":{"start":{"line":100,"column":16},"end":{"line":100,"column":null}},"41":{"start":{"line":103,"column":12},"end":{"line":103,"column":null}},"42":{"start":{"line":106,"column":12},"end":{"line":106,"column":null}},"43":{"start":{"line":110,"column":10},"end":{"line":120,"column":null}},"44":{"start":{"line":111,"column":8},"end":{"line":119,"column":null}},"45":{"start":{"line":112,"column":47},"end":{"line":116,"column":null}},"46":{"start":{"line":117,"column":28},"end":{"line":117,"column":null}},"47":{"start":{"line":118,"column":12},"end":{"line":118,"column":null}},"48":{"start":{"line":122,"column":10},"end":{"line":268,"column":null}},"49":{"start":{"line":124,"column":38},"end":{"line":124,"column":null}},"50":{"start":{"line":125,"column":23},"end":{"line":125,"column":null}},"51":{"start":{"line":126,"column":28},"end":{"line":126,"column":null}},"52":{"start":{"line":128,"column":8},"end":{"line":143,"column":null}},"53":{"start":{"line":129,"column":12},"end":{"line":129,"column":null}},"54":{"start":{"line":131,"column":12},"end":{"line":142,"column":null}},"55":{"start":{"line":132,"column":16},"end":{"line":141,"column":null}},"56":{"start":{"line":134,"column":34},"end":{"line":134,"column":null}},"57":{"start":{"line":135,"column":20},"end":{"line":135,"column":null}},"58":{"start":{"line":136,"column":20},"end":{"line":136,"column":null}},"59":{"start":{"line":136,"column":43},"end":{"line":136,"column":63}},"60":{"start":{"line":137,"column":20},"end":{"line":137,"column":null}},"61":{"start":{"line":139,"column":20},"end":{"line":139,"column":null}},"62":{"start":{"line":140,"column":20},"end":{"line":140,"column":null}},"63":{"start":{"line":145,"column":8},"end":{"line":147,"column":null}},"64":{"start":{"line":146,"column":12},"end":{"line":146,"column":null}},"65":{"start":{"line":150,"column":8},"end":{"line":150,"column":null}},"66":{"start":{"line":153,"column":8},"end":{"line":153,"column":null}},"67":{"start":{"line":153,"column":31},"end":{"line":153,"column":48}},"68":{"start":{"line":154,"column":21},"end":{"line":154,"column":null}},"69":{"start":{"line":155,"column":26},"end":{"line":155,"column":null}},"70":{"start":{"line":156,"column":8},"end":{"line":156,"column":null}},"71":{"start":{"line":157,"column":8},"end":{"line":157,"column":null}},"72":{"start":{"line":158,"column":8},"end":{"line":158,"column":null}},"73":{"start":{"line":159,"column":8},"end":{"line":159,"column":null}},"74":{"start":{"line":160,"column":8},"end":{"line":160,"column":null}},"75":{"start":{"line":161,"column":8},"end":{"line":161,"column":null}},"76":{"start":{"line":162,"column":8},"end":{"line":162,"column":null}},"77":{"start":{"line":163,"column":8},"end":{"line":163,"column":null}},"78":{"start":{"line":164,"column":8},"end":{"line":164,"column":null}},"79":{"start":{"line":165,"column":8},"end":{"line":165,"column":null}},"80":{"start":{"line":166,"column":8},"end":{"line":166,"column":null}},"81":{"start":{"line":167,"column":8},"end":{"line":167,"column":null}},"82":{"start":{"line":169,"column":8},"end":{"line":169,"column":null}},"83":{"start":{"line":172,"column":8},"end":{"line":172,"column":null}},"84":{"start":{"line":176,"column":8},"end":{"line":180,"column":null}},"85":{"start":{"line":177,"column":12},"end":{"line":179,"column":null}},"86":{"start":{"line":178,"column":16},"end":{"line":178,"column":null}},"87":{"start":{"line":183,"column":8},"end":{"line":257,"column":null}},"88":{"start":{"line":184,"column":13},"end":{"line":184,"column":null}},"89":{"start":{"line":185,"column":8},"end":{"line":257,"column":null}},"90":{"start":{"line":186,"column":33},"end":{"line":186,"column":null}},"91":{"start":{"line":191,"column":43},"end":{"line":194,"column":null}},"92":{"start":{"line":195,"column":46},"end":{"line":198,"column":null}},"93":{"start":{"line":200,"column":28},"end":{"line":200,"column":null}},"94":{"start":{"line":201,"column":12},"end":{"line":208,"column":null}},"95":{"start":{"line":202,"column":16},"end":{"line":202,"column":null}},"96":{"start":{"line":203,"column":12},"end":{"line":208,"column":null}},"97":{"start":{"line":204,"column":16},"end":{"line":204,"column":null}},"98":{"start":{"line":207,"column":16},"end":{"line":207,"column":null}},"99":{"start":{"line":211,"column":12},"end":{"line":211,"column":null}},"100":{"start":{"line":212,"column":12},"end":{"line":212,"column":null}},"101":{"start":{"line":213,"column":8},"end":{"line":257,"column":null}},"102":{"start":{"line":214,"column":34},"end":{"line":214,"column":null}},"103":{"start":{"line":217,"column":33},"end":{"line":219,"column":null}},"104":{"start":{"line":218,"column":16},"end":{"line":218,"column":null}},"105":{"start":{"line":222,"column":12},"end":{"line":227,"column":null}},"106":{"start":{"line":223,"column":35},"end":{"line":223,"column":null}},"107":{"start":{"line":224,"column":16},"end":{"line":226,"column":null}},"108":{"start":{"line":225,"column":20},"end":{"line":225,"column":null}},"109":{"start":{"line":229,"column":12},"end":{"line":256,"column":null}},"110":{"start":{"line":231,"column":16},"end":{"line":231,"column":null}},"111":{"start":{"line":234,"column":48},"end":{"line":237,"column":null}},"112":{"start":{"line":239,"column":16},"end":{"line":243,"column":null}},"113":{"start":{"line":240,"column":20},"end":{"line":240,"column":null}},"114":{"start":{"line":242,"column":20},"end":{"line":242,"column":null}},"115":{"start":{"line":245,"column":16},"end":{"line":245,"column":null}},"116":{"start":{"line":249,"column":35},"end":{"line":249,"column":null}},"117":{"start":{"line":250,"column":36},"end":{"line":250,"column":null}},"118":{"start":{"line":252,"column":16},"end":{"line":252,"column":null}},"119":{"start":{"line":253,"column":16},"end":{"line":253,"column":null}},"120":{"start":{"line":255,"column":16},"end":{"line":255,"column":null}},"121":{"start":{"line":260,"column":8},"end":{"line":260,"column":null}},"122":{"start":{"line":261,"column":8},"end":{"line":261,"column":null}},"123":{"start":{"line":262,"column":8},"end":{"line":266,"column":null}},"124":{"start":{"line":263,"column":12},"end":{"line":265,"column":null}},"125":{"start":{"line":264,"column":16},"end":{"line":264,"column":null}},"126":{"start":{"line":270,"column":4},"end":{"line":348,"column":null}},"127":{"start":{"line":271,"column":25},"end":{"line":271,"column":null}},"128":{"start":{"line":273,"column":28},"end":{"line":307,"column":null}},"129":{"start":{"line":274,"column":12},"end":{"line":274,"column":null}},"130":{"start":{"line":274,"column":26},"end":{"line":274,"column":null}},"131":{"start":{"line":275,"column":27},"end":{"line":275,"column":null}},"132":{"start":{"line":278,"column":12},"end":{"line":280,"column":null}},"133":{"start":{"line":279,"column":16},"end":{"line":279,"column":null}},"134":{"start":{"line":282,"column":27},"end":{"line":282,"column":null}},"135":{"start":{"line":283,"column":12},"end":{"line":296,"column":null}},"136":{"start":{"line":284,"column":16},"end":{"line":284,"column":null}},"137":{"start":{"line":289,"column":16},"end":{"line":289,"column":null}},"138":{"start":{"line":291,"column":16},"end":{"line":293,"column":null}},"139":{"start":{"line":292,"column":20},"end":{"line":292,"column":null}},"140":{"start":{"line":295,"column":16},"end":{"line":295,"column":null}},"141":{"start":{"line":298,"column":12},"end":{"line":306,"column":null}},"142":{"start":{"line":309,"column":29},"end":{"line":319,"column":null}},"143":{"start":{"line":310,"column":12},"end":{"line":310,"column":null}},"144":{"start":{"line":310,"column":26},"end":{"line":310,"column":null}},"145":{"start":{"line":311,"column":24},"end":{"line":311,"column":null}},"146":{"start":{"line":312,"column":12},"end":{"line":318,"column":null}},"147":{"start":{"line":313,"column":16},"end":{"line":313,"column":null}},"148":{"start":{"line":314,"column":16},"end":{"line":317,"column":null}},"149":{"start":{"line":321,"column":28},"end":{"line":337,"column":null}},"150":{"start":{"line":322,"column":12},"end":{"line":322,"column":null}},"151":{"start":{"line":322,"column":26},"end":{"line":322,"column":null}},"152":{"start":{"line":323,"column":27},"end":{"line":323,"column":null}},"153":{"start":{"line":326,"column":12},"end":{"line":328,"column":null}},"154":{"start":{"line":327,"column":16},"end":{"line":327,"column":null}},"155":{"start":{"line":330,"column":12},"end":{"line":336,"column":null}},"156":{"start":{"line":339,"column":8},"end":{"line":339,"column":null}},"157":{"start":{"line":340,"column":8},"end":{"line":340,"column":null}},"158":{"start":{"line":341,"column":8},"end":{"line":341,"column":null}},"159":{"start":{"line":343,"column":8},"end":{"line":347,"column":null}},"160":{"start":{"line":344,"column":12},"end":{"line":344,"column":null}},"161":{"start":{"line":345,"column":12},"end":{"line":345,"column":null}},"162":{"start":{"line":346,"column":12},"end":{"line":346,"column":null}},"163":{"start":{"line":350,"column":4},"end":{"line":353,"column":null}}},"fnMap":{"0":{"name":"(anonymous_0)","decl":{"start":{"line":37,"column":23},"end":{"line":37,"column":24}},"loc":{"start":{"line":37,"column":60},"end":{"line":65,"column":null}},"line":37},"1":{"name":"(anonymous_1)","decl":{"start":{"line":67,"column":28},"end":{"line":67,"column":29}},"loc":{"start":{"line":67,"column":57},"end":{"line":76,"column":null}},"line":67},"2":{"name":"(anonymous_2)","decl":{"start":{"line":84,"column":5},"end":{"line":84,"column":6}},"loc":{"start":{"line":84,"column":98},"end":{"line":355,"column":null}},"line":84},"3":{"name":"(anonymous_3)","decl":{"start":{"line":90,"column":14},"end":{"line":90,"column":20}},"loc":{"start":{"line":90,"column":20},"end":{"line":108,"column":7}},"line":90},"4":{"name":"(anonymous_4)","decl":{"start":{"line":110,"column":33},"end":{"line":110,"column":34}},"loc":{"start":{"line":110,"column":88},"end":{"line":120,"column":7}},"line":110},"5":{"name":"(anonymous_5)","decl":{"start":{"line":111,"column":18},"end":{"line":111,"column":19}},"loc":{"start":{"line":111,"column":28},"end":{"line":119,"column":9}},"line":111},"6":{"name":"(anonymous_6)","decl":{"start":{"line":122,"column":44},"end":{"line":122,"column":51}},"loc":{"start":{"line":122,"column":124},"end":{"line":268,"column":7}},"line":122},"7":{"name":"(anonymous_7)","decl":{"start":{"line":136,"column":38},"end":{"line":136,"column":43}},"loc":{"start":{"line":136,"column":43},"end":{"line":136,"column":63}},"line":136},"8":{"name":"(anonymous_8)","decl":{"start":{"line":153,"column":26},"end":{"line":153,"column":31}},"loc":{"start":{"line":153,"column":31},"end":{"line":153,"column":48}},"line":153},"9":{"name":"(anonymous_9)","decl":{"start":{"line":176,"column":26},"end":{"line":176,"column":31}},"loc":{"start":{"line":176,"column":31},"end":{"line":180,"column":9}},"line":176},"10":{"name":"(anonymous_10)","decl":{"start":{"line":177,"column":34},"end":{"line":177,"column":40}},"loc":{"start":{"line":177,"column":40},"end":{"line":179,"column":13}},"line":177},"11":{"name":"(anonymous_11)","decl":{"start":{"line":217,"column":72},"end":{"line":217,"column":null}},"loc":{"start":{"line":218,"column":16},"end":{"line":218,"column":null}},"line":218},"12":{"name":"(anonymous_12)","decl":{"start":{"line":224,"column":72},"end":{"line":224,"column":null}},"loc":{"start":{"line":225,"column":20},"end":{"line":225,"column":null}},"line":225},"13":{"name":"(anonymous_13)","decl":{"start":{"line":262,"column":19},"end":{"line":262,"column":25}},"loc":{"start":{"line":262,"column":25},"end":{"line":266,"column":11}},"line":262},"14":{"name":"(anonymous_14)","decl":{"start":{"line":270,"column":14},"end":{"line":270,"column":20}},"loc":{"start":{"line":270,"column":20},"end":{"line":348,"column":7}},"line":270},"15":{"name":"(anonymous_15)","decl":{"start":{"line":273,"column":28},"end":{"line":273,"column":29}},"loc":{"start":{"line":273,"column":47},"end":{"line":307,"column":null}},"line":273},"16":{"name":"(anonymous_16)","decl":{"start":{"line":309,"column":29},"end":{"line":309,"column":35}},"loc":{"start":{"line":309,"column":35},"end":{"line":319,"column":null}},"line":309},"17":{"name":"(anonymous_17)","decl":{"start":{"line":321,"column":28},"end":{"line":321,"column":29}},"loc":{"start":{"line":321,"column":42},"end":{"line":337,"column":null}},"line":321},"18":{"name":"(anonymous_18)","decl":{"start":{"line":343,"column":15},"end":{"line":343,"column":21}},"loc":{"start":{"line":343,"column":21},"end":{"line":347,"column":null}},"line":343}},"branchMap":{"0":{"loc":{"start":{"line":38,"column":4},"end":{"line":38,"column":null}},"type":"if","locations":[{"start":{"line":38,"column":4},"end":{"line":38,"column":null}},{"start":{},"end":{}}],"line":38},"1":{"loc":{"start":{"line":42,"column":11},"end":{"line":42,"column":62}},"type":"binary-expr","locations":[{"start":{"line":42,"column":11},"end":{"line":42,"column":22}},{"start":{"line":42,"column":22},"end":{"line":42,"column":62}}],"line":42},"2":{"loc":{"start":{"line":44,"column":8},"end":{"line":60,"column":null}},"type":"if","locations":[{"start":{"line":44,"column":8},"end":{"line":60,"column":null}},{"start":{"line":48,"column":15},"end":{"line":60,"column":null}}],"line":44},"3":{"loc":{"start":{"line":52,"column":16},"end":{"line":54,"column":null}},"type":"if","locations":[{"start":{"line":52,"column":16},"end":{"line":54,"column":null}},{"start":{},"end":{}}],"line":52},"4":{"loc":{"start":{"line":57,"column":12},"end":{"line":59,"column":null}},"type":"if","locations":[{"start":{"line":57,"column":12},"end":{"line":59,"column":null}},{"start":{},"end":{}}],"line":57},"5":{"loc":{"start":{"line":68,"column":4},"end":{"line":68,"column":null}},"type":"if","locations":[{"start":{"line":68,"column":4},"end":{"line":68,"column":null}},{"start":{},"end":{}}],"line":68},"6":{"loc":{"start":{"line":72,"column":19},"end":{"line":72,"column":null}},"type":"cond-expr","locations":[{"start":{"line":72,"column":43},"end":{"line":72,"column":85}},{"start":{"line":72,"column":85},"end":{"line":72,"column":null}}],"line":72},"7":{"loc":{"start":{"line":74,"column":19},"end":{"line":74,"column":null}},"type":"binary-expr","locations":[{"start":{"line":74,"column":19},"end":{"line":74,"column":57}},{"start":{"line":74,"column":57},"end":{"line":74,"column":null}}],"line":74},"8":{"loc":{"start":{"line":84,"column":18},"end":{"line":84,"column":35}},"type":"default-arg","locations":[{"start":{"line":84,"column":30},"end":{"line":84,"column":35}}],"line":84},"9":{"loc":{"start":{"line":84,"column":35},"end":{"line":84,"column":52}},"type":"default-arg","locations":[{"start":{"line":84,"column":44},"end":{"line":84,"column":52}}],"line":84},"10":{"loc":{"start":{"line":84,"column":60},"end":{"line":84,"column":92}},"type":"default-arg","locations":[{"start":{"line":84,"column":86},"end":{"line":84,"column":92}}],"line":84},"11":{"loc":{"start":{"line":91,"column":8},"end":{"line":107,"column":null}},"type":"if","locations":[{"start":{"line":91,"column":8},"end":{"line":107,"column":null}},{"start":{"line":104,"column":15},"end":{"line":107,"column":null}}],"line":91},"12":{"loc":{"start":{"line":95,"column":12},"end":{"line":101,"column":null}},"type":"if","locations":[{"start":{"line":95,"column":12},"end":{"line":101,"column":null}},{"start":{"line":99,"column":19},"end":{"line":101,"column":null}}],"line":95},"13":{"loc":{"start":{"line":128,"column":15},"end":{"line":128,"column":51}},"type":"binary-expr","locations":[{"start":{"line":128,"column":15},"end":{"line":128,"column":27}},{"start":{"line":128,"column":27},"end":{"line":128,"column":51}}],"line":128},"14":{"loc":{"start":{"line":131,"column":12},"end":{"line":142,"column":null}},"type":"if","locations":[{"start":{"line":131,"column":12},"end":{"line":142,"column":null}},{"start":{},"end":{}}],"line":131},"15":{"loc":{"start":{"line":132,"column":16},"end":{"line":141,"column":null}},"type":"if","locations":[{"start":{"line":132,"column":16},"end":{"line":141,"column":null}},{"start":{"line":138,"column":23},"end":{"line":141,"column":null}}],"line":132},"16":{"loc":{"start":{"line":145,"column":8},"end":{"line":147,"column":null}},"type":"if","locations":[{"start":{"line":145,"column":8},"end":{"line":147,"column":null}},{"start":{},"end":{}}],"line":145},"17":{"loc":{"start":{"line":183,"column":8},"end":{"line":257,"column":null}},"type":"if","locations":[{"start":{"line":183,"column":8},"end":{"line":257,"column":null}},{"start":{"line":185,"column":8},"end":{"line":257,"column":null}}],"line":183},"18":{"loc":{"start":{"line":185,"column":8},"end":{"line":257,"column":null}},"type":"if","locations":[{"start":{"line":185,"column":8},"end":{"line":257,"column":null}},{"start":{"line":213,"column":8},"end":{"line":257,"column":null}}],"line":185},"19":{"loc":{"start":{"line":185,"column":19},"end":{"line":185,"column":61}},"type":"binary-expr","locations":[{"start":{"line":185,"column":19},"end":{"line":185,"column":40}},{"start":{"line":185,"column":40},"end":{"line":185,"column":61}}],"line":185},"20":{"loc":{"start":{"line":201,"column":12},"end":{"line":208,"column":null}},"type":"if","locations":[{"start":{"line":201,"column":12},"end":{"line":208,"column":null}},{"start":{"line":203,"column":12},"end":{"line":208,"column":null}}],"line":201},"21":{"loc":{"start":{"line":201,"column":16},"end":{"line":201,"column":69}},"type":"binary-expr","locations":[{"start":{"line":201,"column":16},"end":{"line":201,"column":42}},{"start":{"line":201,"column":42},"end":{"line":201,"column":69}}],"line":201},"22":{"loc":{"start":{"line":203,"column":12},"end":{"line":208,"column":null}},"type":"if","locations":[{"start":{"line":203,"column":12},"end":{"line":208,"column":null}},{"start":{"line":205,"column":19},"end":{"line":208,"column":null}}],"line":203},"23":{"loc":{"start":{"line":203,"column":23},"end":{"line":203,"column":70}},"type":"binary-expr","locations":[{"start":{"line":203,"column":23},"end":{"line":203,"column":46}},{"start":{"line":203,"column":46},"end":{"line":203,"column":70}}],"line":203},"24":{"loc":{"start":{"line":213,"column":8},"end":{"line":257,"column":null}},"type":"if","locations":[{"start":{"line":213,"column":8},"end":{"line":257,"column":null}},{"start":{},"end":{}}],"line":213},"25":{"loc":{"start":{"line":213,"column":19},"end":{"line":213,"column":63}},"type":"binary-expr","locations":[{"start":{"line":213,"column":19},"end":{"line":213,"column":42}},{"start":{"line":213,"column":42},"end":{"line":213,"column":63}}],"line":213},"26":{"loc":{"start":{"line":218,"column":16},"end":{"line":218,"column":null}},"type":"binary-expr","locations":[{"start":{"line":218,"column":16},"end":{"line":218,"column":52}},{"start":{"line":218,"column":52},"end":{"line":218,"column":null}}],"line":218},"27":{"loc":{"start":{"line":222,"column":12},"end":{"line":227,"column":null}},"type":"if","locations":[{"start":{"line":222,"column":12},"end":{"line":227,"column":null}},{"start":{},"end":{}}],"line":222},"28":{"loc":{"start":{"line":225,"column":20},"end":{"line":225,"column":null}},"type":"binary-expr","locations":[{"start":{"line":225,"column":20},"end":{"line":225,"column":67}},{"start":{"line":225,"column":67},"end":{"line":225,"column":null}}],"line":225},"29":{"loc":{"start":{"line":229,"column":12},"end":{"line":256,"column":null}},"type":"if","locations":[{"start":{"line":229,"column":12},"end":{"line":256,"column":null}},{"start":{"line":254,"column":19},"end":{"line":256,"column":null}}],"line":229},"30":{"loc":{"start":{"line":239,"column":16},"end":{"line":243,"column":null}},"type":"if","locations":[{"start":{"line":239,"column":16},"end":{"line":243,"column":null}},{"start":{"line":241,"column":23},"end":{"line":243,"column":null}}],"line":239},"31":{"loc":{"start":{"line":263,"column":12},"end":{"line":265,"column":null}},"type":"if","locations":[{"start":{"line":263,"column":12},"end":{"line":265,"column":null}},{"start":{},"end":{}}],"line":263},"32":{"loc":{"start":{"line":274,"column":12},"end":{"line":274,"column":null}},"type":"if","locations":[{"start":{"line":274,"column":12},"end":{"line":274,"column":null}},{"start":{},"end":{}}],"line":274},"33":{"loc":{"start":{"line":278,"column":12},"end":{"line":280,"column":null}},"type":"if","locations":[{"start":{"line":278,"column":12},"end":{"line":280,"column":null}},{"start":{},"end":{}}],"line":278},"34":{"loc":{"start":{"line":291,"column":16},"end":{"line":293,"column":null}},"type":"if","locations":[{"start":{"line":291,"column":16},"end":{"line":293,"column":null}},{"start":{},"end":{}}],"line":291},"35":{"loc":{"start":{"line":291,"column":20},"end":{"line":291,"column":56}},"type":"binary-expr","locations":[{"start":{"line":291,"column":20},"end":{"line":291,"column":32}},{"start":{"line":291,"column":32},"end":{"line":291,"column":56}}],"line":291},"36":{"loc":{"start":{"line":302,"column":24},"end":{"line":302,"column":null}},"type":"binary-expr","locations":[{"start":{"line":302,"column":24},"end":{"line":302,"column":58}},{"start":{"line":302,"column":58},"end":{"line":302,"column":null}}],"line":302},"37":{"loc":{"start":{"line":310,"column":12},"end":{"line":310,"column":null}},"type":"if","locations":[{"start":{"line":310,"column":12},"end":{"line":310,"column":null}},{"start":{},"end":{}}],"line":310},"38":{"loc":{"start":{"line":312,"column":12},"end":{"line":318,"column":null}},"type":"if","locations":[{"start":{"line":312,"column":12},"end":{"line":318,"column":null}},{"start":{},"end":{}}],"line":312},"39":{"loc":{"start":{"line":322,"column":12},"end":{"line":322,"column":null}},"type":"if","locations":[{"start":{"line":322,"column":12},"end":{"line":322,"column":null}},{"start":{},"end":{}}],"line":322},"40":{"loc":{"start":{"line":326,"column":12},"end":{"line":328,"column":null}},"type":"if","locations":[{"start":{"line":326,"column":12},"end":{"line":328,"column":null}},{"start":{},"end":{}}],"line":326},"41":{"loc":{"start":{"line":332,"column":24},"end":{"line":332,"column":null}},"type":"binary-expr","locations":[{"start":{"line":332,"column":24},"end":{"line":332,"column":57}},{"start":{"line":332,"column":57},"end":{"line":332,"column":null}}],"line":332},"42":{"loc":{"start":{"line":333,"column":23},"end":{"line":333,"column":null}},"type":"cond-expr","locations":[{"start":{"line":333,"column":52},"end":{"line":333,"column":60}},{"start":{"line":333,"column":60},"end":{"line":333,"column":null}}],"line":333}},"s":{"0":2,"1":2,"2":5,"3":0,"4":5,"5":5,"6":5,"7":5,"8":5,"9":5,"10":5,"11":5,"12":0,"13":0,"14":0,"15":0,"16":0,"17":0,"18":0,"19":0,"20":0,"21":0,"22":5,"23":2,"24":5,"25":0,"26":5,"27":5,"28":2,"29":27,"30":27,"31":27,"32":27,"33":10,"34":1,"35":1,"36":1,"37":0,"38":0,"39":0,"40":1,"41":1,"42":9,"43":27,"44":6,"45":6,"46":6,"47":6,"48":27,"49":4,"50":4,"51":4,"52":4,"53":8,"54":8,"55":5,"56":4,"57":4,"58":4,"59":4,"60":4,"61":1,"62":1,"63":3,"64":0,"65":3,"66":3,"67":3,"68":3,"69":3,"70":3,"71":3,"72":3,"73":3,"74":3,"75":3,"76":3,"77":3,"78":3,"79":3,"80":3,"81":3,"82":3,"83":3,"84":3,"85":3,"86":3,"87":3,"88":1,"89":2,"90":1,"91":1,"92":1,"93":1,"94":1,"95":0,"96":1,"97":1,"98":0,"99":1,"100":1,"101":1,"102":1,"103":1,"104":2,"105":1,"106":0,"107":0,"108":0,"109":1,"110":1,"111":1,"112":1,"113":1,"114":0,"115":1,"116":1,"117":1,"118":1,"119":1,"120":0,"121":3,"122":3,"123":3,"124":3,"125":3,"126":27,"127":10,"128":10,"129":3,"130":0,"131":3,"132":3,"133":1,"134":2,"135":2,"136":2,"137":2,"138":2,"139":0,"140":0,"141":2,"142":10,"143":1,"144":0,"145":1,"146":1,"147":1,"148":1,"149":10,"150":4,"151":0,"152":4,"153":4,"154":1,"155":3,"156":10,"157":10,"158":10,"159":10,"160":10,"161":10,"162":10,"163":27},"f":{"0":5,"1":5,"2":27,"3":10,"4":6,"5":6,"6":4,"7":4,"8":3,"9":3,"10":3,"11":2,"12":0,"13":3,"14":10,"15":3,"16":1,"17":4,"18":10},"b":{"0":[0,5],"1":[5,5],"2":[5,0],"3":[0,0],"4":[0,0],"5":[0,5],"6":[0,5],"7":[5,5],"8":[27],"9":[27],"10":[27],"11":[1,9],"12":[0,1],"13":[4,8],"14":[5,3],"15":[4,1],"16":[0,3],"17":[1,2],"18":[1,1],"19":[2,1],"20":[0,1],"21":[1,0],"22":[1,0],"23":[1,1],"24":[1,0],"25":[1,1],"26":[2,1],"27":[0,1],"28":[0,0],"29":[1,0],"30":[1,0],"31":[3,0],"32":[0,3],"33":[1,2],"34":[0,2],"35":[2,2],"36":[2,0],"37":[0,1],"38":[1,0],"39":[0,4],"40":[1,3],"41":[3,0],"42":[0,3]},"meta":{"lastBranch":43,"lastFunction":19,"lastStatement":164,"seen":{"s:35:13:35:Infinity":0,"s:37:23:65:Infinity":1,"f:37:23:37:24":0,"b:38:4:38:Infinity:undefined:undefined:undefined:undefined":0,"s:38:4:38:Infinity":2,"s:38:18:38:Infinity":3,"s:39:27:39:Infinity":4,"s:40:34:40:Infinity":5,"s:42:4:63:Infinity":6,"b:42:11:42:22:42:22:42:62":1,"s:43:23:43:Infinity":7,"b:44:8:60:Infinity:48:15:60:Infinity":2,"s:44:8:60:Infinity":8,"s:45:12:45:Infinity":9,"s:46:12:46:Infinity":10,"s:47:12:47:Infinity":11,"s:49:26:49:Infinity":12,"s:50:24:50:Infinity":13,"s:51:12:56:Infinity":14,"b:52:16:54:Infinity:undefined:undefined:undefined:undefined":3,"s:52:16:54:Infinity":15,"s:53:20:53:Infinity":16,"s:55:16:55:Infinity":17,"b:57:12:59:Infinity:undefined:undefined:undefined:undefined":4,"s:57:12:59:Infinity":18,"s:58:16:58:Infinity":19,"s:61:8:61:Infinity":20,"s:62:8:62:Infinity":21,"s:64:4:64:Infinity":22,"s:67:28:76:Infinity":23,"f:67:28:67:29":1,"b:68:4:68:Infinity:undefined:undefined:undefined:undefined":5,"s:68:4:68:Infinity":24,"s:68:18:68:Infinity":25,"s:70:24:70:Infinity":26,"s:71:4:75:Infinity":27,"b:72:43:72:85:72:85:72:Infinity":6,"b:74:19:74:57:74:57:74:Infinity":7,"s:84:5:355:Infinity":28,"f:84:5:84:6":2,"b:84:30:84:35":8,"b:84:44:84:52":9,"b:84:86:84:92":10,"s:85:28:85:Infinity":29,"s:86:32:86:Infinity":30,"s:87:32:87:Infinity":31,"s:90:4:108:Infinity":32,"f:90:14:90:20":3,"b:91:8:107:Infinity:104:15:107:Infinity":11,"s:91:8:107:Infinity":33,"s:92:31:92:Infinity":34,"s:93:33:93:Infinity":35,"b:95:12:101:Infinity:99:19:101:Infinity":12,"s:95:12:101:Infinity":36,"s:96:16:96:Infinity":37,"s:97:16:97:Infinity":38,"s:98:16:98:Infinity":39,"s:100:16:100:Infinity":40,"s:103:12:103:Infinity":41,"s:106:12:106:Infinity":42,"s:110:10:120:Infinity":43,"f:110:33:110:34":4,"s:111:8:119:Infinity":44,"f:111:18:111:19":5,"s:112:47:116:Infinity":45,"s:117:28:117:Infinity":46,"s:118:12:118:Infinity":47,"s:122:10:268:Infinity":48,"f:122:44:122:51":6,"s:124:38:124:Infinity":49,"s:125:23:125:Infinity":50,"s:126:28:126:Infinity":51,"s:128:8:143:Infinity":52,"b:128:15:128:27:128:27:128:51":13,"s:129:12:129:Infinity":53,"b:131:12:142:Infinity:undefined:undefined:undefined:undefined":14,"s:131:12:142:Infinity":54,"b:132:16:141:Infinity:138:23:141:Infinity":15,"s:132:16:141:Infinity":55,"s:134:34:134:Infinity":56,"s:135:20:135:Infinity":57,"s:136:20:136:Infinity":58,"f:136:38:136:43":7,"s:136:43:136:63":59,"s:137:20:137:Infinity":60,"s:139:20:139:Infinity":61,"s:140:20:140:Infinity":62,"b:145:8:147:Infinity:undefined:undefined:undefined:undefined":16,"s:145:8:147:Infinity":63,"s:146:12:146:Infinity":64,"s:150:8:150:Infinity":65,"s:153:8:153:Infinity":66,"f:153:26:153:31":8,"s:153:31:153:48":67,"s:154:21:154:Infinity":68,"s:155:26:155:Infinity":69,"s:156:8:156:Infinity":70,"s:157:8:157:Infinity":71,"s:158:8:158:Infinity":72,"s:159:8:159:Infinity":73,"s:160:8:160:Infinity":74,"s:161:8:161:Infinity":75,"s:162:8:162:Infinity":76,"s:163:8:163:Infinity":77,"s:164:8:164:Infinity":78,"s:165:8:165:Infinity":79,"s:166:8:166:Infinity":80,"s:167:8:167:Infinity":81,"s:169:8:169:Infinity":82,"s:172:8:172:Infinity":83,"s:176:8:180:Infinity":84,"f:176:26:176:31":9,"s:177:12:179:Infinity":85,"f:177:34:177:40":10,"s:178:16:178:Infinity":86,"b:183:8:257:Infinity:185:8:257:Infinity":17,"s:183:8:257:Infinity":87,"s:184:13:184:Infinity":88,"b:185:8:257:Infinity:213:8:257:Infinity":18,"s:185:8:257:Infinity":89,"b:185:19:185:40:185:40:185:61":19,"s:186:33:186:Infinity":90,"s:191:43:194:Infinity":91,"s:195:46:198:Infinity":92,"s:200:28:200:Infinity":93,"b:201:12:208:Infinity:203:12:208:Infinity":20,"s:201:12:208:Infinity":94,"b:201:16:201:42:201:42:201:69":21,"s:202:16:202:Infinity":95,"b:203:12:208:Infinity:205:19:208:Infinity":22,"s:203:12:208:Infinity":96,"b:203:23:203:46:203:46:203:70":23,"s:204:16:204:Infinity":97,"s:207:16:207:Infinity":98,"s:211:12:211:Infinity":99,"s:212:12:212:Infinity":100,"b:213:8:257:Infinity:undefined:undefined:undefined:undefined":24,"s:213:8:257:Infinity":101,"b:213:19:213:42:213:42:213:63":25,"s:214:34:214:Infinity":102,"s:217:33:219:Infinity":103,"f:217:72:217:Infinity":11,"s:218:16:218:Infinity":104,"b:218:16:218:52:218:52:218:Infinity":26,"b:222:12:227:Infinity:undefined:undefined:undefined:undefined":27,"s:222:12:227:Infinity":105,"s:223:35:223:Infinity":106,"s:224:16:226:Infinity":107,"f:224:72:224:Infinity":12,"s:225:20:225:Infinity":108,"b:225:20:225:67:225:67:225:Infinity":28,"b:229:12:256:Infinity:254:19:256:Infinity":29,"s:229:12:256:Infinity":109,"s:231:16:231:Infinity":110,"s:234:48:237:Infinity":111,"b:239:16:243:Infinity:241:23:243:Infinity":30,"s:239:16:243:Infinity":112,"s:240:20:240:Infinity":113,"s:242:20:242:Infinity":114,"s:245:16:245:Infinity":115,"s:249:35:249:Infinity":116,"s:250:36:250:Infinity":117,"s:252:16:252:Infinity":118,"s:253:16:253:Infinity":119,"s:255:16:255:Infinity":120,"s:260:8:260:Infinity":121,"s:261:8:261:Infinity":122,"s:262:8:266:Infinity":123,"f:262:19:262:25":13,"b:263:12:265:Infinity:undefined:undefined:undefined:undefined":31,"s:263:12:265:Infinity":124,"s:264:16:264:Infinity":125,"s:270:4:348:Infinity":126,"f:270:14:270:20":14,"s:271:25:271:Infinity":127,"s:273:28:307:Infinity":128,"f:273:28:273:29":15,"b:274:12:274:Infinity:undefined:undefined:undefined:undefined":32,"s:274:12:274:Infinity":129,"s:274:26:274:Infinity":130,"s:275:27:275:Infinity":131,"b:278:12:280:Infinity:undefined:undefined:undefined:undefined":33,"s:278:12:280:Infinity":132,"s:279:16:279:Infinity":133,"s:282:27:282:Infinity":134,"s:283:12:296:Infinity":135,"s:284:16:284:Infinity":136,"s:289:16:289:Infinity":137,"b:291:16:293:Infinity:undefined:undefined:undefined:undefined":34,"s:291:16:293:Infinity":138,"b:291:20:291:32:291:32:291:56":35,"s:292:20:292:Infinity":139,"s:295:16:295:Infinity":140,"s:298:12:306:Infinity":141,"b:302:24:302:58:302:58:302:Infinity":36,"s:309:29:319:Infinity":142,"f:309:29:309:35":16,"b:310:12:310:Infinity:undefined:undefined:undefined:undefined":37,"s:310:12:310:Infinity":143,"s:310:26:310:Infinity":144,"s:311:24:311:Infinity":145,"b:312:12:318:Infinity:undefined:undefined:undefined:undefined":38,"s:312:12:318:Infinity":146,"s:313:16:313:Infinity":147,"s:314:16:317:Infinity":148,"s:321:28:337:Infinity":149,"f:321:28:321:29":17,"b:322:12:322:Infinity:undefined:undefined:undefined:undefined":39,"s:322:12:322:Infinity":150,"s:322:26:322:Infinity":151,"s:323:27:323:Infinity":152,"b:326:12:328:Infinity:undefined:undefined:undefined:undefined":40,"s:326:12:328:Infinity":153,"s:327:16:327:Infinity":154,"s:330:12:336:Infinity":155,"b:332:24:332:57:332:57:332:Infinity":41,"b:333:52:333:60:333:60:333:Infinity":42,"s:339:8:339:Infinity":156,"s:340:8:340:Infinity":157,"s:341:8:341:Infinity":158,"s:343:8:347:Infinity":159,"f:343:15:343:21":18,"s:344:12:344:Infinity":160,"s:345:12:345:Infinity":161,"s:346:12:346:Infinity":162,"s:350:4:353:Infinity":163}}}
,"/Users/mengtian/Codes/page-sense/src/tracker/index.ts": {"path":"/Users/mengtian/Codes/page-sense/src/tracker/index.ts","statementMap":{},"fnMap":{},"branchMap":{},"s":{},"f":{},"b":{},"meta":{"lastBranch":0,"lastFunction":0,"lastStatement":0,"seen":{}}}
,"/Users/mengtian/Codes/page-sense/src/tracker/useTracker.ts": {"path":"/Users/mengtian/Codes/page-sense/src/tracker/useTracker.ts","statementMap":{"0":{"start":{"line":4,"column":26},"end":{"line":10,"column":null}},"1":{"start":{"line":5,"column":10},"end":{"line":5,"column":null}},"2":{"start":{"line":6,"column":4},"end":{"line":8,"column":null}},"3":{"start":{"line":7,"column":8},"end":{"line":7,"column":null}},"4":{"start":{"line":9,"column":4},"end":{"line":9,"column":null}}},"fnMap":{"0":{"name":"(anonymous_0)","decl":{"start":{"line":4,"column":26},"end":{"line":4,"column":52}},"loc":{"start":{"line":4,"column":52},"end":{"line":10,"column":null}},"line":4}},"branchMap":{"0":{"loc":{"start":{"line":6,"column":4},"end":{"line":8,"column":null}},"type":"if","locations":[{"start":{"line":6,"column":4},"end":{"line":8,"column":null}},{"start":{},"end":{}}],"line":6}},"s":{"0":1,"1":5,"2":5,"3":4,"4":1},"f":{"0":5},"b":{"0":[4,1]},"meta":{"lastBranch":1,"lastFunction":1,"lastStatement":5,"seen":{"s:4:26:10:Infinity":0,"f:4:26:4:52":0,"s:5:10:5:Infinity":1,"b:6:4:8:Infinity:undefined:undefined:undefined:undefined":0,"s:6:4:8:Infinity":2,"s:7:8:7:Infinity":3,"s:9:4:9:Infinity":4}}}
,"/Users/mengtian/Codes/page-sense/src/utils/annotator.ts": {"path":"/Users/mengtian/Codes/page-sense/src/utils/annotator.ts","statementMap":{"0":{"start":{"line":5,"column":20},"end":{"line":5,"column":null}},"1":{"start":{"line":8,"column":4},"end":{"line":10,"column":null}},"2":{"start":{"line":9,"column":8},"end":{"line":9,"column":null}},"3":{"start":{"line":13,"column":17},"end":{"line":13,"column":null}},"4":{"start":{"line":14,"column":4},"end":{"line":16,"column":null}},"5":{"start":{"line":15,"column":8},"end":{"line":15,"column":null}},"6":{"start":{"line":19,"column":4},"end":{"line":24,"column":null}},"7":{"start":{"line":20,"column":25},"end":{"line":20,"column":null}},"8":{"start":{"line":21,"column":8},"end":{"line":23,"column":null}},"9":{"start":{"line":22,"column":12},"end":{"line":22,"column":null}},"10":{"start":{"line":27,"column":4},"end":{"line":27,"column":null}},"11":{"start":{"line":35,"column":18},"end":{"line":35,"column":null}},"12":{"start":{"line":38,"column":19},"end":{"line":55,"column":null}},"13":{"start":{"line":43,"column":16},"end":{"line":51,"column":null}},"14":{"start":{"line":45,"column":20},"end":{"line":47,"column":null}},"15":{"start":{"line":46,"column":24},"end":{"line":46,"column":null}},"16":{"start":{"line":48,"column":20},"end":{"line":50,"column":null}},"17":{"start":{"line":49,"column":24},"end":{"line":49,"column":null}},"18":{"start":{"line":52,"column":16},"end":{"line":52,"column":null}},"19":{"start":{"line":57,"column":22},"end":{"line":57,"column":null}},"20":{"start":{"line":58,"column":4},"end":{"line":70,"column":null}},"21":{"start":{"line":59,"column":8},"end":{"line":68,"column":null}},"22":{"start":{"line":60,"column":23},"end":{"line":60,"column":null}},"23":{"start":{"line":61,"column":12},"end":{"line":61,"column":null}},"24":{"start":{"line":67,"column":12},"end":{"line":67,"column":null}},"25":{"start":{"line":69,"column":8},"end":{"line":69,"column":null}},"26":{"start":{"line":72,"column":4},"end":{"line":72,"column":null}},"27":{"start":{"line":79,"column":21},"end":{"line":79,"column":null}},"28":{"start":{"line":80,"column":4},"end":{"line":82,"column":null}},"29":{"start":{"line":81,"column":8},"end":{"line":81,"column":null}},"30":{"start":{"line":89,"column":20},"end":{"line":89,"column":null}},"31":{"start":{"line":90,"column":4},"end":{"line":90,"column":null}},"32":{"start":{"line":90,"column":32},"end":{"line":90,"column":47}},"33":{"start":{"line":99,"column":20},"end":{"line":99,"column":null}},"34":{"start":{"line":100,"column":4},"end":{"line":108,"column":null}},"35":{"start":{"line":101,"column":8},"end":{"line":107,"column":null}},"36":{"start":{"line":102,"column":12},"end":{"line":106,"column":null}},"37":{"start":{"line":103,"column":16},"end":{"line":103,"column":null}},"38":{"start":{"line":105,"column":16},"end":{"line":105,"column":null}},"39":{"start":{"line":111,"column":19},"end":{"line":111,"column":null}},"40":{"start":{"line":112,"column":4},"end":{"line":119,"column":null}},"41":{"start":{"line":113,"column":22},"end":{"line":113,"column":null}},"42":{"start":{"line":114,"column":8},"end":{"line":118,"column":null}},"43":{"start":{"line":115,"column":12},"end":{"line":115,"column":null}},"44":{"start":{"line":117,"column":12},"end":{"line":117,"column":null}},"45":{"start":{"line":122,"column":23},"end":{"line":122,"column":null}},"46":{"start":{"line":123,"column":4},"end":{"line":126,"column":null}},"47":{"start":{"line":124,"column":19},"end":{"line":124,"column":null}},"48":{"start":{"line":125,"column":8},"end":{"line":125,"column":null}},"49":{"start":{"line":142,"column":9},"end":{"line":142,"column":null}},"50":{"start":{"line":145,"column":29},"end":{"line":154,"column":null}},"51":{"start":{"line":156,"column":4},"end":{"line":156,"column":null}},"52":{"start":{"line":158,"column":4},"end":{"line":189,"column":null}},"53":{"start":{"line":159,"column":29},"end":{"line":159,"column":null}},"54":{"start":{"line":160,"column":27},"end":{"line":160,"column":null}},"55":{"start":{"line":163,"column":8},"end":{"line":188,"column":null}},"56":{"start":{"line":164,"column":12},"end":{"line":164,"column":null}},"57":{"start":{"line":166,"column":12},"end":{"line":171,"column":null}},"58":{"start":{"line":174,"column":12},"end":{"line":174,"column":null}},"59":{"start":{"line":177,"column":27},"end":{"line":177,"column":null}},"60":{"start":{"line":178,"column":12},"end":{"line":187,"column":null}},"61":{"start":{"line":179,"column":29},"end":{"line":179,"column":null}},"62":{"start":{"line":180,"column":16},"end":{"line":186,"column":null}},"63":{"start":{"line":181,"column":39},"end":{"line":181,"column":null}},"64":{"start":{"line":182,"column":20},"end":{"line":185,"column":null}},"65":{"start":{"line":183,"column":24},"end":{"line":183,"column":null}},"66":{"start":{"line":184,"column":24},"end":{"line":184,"column":null}},"67":{"start":{"line":191,"column":4},"end":{"line":191,"column":null}},"68":{"start":{"line":194,"column":4},"end":{"line":216,"column":null}},"69":{"start":{"line":195,"column":8},"end":{"line":214,"column":null}},"70":{"start":{"line":196,"column":12},"end":{"line":200,"column":null}},"71":{"start":{"line":197,"column":16},"end":{"line":197,"column":null}},"72":{"start":{"line":199,"column":16},"end":{"line":199,"column":null}},"73":{"start":{"line":202,"column":12},"end":{"line":204,"column":null}},"74":{"start":{"line":203,"column":16},"end":{"line":203,"column":null}},"75":{"start":{"line":207,"column":27},"end":{"line":207,"column":null}},"76":{"start":{"line":208,"column":12},"end":{"line":213,"column":null}},"77":{"start":{"line":209,"column":29},"end":{"line":209,"column":null}},"78":{"start":{"line":210,"column":16},"end":{"line":212,"column":null}},"79":{"start":{"line":211,"column":20},"end":{"line":211,"column":null}},"80":{"start":{"line":215,"column":8},"end":{"line":215,"column":null}},"81":{"start":{"line":227,"column":140},"end":{"line":227,"column":null}},"82":{"start":{"line":228,"column":30},"end":{"line":228,"column":null}},"83":{"start":{"line":231,"column":26},"end":{"line":231,"column":null}},"84":{"start":{"line":233,"column":4},"end":{"line":271,"column":null}},"85":{"start":{"line":235,"column":42},"end":{"line":235,"column":null}},"86":{"start":{"line":237,"column":8},"end":{"line":270,"column":null}},"87":{"start":{"line":238,"column":12},"end":{"line":240,"column":null}},"88":{"start":{"line":239,"column":16},"end":{"line":239,"column":null}},"89":{"start":{"line":242,"column":29},"end":{"line":242,"column":null}},"90":{"start":{"line":243,"column":29},"end":{"line":247,"column":null}},"91":{"start":{"line":249,"column":12},"end":{"line":267,"column":null}},"92":{"start":{"line":250,"column":16},"end":{"line":250,"column":null}},"93":{"start":{"line":251,"column":16},"end":{"line":256,"column":null}},"94":{"start":{"line":259,"column":16},"end":{"line":259,"column":null}},"95":{"start":{"line":260,"column":16},"end":{"line":260,"column":null}},"96":{"start":{"line":261,"column":16},"end":{"line":261,"column":null}},"97":{"start":{"line":262,"column":16},"end":{"line":262,"column":null}},"98":{"start":{"line":263,"column":16},"end":{"line":263,"column":null}},"99":{"start":{"line":264,"column":16},"end":{"line":264,"column":null}},"100":{"start":{"line":265,"column":16},"end":{"line":265,"column":null}},"101":{"start":{"line":266,"column":16},"end":{"line":266,"column":null}},"102":{"start":{"line":269,"column":12},"end":{"line":269,"column":null}},"103":{"start":{"line":274,"column":30},"end":{"line":290,"column":null}},"104":{"start":{"line":292,"column":4},"end":{"line":323,"column":null}},"105":{"start":{"line":293,"column":8},"end":{"line":295,"column":null}},"106":{"start":{"line":294,"column":12},"end":{"line":294,"column":null}},"107":{"start":{"line":297,"column":25},"end":{"line":297,"column":null}},"108":{"start":{"line":298,"column":25},"end":{"line":302,"column":null}},"109":{"start":{"line":304,"column":8},"end":{"line":322,"column":null}},"110":{"start":{"line":305,"column":12},"end":{"line":305,"column":null}},"111":{"start":{"line":306,"column":12},"end":{"line":311,"column":null}},"112":{"start":{"line":314,"column":12},"end":{"line":314,"column":null}},"113":{"start":{"line":315,"column":12},"end":{"line":315,"column":null}},"114":{"start":{"line":316,"column":12},"end":{"line":316,"column":null}},"115":{"start":{"line":317,"column":12},"end":{"line":317,"column":null}},"116":{"start":{"line":318,"column":12},"end":{"line":318,"column":null}},"117":{"start":{"line":319,"column":12},"end":{"line":319,"column":null}},"118":{"start":{"line":320,"column":12},"end":{"line":320,"column":null}},"119":{"start":{"line":321,"column":12},"end":{"line":321,"column":null}},"120":{"start":{"line":325,"column":4},"end":{"line":325,"column":null}},"121":{"start":{"line":328,"column":4},"end":{"line":340,"column":null}},"122":{"start":{"line":329,"column":8},"end":{"line":338,"column":null}},"123":{"start":{"line":330,"column":12},"end":{"line":330,"column":null}},"124":{"start":{"line":331,"column":12},"end":{"line":331,"column":null}},"125":{"start":{"line":332,"column":12},"end":{"line":332,"column":null}},"126":{"start":{"line":333,"column":12},"end":{"line":333,"column":null}},"127":{"start":{"line":334,"column":12},"end":{"line":334,"column":null}},"128":{"start":{"line":335,"column":12},"end":{"line":335,"column":null}},"129":{"start":{"line":336,"column":12},"end":{"line":336,"column":null}},"130":{"start":{"line":337,"column":12},"end":{"line":337,"column":null}},"131":{"start":{"line":339,"column":8},"end":{"line":339,"column":null}}},"fnMap":{"0":{"name":"isInteractive","decl":{"start":{"line":4,"column":9},"end":{"line":4,"column":23}},"loc":{"start":{"line":4,"column":50},"end":{"line":28,"column":null}},"line":4},"1":{"name":"annotateInteractiveElements","decl":{"start":{"line":34,"column":16},"end":{"line":34,"column":44}},"loc":{"start":{"line":34,"column":83},"end":{"line":73,"column":null}},"line":34},"2":{"name":"(anonymous_2)","decl":{"start":{"line":42,"column":24},"end":{"line":42,"column":25}},"loc":{"start":{"line":42,"column":40},"end":{"line":53,"column":null}},"line":42},"3":{"name":"clearAnnotations","decl":{"start":{"line":78,"column":16},"end":{"line":78,"column":33}},"loc":{"start":{"line":78,"column":70},"end":{"line":83,"column":null}},"line":78},"4":{"name":"(anonymous_4)","decl":{"start":{"line":80,"column":21},"end":{"line":80,"column":22}},"loc":{"start":{"line":80,"column":29},"end":{"line":82,"column":5}},"line":80},"5":{"name":"clearVisualAnnotations","decl":{"start":{"line":88,"column":16},"end":{"line":88,"column":39}},"loc":{"start":{"line":88,"column":76},"end":{"line":91,"column":null}},"line":88},"6":{"name":"(anonymous_6)","decl":{"start":{"line":90,"column":20},"end":{"line":90,"column":21}},"loc":{"start":{"line":90,"column":32},"end":{"line":90,"column":47}},"line":90},"7":{"name":"syncStateToAttributes","decl":{"start":{"line":97,"column":16},"end":{"line":97,"column":38}},"loc":{"start":{"line":97,"column":75},"end":{"line":127,"column":null}},"line":97},"8":{"name":"(anonymous_8)","decl":{"start":{"line":100,"column":20},"end":{"line":100,"column":30}},"loc":{"start":{"line":100,"column":30},"end":{"line":108,"column":5}},"line":100},"9":{"name":"(anonymous_9)","decl":{"start":{"line":101,"column":43},"end":{"line":101,"column":53}},"loc":{"start":{"line":101,"column":53},"end":{"line":107,"column":9}},"line":101},"10":{"name":"(anonymous_10)","decl":{"start":{"line":112,"column":19},"end":{"line":112,"column":28}},"loc":{"start":{"line":112,"column":28},"end":{"line":119,"column":5}},"line":112},"11":{"name":"(anonymous_11)","decl":{"start":{"line":123,"column":23},"end":{"line":123,"column":32}},"loc":{"start":{"line":123,"column":32},"end":{"line":126,"column":5}},"line":123},"12":{"name":"temporarilyExpandDropdowns","decl":{"start":{"line":136,"column":16},"end":{"line":136,"column":57}},"loc":{"start":{"line":136,"column":57},"end":{"line":217,"column":null}},"line":136},"13":{"name":"(anonymous_13)","decl":{"start":{"line":158,"column":29},"end":{"line":158,"column":30}},"loc":{"start":{"line":158,"column":42},"end":{"line":189,"column":5}},"line":158},"14":{"name":"(anonymous_14)","decl":{"start":{"line":194,"column":11},"end":{"line":194,"column":17}},"loc":{"start":{"line":194,"column":17},"end":{"line":216,"column":null}},"line":194},"15":{"name":"(anonymous_15)","decl":{"start":{"line":195,"column":33},"end":{"line":195,"column":34}},"loc":{"start":{"line":195,"column":92},"end":{"line":214,"column":9}},"line":195},"16":{"name":"temporarilyShowHiddenElements","decl":{"start":{"line":226,"column":16},"end":{"line":226,"column":60}},"loc":{"start":{"line":226,"column":60},"end":{"line":341,"column":null}},"line":226},"17":{"name":"(anonymous_17)","decl":{"start":{"line":233,"column":26},"end":{"line":233,"column":27}},"loc":{"start":{"line":233,"column":40},"end":{"line":271,"column":5}},"line":233},"18":{"name":"(anonymous_18)","decl":{"start":{"line":292,"column":30},"end":{"line":292,"column":31}},"loc":{"start":{"line":292,"column":43},"end":{"line":323,"column":5}},"line":292},"19":{"name":"(anonymous_19)","decl":{"start":{"line":328,"column":11},"end":{"line":328,"column":17}},"loc":{"start":{"line":328,"column":17},"end":{"line":340,"column":null}},"line":328},"20":{"name":"(anonymous_20)","decl":{"start":{"line":329,"column":33},"end":{"line":329,"column":34}},"loc":{"start":{"line":329,"column":104},"end":{"line":338,"column":9}},"line":329}},"branchMap":{"0":{"loc":{"start":{"line":8,"column":4},"end":{"line":10,"column":null}},"type":"if","locations":[{"start":{"line":8,"column":4},"end":{"line":10,"column":null}},{"start":{},"end":{}}],"line":8},"1":{"loc":{"start":{"line":14,"column":4},"end":{"line":16,"column":null}},"type":"if","locations":[{"start":{"line":14,"column":4},"end":{"line":16,"column":null}},{"start":{},"end":{}}],"line":14},"2":{"loc":{"start":{"line":14,"column":8},"end":{"line":14,"column":111}},"type":"binary-expr","locations":[{"start":{"line":14,"column":8},"end":{"line":14,"column":16}},{"start":{"line":14,"column":16},"end":{"line":14,"column":111}}],"line":14},"3":{"loc":{"start":{"line":19,"column":4},"end":{"line":24,"column":null}},"type":"if","locations":[{"start":{"line":19,"column":4},"end":{"line":24,"column":null}},{"start":{},"end":{}}],"line":19},"4":{"loc":{"start":{"line":20,"column":34},"end":{"line":20,"column":76}},"type":"binary-expr","locations":[{"start":{"line":20,"column":34},"end":{"line":20,"column":70}},{"start":{"line":20,"column":70},"end":{"line":20,"column":76}}],"line":20},"5":{"loc":{"start":{"line":21,"column":8},"end":{"line":23,"column":null}},"type":"if","locations":[{"start":{"line":21,"column":8},"end":{"line":23,"column":null}},{"start":{},"end":{}}],"line":21},"6":{"loc":{"start":{"line":34,"column":44},"end":{"line":34,"column":83}},"type":"default-arg","locations":[{"start":{"line":34,"column":60},"end":{"line":34,"column":83}}],"line":34},"7":{"loc":{"start":{"line":43,"column":16},"end":{"line":51,"column":null}},"type":"if","locations":[{"start":{"line":43,"column":16},"end":{"line":51,"column":null}},{"start":{},"end":{}}],"line":43},"8":{"loc":{"start":{"line":45,"column":20},"end":{"line":47,"column":null}},"type":"if","locations":[{"start":{"line":45,"column":20},"end":{"line":47,"column":null}},{"start":{},"end":{}}],"line":45},"9":{"loc":{"start":{"line":48,"column":20},"end":{"line":50,"column":null}},"type":"if","locations":[{"start":{"line":48,"column":20},"end":{"line":50,"column":null}},{"start":{},"end":{}}],"line":48},"10":{"loc":{"start":{"line":59,"column":8},"end":{"line":68,"column":null}},"type":"if","locations":[{"start":{"line":59,"column":8},"end":{"line":68,"column":null}},{"start":{},"end":{}}],"line":59},"11":{"loc":{"start":{"line":78,"column":33},"end":{"line":78,"column":70}},"type":"default-arg","locations":[{"start":{"line":78,"column":49},"end":{"line":78,"column":70}}],"line":78},"12":{"loc":{"start":{"line":88,"column":39},"end":{"line":88,"column":76}},"type":"default-arg","locations":[{"start":{"line":88,"column":55},"end":{"line":88,"column":76}}],"line":88},"13":{"loc":{"start":{"line":97,"column":38},"end":{"line":97,"column":75}},"type":"default-arg","locations":[{"start":{"line":97,"column":54},"end":{"line":97,"column":75}}],"line":97},"14":{"loc":{"start":{"line":102,"column":12},"end":{"line":106,"column":null}},"type":"if","locations":[{"start":{"line":102,"column":12},"end":{"line":106,"column":null}},{"start":{"line":104,"column":19},"end":{"line":106,"column":null}}],"line":102},"15":{"loc":{"start":{"line":114,"column":8},"end":{"line":118,"column":null}},"type":"if","locations":[{"start":{"line":114,"column":8},"end":{"line":118,"column":null}},{"start":{"line":116,"column":15},"end":{"line":118,"column":null}}],"line":114},"16":{"loc":{"start":{"line":163,"column":8},"end":{"line":188,"column":null}},"type":"if","locations":[{"start":{"line":163,"column":8},"end":{"line":188,"column":null}},{"start":{},"end":{}}],"line":163},"17":{"loc":{"start":{"line":163,"column":12},"end":{"line":163,"column":63}},"type":"binary-expr","locations":[{"start":{"line":163,"column":12},"end":{"line":163,"column":40}},{"start":{"line":163,"column":40},"end":{"line":163,"column":63}}],"line":163},"18":{"loc":{"start":{"line":178,"column":12},"end":{"line":187,"column":null}},"type":"if","locations":[{"start":{"line":178,"column":12},"end":{"line":187,"column":null}},{"start":{},"end":{}}],"line":178},"19":{"loc":{"start":{"line":180,"column":16},"end":{"line":186,"column":null}},"type":"if","locations":[{"start":{"line":180,"column":16},"end":{"line":186,"column":null}},{"start":{},"end":{}}],"line":180},"20":{"loc":{"start":{"line":182,"column":20},"end":{"line":185,"column":null}},"type":"if","locations":[{"start":{"line":182,"column":20},"end":{"line":185,"column":null}},{"start":{},"end":{}}],"line":182},"21":{"loc":{"start":{"line":196,"column":12},"end":{"line":200,"column":null}},"type":"if","locations":[{"start":{"line":196,"column":12},"end":{"line":200,"column":null}},{"start":{"line":198,"column":19},"end":{"line":200,"column":null}}],"line":196},"22":{"loc":{"start":{"line":202,"column":12},"end":{"line":204,"column":null}},"type":"if","locations":[{"start":{"line":202,"column":12},"end":{"line":204,"column":null}},{"start":{},"end":{}}],"line":202},"23":{"loc":{"start":{"line":208,"column":12},"end":{"line":213,"column":null}},"type":"if","locations":[{"start":{"line":208,"column":12},"end":{"line":213,"column":null}},{"start":{},"end":{}}],"line":208},"24":{"loc":{"start":{"line":210,"column":16},"end":{"line":212,"column":null}},"type":"if","locations":[{"start":{"line":210,"column":16},"end":{"line":212,"column":null}},{"start":{},"end":{}}],"line":210},"25":{"loc":{"start":{"line":238,"column":12},"end":{"line":240,"column":null}},"type":"if","locations":[{"start":{"line":238,"column":12},"end":{"line":240,"column":null}},{"start":{},"end":{}}],"line":238},"26":{"loc":{"start":{"line":243,"column":29},"end":{"line":247,"column":null}},"type":"binary-expr","locations":[{"start":{"line":243,"column":29},"end":{"line":243,"column":null}},{"start":{"line":244,"column":16},"end":{"line":244,"column":null}},{"start":{"line":245,"column":16},"end":{"line":245,"column":null}},{"start":{"line":246,"column":16},"end":{"line":246,"column":null}},{"start":{"line":247,"column":16},"end":{"line":247,"column":null}}],"line":243},"27":{"loc":{"start":{"line":249,"column":12},"end":{"line":267,"column":null}},"type":"if","locations":[{"start":{"line":249,"column":12},"end":{"line":267,"column":null}},{"start":{},"end":{}}],"line":249},"28":{"loc":{"start":{"line":293,"column":8},"end":{"line":295,"column":null}},"type":"if","locations":[{"start":{"line":293,"column":8},"end":{"line":295,"column":null}},{"start":{},"end":{}}],"line":293},"29":{"loc":{"start":{"line":298,"column":25},"end":{"line":302,"column":null}},"type":"binary-expr","locations":[{"start":{"line":298,"column":25},"end":{"line":298,"column":null}},{"start":{"line":299,"column":12},"end":{"line":299,"column":null}},{"start":{"line":300,"column":12},"end":{"line":300,"column":null}},{"start":{"line":301,"column":12},"end":{"line":301,"column":null}},{"start":{"line":302,"column":12},"end":{"line":302,"column":null}}],"line":298},"30":{"loc":{"start":{"line":304,"column":8},"end":{"line":322,"column":null}},"type":"if","locations":[{"start":{"line":304,"column":8},"end":{"line":322,"column":null}},{"start":{},"end":{}}],"line":304}},"s":{"0":8,"1":8,"2":4,"3":4,"4":4,"5":1,"6":3,"7":1,"8":1,"9":1,"10":2,"11":2,"12":2,"13":9,"14":9,"15":1,"16":8,"17":6,"18":2,"19":2,"20":2,"21":6,"22":6,"23":6,"24":6,"25":6,"26":2,"27":1,"28":1,"29":2,"30":1,"31":1,"32":1,"33":6,"34":6,"35":3,"36":6,"37":3,"38":3,"39":6,"40":6,"41":4,"42":4,"43":3,"44":1,"45":6,"46":6,"47":4,"48":4,"49":2,"50":2,"51":2,"52":2,"53":2,"54":2,"55":2,"56":2,"57":2,"58":2,"59":2,"60":2,"61":1,"62":1,"63":1,"64":1,"65":1,"66":1,"67":2,"68":2,"69":2,"70":2,"71":1,"72":1,"73":2,"74":0,"75":2,"76":2,"77":1,"78":1,"79":1,"80":2,"81":1,"82":1,"83":1,"84":1,"85":1,"86":1,"87":4,"88":0,"89":4,"90":4,"91":4,"92":1,"93":1,"94":1,"95":1,"96":1,"97":1,"98":1,"99":1,"100":1,"101":1,"102":4,"103":1,"104":1,"105":0,"106":0,"107":0,"108":0,"109":0,"110":0,"111":0,"112":0,"113":0,"114":0,"115":0,"116":0,"117":0,"118":0,"119":0,"120":1,"121":1,"122":1,"123":1,"124":1,"125":1,"126":1,"127":1,"128":1,"129":1,"130":1,"131":1},"f":{"0":8,"1":2,"2":9,"3":1,"4":2,"5":1,"6":1,"7":6,"8":3,"9":6,"10":4,"11":4,"12":2,"13":2,"14":2,"15":2,"16":1,"17":1,"18":0,"19":1,"20":1},"b":{"0":[4,4],"1":[1,3],"2":[4,1],"3":[1,2],"4":[1,0],"5":[1,0],"6":[2],"7":[9,0],"8":[1,8],"9":[6,2],"10":[6,0],"11":[1],"12":[1],"13":[6],"14":[3,3],"15":[3,1],"16":[2,0],"17":[2,1],"18":[1,1],"19":[1,0],"20":[1,0],"21":[1,1],"22":[0,2],"23":[1,1],"24":[1,0],"25":[0,4],"26":[4,3,3,3,3],"27":[1,3],"28":[0,0],"29":[0,0,0,0,0],"30":[0,0]},"meta":{"lastBranch":31,"lastFunction":21,"lastStatement":132,"seen":{"f:4:9:4:23":0,"s:5:20:5:Infinity":0,"b:8:4:10:Infinity:undefined:undefined:undefined:undefined":0,"s:8:4:10:Infinity":1,"s:9:8:9:Infinity":2,"s:13:17:13:Infinity":3,"b:14:4:16:Infinity:undefined:undefined:undefined:undefined":1,"s:14:4:16:Infinity":4,"b:14:8:14:16:14:16:14:111":2,"s:15:8:15:Infinity":5,"b:19:4:24:Infinity:undefined:undefined:undefined:undefined":3,"s:19:4:24:Infinity":6,"s:20:25:20:Infinity":7,"b:20:34:20:70:20:70:20:76":4,"b:21:8:23:Infinity:undefined:undefined:undefined:undefined":5,"s:21:8:23:Infinity":8,"s:22:12:22:Infinity":9,"s:27:4:27:Infinity":10,"f:34:16:34:44":1,"b:34:60:34:83":6,"s:35:18:35:Infinity":11,"s:38:19:55:Infinity":12,"f:42:24:42:25":2,"b:43:16:51:Infinity:undefined:undefined:undefined:undefined":7,"s:43:16:51:Infinity":13,"b:45:20:47:Infinity:undefined:undefined:undefined:undefined":8,"s:45:20:47:Infinity":14,"s:46:24:46:Infinity":15,"b:48:20:50:Infinity:undefined:undefined:undefined:undefined":9,"s:48:20:50:Infinity":16,"s:49:24:49:Infinity":17,"s:52:16:52:Infinity":18,"s:57:22:57:Infinity":19,"s:58:4:70:Infinity":20,"b:59:8:68:Infinity:undefined:undefined:undefined:undefined":10,"s:59:8:68:Infinity":21,"s:60:23:60:Infinity":22,"s:61:12:61:Infinity":23,"s:67:12:67:Infinity":24,"s:69:8:69:Infinity":25,"s:72:4:72:Infinity":26,"f:78:16:78:33":3,"b:78:49:78:70":11,"s:79:21:79:Infinity":27,"s:80:4:82:Infinity":28,"f:80:21:80:22":4,"s:81:8:81:Infinity":29,"f:88:16:88:39":5,"b:88:55:88:76":12,"s:89:20:89:Infinity":30,"s:90:4:90:Infinity":31,"f:90:20:90:21":6,"s:90:32:90:47":32,"f:97:16:97:38":7,"b:97:54:97:75":13,"s:99:20:99:Infinity":33,"s:100:4:108:Infinity":34,"f:100:20:100:30":8,"s:101:8:107:Infinity":35,"f:101:43:101:53":9,"b:102:12:106:Infinity:104:19:106:Infinity":14,"s:102:12:106:Infinity":36,"s:103:16:103:Infinity":37,"s:105:16:105:Infinity":38,"s:111:19:111:Infinity":39,"s:112:4:119:Infinity":40,"f:112:19:112:28":10,"s:113:22:113:Infinity":41,"b:114:8:118:Infinity:116:15:118:Infinity":15,"s:114:8:118:Infinity":42,"s:115:12:115:Infinity":43,"s:117:12:117:Infinity":44,"s:122:23:122:Infinity":45,"s:123:4:126:Infinity":46,"f:123:23:123:32":11,"s:124:19:124:Infinity":47,"s:125:8:125:Infinity":48,"f:136:16:136:57":12,"s:142:9:142:Infinity":49,"s:145:29:154:Infinity":50,"s:156:4:156:Infinity":51,"s:158:4:189:Infinity":52,"f:158:29:158:30":13,"s:159:29:159:Infinity":53,"s:160:27:160:Infinity":54,"b:163:8:188:Infinity:undefined:undefined:undefined:undefined":16,"s:163:8:188:Infinity":55,"b:163:12:163:40:163:40:163:63":17,"s:164:12:164:Infinity":56,"s:166:12:171:Infinity":57,"s:174:12:174:Infinity":58,"s:177:27:177:Infinity":59,"b:178:12:187:Infinity:undefined:undefined:undefined:undefined":18,"s:178:12:187:Infinity":60,"s:179:29:179:Infinity":61,"b:180:16:186:Infinity:undefined:undefined:undefined:undefined":19,"s:180:16:186:Infinity":62,"s:181:39:181:Infinity":63,"b:182:20:185:Infinity:undefined:undefined:undefined:undefined":20,"s:182:20:185:Infinity":64,"s:183:24:183:Infinity":65,"s:184:24:184:Infinity":66,"s:191:4:191:Infinity":67,"s:194:4:216:Infinity":68,"f:194:11:194:17":14,"s:195:8:214:Infinity":69,"f:195:33:195:34":15,"b:196:12:200:Infinity:198:19:200:Infinity":21,"s:196:12:200:Infinity":70,"s:197:16:197:Infinity":71,"s:199:16:199:Infinity":72,"b:202:12:204:Infinity:undefined:undefined:undefined:undefined":22,"s:202:12:204:Infinity":73,"s:203:16:203:Infinity":74,"s:207:27:207:Infinity":75,"b:208:12:213:Infinity:undefined:undefined:undefined:undefined":23,"s:208:12:213:Infinity":76,"s:209:29:209:Infinity":77,"b:210:16:212:Infinity:undefined:undefined:undefined:undefined":24,"s:210:16:212:Infinity":78,"s:211:20:211:Infinity":79,"s:215:8:215:Infinity":80,"f:226:16:226:60":16,"s:227:140:227:Infinity":81,"s:228:30:228:Infinity":82,"s:231:26:231:Infinity":83,"s:233:4:271:Infinity":84,"f:233:26:233:27":17,"s:235:42:235:Infinity":85,"s:237:8:270:Infinity":86,"b:238:12:240:Infinity:undefined:undefined:undefined:undefined":25,"s:238:12:240:Infinity":87,"s:239:16:239:Infinity":88,"s:242:29:242:Infinity":89,"s:243:29:247:Infinity":90,"b:243:29:243:Infinity:244:16:244:Infinity:245:16:245:Infinity:246:16:246:Infinity:247:16:247:Infinity":26,"b:249:12:267:Infinity:undefined:undefined:undefined:undefined":27,"s:249:12:267:Infinity":91,"s:250:16:250:Infinity":92,"s:251:16:256:Infinity":93,"s:259:16:259:Infinity":94,"s:260:16:260:Infinity":95,"s:261:16:261:Infinity":96,"s:262:16:262:Infinity":97,"s:263:16:263:Infinity":98,"s:264:16:264:Infinity":99,"s:265:16:265:Infinity":100,"s:266:16:266:Infinity":101,"s:269:12:269:Infinity":102,"s:274:30:290:Infinity":103,"s:292:4:323:Infinity":104,"f:292:30:292:31":18,"b:293:8:295:Infinity:undefined:undefined:undefined:undefined":28,"s:293:8:295:Infinity":105,"s:294:12:294:Infinity":106,"s:297:25:297:Infinity":107,"s:298:25:302:Infinity":108,"b:298:25:298:Infinity:299:12:299:Infinity:300:12:300:Infinity:301:12:301:Infinity:302:12:302:Infinity":29,"b:304:8:322:Infinity:undefined:undefined:undefined:undefined":30,"s:304:8:322:Infinity":109,"s:305:12:305:Infinity":110,"s:306:12:311:Infinity":111,"s:314:12:314:Infinity":112,"s:315:12:315:Infinity":113,"s:316:12:316:Infinity":114,"s:317:12:317:Infinity":115,"s:318:12:318:Infinity":116,"s:319:12:319:Infinity":117,"s:320:12:320:Infinity":118,"s:321:12:321:Infinity":119,"s:325:4:325:Infinity":120,"s:328:4:340:Infinity":121,"f:328:11:328:17":19,"s:329:8:338:Infinity":122,"f:329:33:329:34":20,"s:330:12:330:Infinity":123,"s:331:12:331:Infinity":124,"s:332:12:332:Infinity":125,"s:333:12:333:Infinity":126,"s:334:12:334:Infinity":127,"s:335:12:335:Infinity":128,"s:336:12:336:Infinity":129,"s:337:12:337:Infinity":130,"s:339:8:339:Infinity":131}}}
,"/Users/mengtian/Codes/page-sense/src/utils/cleanCapture.ts": {"path":"/Users/mengtian/Codes/page-sense/src/utils/cleanCapture.ts","statementMap":{"0":{"start":{"line":9,"column":37},"end":{"line":29,"column":null}},"1":{"start":{"line":10,"column":20},"end":{"line":10,"column":null}},"2":{"start":{"line":13,"column":24},"end":{"line":13,"column":null}},"3":{"start":{"line":14,"column":4},"end":{"line":17,"column":null}},"4":{"start":{"line":15,"column":8},"end":{"line":15,"column":null}},"5":{"start":{"line":16,"column":8},"end":{"line":16,"column":null}},"6":{"start":{"line":20,"column":25},"end":{"line":20,"column":null}},"7":{"start":{"line":21,"column":4},"end":{"line":26,"column":null}},"8":{"start":{"line":22,"column":8},"end":{"line":25,"column":null}},"9":{"start":{"line":23,"column":12},"end":{"line":23,"column":null}},"10":{"start":{"line":24,"column":12},"end":{"line":24,"column":null}},"11":{"start":{"line":28,"column":4},"end":{"line":28,"column":null}},"12":{"start":{"line":34,"column":38},"end":{"line":38,"column":null}},"13":{"start":{"line":35,"column":4},"end":{"line":37,"column":null}},"14":{"start":{"line":36,"column":8},"end":{"line":36,"column":null}}},"fnMap":{"0":{"name":"(anonymous_0)","decl":{"start":{"line":9,"column":37},"end":{"line":9,"column":65}},"loc":{"start":{"line":9,"column":65},"end":{"line":29,"column":null}},"line":9},"1":{"name":"(anonymous_1)","decl":{"start":{"line":21,"column":25},"end":{"line":21,"column":26}},"loc":{"start":{"line":21,"column":43},"end":{"line":26,"column":5}},"line":21},"2":{"name":"(anonymous_2)","decl":{"start":{"line":34,"column":38},"end":{"line":34,"column":39}},"loc":{"start":{"line":34,"column":79},"end":{"line":38,"column":null}},"line":34},"3":{"name":"(anonymous_3)","decl":{"start":{"line":35,"column":20},"end":{"line":35,"column":21}},"loc":{"start":{"line":35,"column":33},"end":{"line":37,"column":5}},"line":35}},"branchMap":{"0":{"loc":{"start":{"line":14,"column":4},"end":{"line":17,"column":null}},"type":"if","locations":[{"start":{"line":14,"column":4},"end":{"line":17,"column":null}},{"start":{},"end":{}}],"line":14},"1":{"loc":{"start":{"line":14,"column":8},"end":{"line":14,"column":47}},"type":"binary-expr","locations":[{"start":{"line":14,"column":8},"end":{"line":14,"column":23}},{"start":{"line":14,"column":23},"end":{"line":14,"column":47}}],"line":14},"2":{"loc":{"start":{"line":22,"column":8},"end":{"line":25,"column":null}},"type":"if","locations":[{"start":{"line":22,"column":8},"end":{"line":25,"column":null}},{"start":{},"end":{}}],"line":22}},"s":{"0":1,"1":2,"2":2,"3":2,"4":1,"5":1,"6":2,"7":2,"8":2,"9":2,"10":2,"11":2,"12":1,"13":1,"14":3},"f":{"0":2,"1":2,"2":1,"3":3},"b":{"0":[1,1],"1":[2,1],"2":[2,0]},"meta":{"lastBranch":3,"lastFunction":4,"lastStatement":15,"seen":{"s:9:37:29:Infinity":0,"f:9:37:9:65":0,"s:10:20:10:Infinity":1,"s:13:24:13:Infinity":2,"b:14:4:17:Infinity:undefined:undefined:undefined:undefined":0,"s:14:4:17:Infinity":3,"b:14:8:14:23:14:23:14:47":1,"s:15:8:15:Infinity":4,"s:16:8:16:Infinity":5,"s:20:25:20:Infinity":6,"s:21:4:26:Infinity":7,"f:21:25:21:26":1,"b:22:8:25:Infinity:undefined:undefined:undefined:undefined":2,"s:22:8:25:Infinity":8,"s:23:12:23:Infinity":9,"s:24:12:24:Infinity":10,"s:28:4:28:Infinity":11,"s:34:38:38:Infinity":12,"f:34:38:34:39":2,"s:35:4:37:Infinity":13,"f:35:20:35:21":3,"s:36:8:36:Infinity":14}}}
,"/Users/mengtian/Codes/page-sense/src/utils/dom-to-semantic-markdown/index.ts": {"path":"/Users/mengtian/Codes/page-sense/src/utils/dom-to-semantic-markdown/index.ts","statementMap":{"0":{"start":{"line":17,"column":19},"end":{"line":17,"column":null}},"1":{"start":{"line":18,"column":4},"end":{"line":20,"column":null}},"2":{"start":{"line":19,"column":8},"end":{"line":19,"column":null}},"3":{"start":{"line":22,"column":16},"end":{"line":22,"column":null}},"4":{"start":{"line":25,"column":4},"end":{"line":42,"column":null}},"5":{"start":{"line":26,"column":8},"end":{"line":26,"column":null}},"6":{"start":{"line":27,"column":8},"end":{"line":33,"column":null}},"7":{"start":{"line":29,"column":12},"end":{"line":32,"column":null}},"8":{"start":{"line":36,"column":8},"end":{"line":40,"column":null}},"9":{"start":{"line":37,"column":12},"end":{"line":37,"column":null}},"10":{"start":{"line":39,"column":12},"end":{"line":39,"column":null}},"11":{"start":{"line":44,"column":4},"end":{"line":44,"column":null}},"12":{"start":{"line":54,"column":8},"end":{"line":54,"column":null}},"13":{"start":{"line":56,"column":4},"end":{"line":58,"column":null}},"14":{"start":{"line":57,"column":8},"end":{"line":57,"column":null}},"15":{"start":{"line":59,"column":4},"end":{"line":59,"column":null}},"16":{"start":{"line":69,"column":4},"end":{"line":69,"column":null}},"17":{"start":{"line":79,"column":4},"end":{"line":79,"column":null}}},"fnMap":{"0":{"name":"convertHtmlToMarkdown","decl":{"start":{"line":16,"column":16},"end":{"line":16,"column":38}},"loc":{"start":{"line":16,"column":89},"end":{"line":45,"column":null}},"line":16},"1":{"name":"convertElementToMarkdown","decl":{"start":{"line":53,"column":16},"end":{"line":53,"column":41}},"loc":{"start":{"line":53,"column":96},"end":{"line":60,"column":null}},"line":53},"2":{"name":"findInMarkdownAST","decl":{"start":{"line":68,"column":16},"end":{"line":68,"column":34}},"loc":{"start":{"line":68,"column":168},"end":{"line":70,"column":null}},"line":68},"3":{"name":"findAllInMarkdownAST","decl":{"start":{"line":78,"column":16},"end":{"line":78,"column":37}},"loc":{"start":{"line":78,"column":161},"end":{"line":80,"column":null}},"line":78}},"branchMap":{"0":{"loc":{"start":{"line":17,"column":19},"end":{"line":17,"column":null}},"type":"binary-expr","locations":[{"start":{"line":17,"column":19},"end":{"line":17,"column":50}},{"start":{"line":17,"column":50},"end":{"line":17,"column":null}}],"line":17},"1":{"loc":{"start":{"line":17,"column":50},"end":{"line":17,"column":null}},"type":"cond-expr","locations":[{"start":{"line":17,"column":85},"end":{"line":17,"column":103}},{"start":{"line":17,"column":103},"end":{"line":17,"column":null}}],"line":17},"2":{"loc":{"start":{"line":18,"column":4},"end":{"line":20,"column":null}},"type":"if","locations":[{"start":{"line":18,"column":4},"end":{"line":20,"column":null}},{"start":{},"end":{}}],"line":18},"3":{"loc":{"start":{"line":25,"column":4},"end":{"line":42,"column":null}},"type":"if","locations":[{"start":{"line":25,"column":4},"end":{"line":42,"column":null}},{"start":{"line":34,"column":11},"end":{"line":42,"column":null}}],"line":25},"4":{"loc":{"start":{"line":27,"column":8},"end":{"line":33,"column":null}},"type":"if","locations":[{"start":{"line":27,"column":8},"end":{"line":33,"column":null}},{"start":{},"end":{}}],"line":27},"5":{"loc":{"start":{"line":27,"column":12},"end":{"line":27,"column":113}},"type":"binary-expr","locations":[{"start":{"line":27,"column":12},"end":{"line":27,"column":39}},{"start":{"line":27,"column":39},"end":{"line":27,"column":81}},{"start":{"line":27,"column":81},"end":{"line":27,"column":113}}],"line":27},"6":{"loc":{"start":{"line":36,"column":8},"end":{"line":40,"column":null}},"type":"if","locations":[{"start":{"line":36,"column":8},"end":{"line":40,"column":null}},{"start":{"line":38,"column":15},"end":{"line":40,"column":null}}],"line":36},"7":{"loc":{"start":{"line":36,"column":12},"end":{"line":36,"column":80}},"type":"binary-expr","locations":[{"start":{"line":36,"column":12},"end":{"line":36,"column":40}},{"start":{"line":36,"column":40},"end":{"line":36,"column":80}}],"line":36},"8":{"loc":{"start":{"line":39,"column":22},"end":{"line":39,"column":null}},"type":"binary-expr","locations":[{"start":{"line":39,"column":22},"end":{"line":39,"column":34}},{"start":{"line":39,"column":34},"end":{"line":39,"column":null}}],"line":39},"9":{"loc":{"start":{"line":56,"column":4},"end":{"line":58,"column":null}},"type":"if","locations":[{"start":{"line":56,"column":4},"end":{"line":58,"column":null}},{"start":{},"end":{}}],"line":56}},"s":{"0":7,"1":7,"2":0,"3":7,"4":7,"5":2,"6":2,"7":1,"8":5,"9":1,"10":4,"11":7,"12":9,"13":9,"14":1,"15":9,"16":4,"17":1},"f":{"0":7,"1":9,"2":4,"3":1},"b":{"0":[7,6],"1":[6,0],"2":[0,7],"3":[2,5],"4":[1,1],"5":[2,1,1],"6":[1,4],"7":[5,1],"8":[4,0],"9":[1,8]},"meta":{"lastBranch":10,"lastFunction":4,"lastStatement":18,"seen":{"f:16:16:16:38":0,"s:17:19:17:Infinity":0,"b:17:19:17:50:17:50:17:Infinity":0,"b:17:85:17:103:17:103:17:Infinity":1,"b:18:4:20:Infinity:undefined:undefined:undefined:undefined":2,"s:18:4:20:Infinity":1,"s:19:8:19:Infinity":2,"s:22:16:22:Infinity":3,"b:25:4:42:Infinity:34:11:42:Infinity":3,"s:25:4:42:Infinity":4,"s:26:8:26:Infinity":5,"b:27:8:33:Infinity:undefined:undefined:undefined:undefined":4,"s:27:8:33:Infinity":6,"b:27:12:27:39:27:39:27:81:27:81:27:113":5,"s:29:12:32:Infinity":7,"b:36:8:40:Infinity:38:15:40:Infinity":6,"s:36:8:40:Infinity":8,"b:36:12:36:40:36:40:36:80":7,"s:37:12:37:Infinity":9,"s:39:12:39:Infinity":10,"b:39:22:39:34:39:34:39:Infinity":8,"s:44:4:44:Infinity":11,"f:53:16:53:41":1,"s:54:8:54:Infinity":12,"b:56:4:58:Infinity:undefined:undefined:undefined:undefined":9,"s:56:4:58:Infinity":13,"s:57:8:57:Infinity":14,"s:59:4:59:Infinity":15,"f:68:16:68:34":2,"s:69:4:69:Infinity":16,"f:78:16:78:37":3,"s:79:4:79:Infinity":17}}}
,"/Users/mengtian/Codes/page-sense/src/utils/dom-to-semantic-markdown/core/ElementNode.ts": {"path":"/Users/mengtian/Codes/page-sense/src/utils/dom-to-semantic-markdown/core/ElementNode.ts","statementMap":{"0":{"start":{"line":2,"column":21},"end":{"line":34,"column":null}}},"fnMap":{},"branchMap":{},"s":{"0":5},"f":{},"b":{},"meta":{"lastBranch":0,"lastFunction":0,"lastStatement":1,"seen":{"s:2:21:34:Infinity":0}}}
,"/Users/mengtian/Codes/page-sense/src/utils/dom-to-semantic-markdown/core/astUtils.ts": {"path":"/Users/mengtian/Codes/page-sense/src/utils/dom-to-semantic-markdown/core/astUtils.ts","statementMap":{"0":{"start":{"line":3,"column":30},"end":{"line":13,"column":null}},"1":{"start":{"line":4,"column":4},"end":{"line":12,"column":null}},"2":{"start":{"line":5,"column":22},"end":{"line":5,"column":null}},"3":{"start":{"line":6,"column":22},"end":{"line":6,"column":null}},"4":{"start":{"line":7,"column":8},"end":{"line":7,"column":null}},"5":{"start":{"line":9,"column":36},"end":{"line":9,"column":null}},"6":{"start":{"line":11,"column":8},"end":{"line":11,"column":null}},"7":{"start":{"line":15,"column":21},"end":{"line":16,"column":null}},"8":{"start":{"line":16,"column":4},"end":{"line":16,"column":null}},"9":{"start":{"line":16,"column":38},"end":{"line":16,"column":null}},"10":{"start":{"line":18,"column":17},"end":{"line":18,"column":null}},"11":{"start":{"line":18,"column":42},"end":{"line":18,"column":null}},"12":{"start":{"line":21,"column":22},"end":{"line":29,"column":null}},"13":{"start":{"line":22,"column":8},"end":{"line":27,"column":null}},"14":{"start":{"line":23,"column":26},"end":{"line":23,"column":null}},"15":{"start":{"line":24,"column":12},"end":{"line":26,"column":null}},"16":{"start":{"line":25,"column":16},"end":{"line":25,"column":null}},"17":{"start":{"line":28,"column":8},"end":{"line":28,"column":null}},"18":{"start":{"line":30,"column":4},"end":{"line":55,"column":null}},"19":{"start":{"line":31,"column":8},"end":{"line":31,"column":null}},"20":{"start":{"line":33,"column":8},"end":{"line":35,"column":null}},"21":{"start":{"line":34,"column":12},"end":{"line":34,"column":null}},"22":{"start":{"line":36,"column":8},"end":{"line":52,"column":null}},"23":{"start":{"line":38,"column":16},"end":{"line":38,"column":null}},"24":{"start":{"line":40,"column":16},"end":{"line":42,"column":null}},"25":{"start":{"line":41,"column":30},"end":{"line":41,"column":39}},"26":{"start":{"line":44,"column":16},"end":{"line":48,"column":null}},"27":{"start":{"line":45,"column":32},"end":{"line":46,"column":48}},"28":{"start":{"line":45,"column":51},"end":{"line":45,"column":60}},"29":{"start":{"line":51,"column":16},"end":{"line":51,"column":null}},"30":{"start":{"line":54,"column":8},"end":{"line":54,"column":null}},"31":{"start":{"line":59,"column":22},"end":{"line":66,"column":null}},"32":{"start":{"line":60,"column":41},"end":{"line":60,"column":null}},"33":{"start":{"line":61,"column":8},"end":{"line":64,"column":null}},"34":{"start":{"line":62,"column":26},"end":{"line":62,"column":null}},"35":{"start":{"line":63,"column":12},"end":{"line":63,"column":null}},"36":{"start":{"line":65,"column":8},"end":{"line":65,"column":null}},"37":{"start":{"line":67,"column":4},"end":{"line":92,"column":null}},"38":{"start":{"line":68,"column":8},"end":{"line":68,"column":null}},"39":{"start":{"line":70,"column":8},"end":{"line":72,"column":null}},"40":{"start":{"line":71,"column":12},"end":{"line":71,"column":null}},"41":{"start":{"line":73,"column":8},"end":{"line":89,"column":null}},"42":{"start":{"line":75,"column":16},"end":{"line":75,"column":null}},"43":{"start":{"line":77,"column":16},"end":{"line":79,"column":null}},"44":{"start":{"line":78,"column":30},"end":{"line":78,"column":39}},"45":{"start":{"line":81,"column":16},"end":{"line":85,"column":null}},"46":{"start":{"line":82,"column":32},"end":{"line":83,"column":48}},"47":{"start":{"line":82,"column":51},"end":{"line":82,"column":60}},"48":{"start":{"line":88,"column":16},"end":{"line":88,"column":null}},"49":{"start":{"line":91,"column":8},"end":{"line":91,"column":null}}},"fnMap":{"0":{"name":"(anonymous_0)","decl":{"start":{"line":3,"column":30},"end":{"line":3,"column":31}},"loc":{"start":{"line":3,"column":55},"end":{"line":13,"column":null}},"line":3},"1":{"name":"(anonymous_1)","decl":{"start":{"line":15,"column":21},"end":{"line":15,"column":28}},"loc":{"start":{"line":16,"column":4},"end":{"line":16,"column":null}},"line":16},"2":{"name":"(anonymous_2)","decl":{"start":{"line":16,"column":4},"end":{"line":16,"column":5}},"loc":{"start":{"line":16,"column":38},"end":{"line":16,"column":null}},"line":16},"3":{"name":"(anonymous_3)","decl":{"start":{"line":18,"column":17},"end":{"line":18,"column":18}},"loc":{"start":{"line":18,"column":42},"end":{"line":18,"column":null}},"line":18},"4":{"name":"findInAST","decl":{"start":{"line":20,"column":16},"end":{"line":20,"column":26}},"loc":{"start":{"line":20,"column":181},"end":{"line":56,"column":null}},"line":20},"5":{"name":"(anonymous_5)","decl":{"start":{"line":21,"column":22},"end":{"line":21,"column":23}},"loc":{"start":{"line":21,"column":85},"end":{"line":29,"column":null}},"line":21},"6":{"name":"(anonymous_6)","decl":{"start":{"line":41,"column":25},"end":{"line":41,"column":30}},"loc":{"start":{"line":41,"column":30},"end":{"line":41,"column":39}},"line":41},"7":{"name":"(anonymous_7)","decl":{"start":{"line":45,"column":25},"end":{"line":45,"column":32}},"loc":{"start":{"line":45,"column":32},"end":{"line":46,"column":48}},"line":45},"8":{"name":"(anonymous_8)","decl":{"start":{"line":45,"column":46},"end":{"line":45,"column":51}},"loc":{"start":{"line":45,"column":51},"end":{"line":45,"column":60}},"line":45},"9":{"name":"findAllInAST","decl":{"start":{"line":58,"column":16},"end":{"line":58,"column":29}},"loc":{"start":{"line":58,"column":174},"end":{"line":93,"column":null}},"line":58},"10":{"name":"(anonymous_10)","decl":{"start":{"line":59,"column":22},"end":{"line":59,"column":23}},"loc":{"start":{"line":59,"column":75},"end":{"line":66,"column":null}},"line":59},"11":{"name":"(anonymous_11)","decl":{"start":{"line":78,"column":25},"end":{"line":78,"column":30}},"loc":{"start":{"line":78,"column":30},"end":{"line":78,"column":39}},"line":78},"12":{"name":"(anonymous_12)","decl":{"start":{"line":82,"column":25},"end":{"line":82,"column":32}},"loc":{"start":{"line":82,"column":32},"end":{"line":83,"column":48}},"line":82},"13":{"name":"(anonymous_13)","decl":{"start":{"line":82,"column":46},"end":{"line":82,"column":51}},"loc":{"start":{"line":82,"column":51},"end":{"line":82,"column":60}},"line":82}},"branchMap":{"0":{"loc":{"start":{"line":4,"column":4},"end":{"line":12,"column":null}},"type":"if","locations":[{"start":{"line":4,"column":4},"end":{"line":12,"column":null}},{"start":{"line":8,"column":11},"end":{"line":12,"column":null}}],"line":4},"1":{"loc":{"start":{"line":7,"column":15},"end":{"line":7,"column":null}},"type":"binary-expr","locations":[
[...]
ty":51,"s:124:30:124:Infinity":52,"s:125:35:125:Infinity":53,"s:126:21:126:Infinity":54,"b:126:37:126:64:126:64:126:Infinity":21,"b:129:8:138:Infinity:undefined:undefined:undefined:undefined":22,"s:129:8:138:Infinity":55,"b:130:12:130:Infinity:132:17:132:52:132:52:132:85:132:85:132:124:132:124:132:Infinity:133:17:133:57:133:57:133:Infinity:134:17:134:53:134:53:134:90:134:90:134:Infinity":23,"s:137:12:137:Infinity":56,"s:139:8:139:Infinity":57,"f:141:13:141:14":13,"s:142:28:142:Infinity":58,"s:143:30:143:Infinity":59,"s:144:8:144:Infinity":60,"f:146:11:146:12":14,"s:147:26:147:Infinity":61,"s:148:24:148:Infinity":62,"s:149:24:149:Infinity":63,"b:149:40:149:67:149:67:149:Infinity":24,"s:150:8:150:Infinity":64,"f:152:10:152:11":15,"s:153:25:153:Infinity":65,"s:154:25:154:Infinity":66,"s:155:27:155:Infinity":67,"s:157:8:162:Infinity":68,"b:157:9:157:27:157:27:157:31":25,"f:157:39:157:40":16,"b:158:12:158:Infinity:undefined:undefined:undefined:undefined":26,"s:158:12:158:Infinity":69,"b:158:16:158:25:158:25:158:40":27,"s:158:40:158:Infinity":70,"s:159:35:159:Infinity":71,"b:159:54:159:68:159:68:159:Infinity":28,"s:160:38:160:Infinity":72,"s:161:12:161:Infinity":73,"s:163:8:163:Infinity":74,"f:165:11:165:12":17,"s:166:26:166:Infinity":75,"s:167:26:167:Infinity":76,"s:168:25:168:Infinity":77,"b:168:41:168:68:168:68:168:Infinity":29,"s:169:8:169:Infinity":78,"b:170:8:173:Infinity:undefined:undefined:undefined:undefined":30,"s:170:8:173:Infinity":79,"s:171:30:171:Infinity":80,"b:171:69:171:99:171:99:171:Infinity":31,"s:172:12:172:Infinity":81,"b:174:8:176:Infinity:undefined:undefined:undefined:undefined":32,"s:174:8:176:Infinity":82,"s:175:12:175:Infinity":83,"s:177:8:177:Infinity":84,"f:179:11:179:12":18,"s:180:26:180:Infinity":85,"s:181:21:181:Infinity":86,"b:181:21:181:39:181:39:181:Infinity":33,"b:182:8:182:Infinity:undefined:undefined:undefined:undefined":34,"s:182:8:182:Infinity":87,"s:182:31:182:Infinity":88,"s:184:27:186:Infinity":89,"f:184:51:184:Infinity":19,"s:184:51:185:Infinity":90,"b:185:13:185:26:185:26:185:30":35,"f:185:37:185:38":20,"s:185:52:185:91":91,"b:185:70:185:87:185:87:185:88":36,"b:188:8:188:Infinity:undefined:undefined:undefined:undefined":37,"s:188:8:188:Infinity":92,"s:188:30:188:Infinity":93,"s:190:26:190:Infinity":94,"s:191:8:219:Infinity":95,"f:191:21:191:22":21,"b:192:12:192:Infinity:undefined:undefined:undefined:undefined":38,"s:192:12:192:Infinity":96,"b:192:16:192:24:192:24:192:36":39,"s:192:36:192:Infinity":97,"s:193:32:193:Infinity":98,"s:194:28:194:Infinity":99,"s:195:12:211:Infinity":100,"f:195:30:195:31":22,"b:196:16:196:Infinity:undefined:undefined:undefined:undefined":40,"s:196:16:196:Infinity":101,"s:196:27:196:Infinity":102,"s:197:34:197:Infinity":103,"s:198:16:198:Infinity":104,"b:200:16:200:Infinity:undefined:undefined:undefined:undefined":41,"s:200:16:200:Infinity":105,"s:200:32:200:Infinity":106,"s:201:32:201:Infinity":107,"b:201:44:201:60:201:60:201:61":42,"s:202:32:202:Infinity":108,"b:202:44:202:60:202:60:202:61":43,"b:203:16:203:Infinity:undefined:undefined:undefined:undefined":44,"s:203:16:203:Infinity":109,"s:203:33:203:Infinity":110,"b:204:16:204:Infinity:undefined:undefined:undefined:undefined":45,"s:204:16:204:Infinity":111,"s:204:33:204:Infinity":112,"s:206:16:206:Infinity":113,"s:207:16:207:Infinity":114,"s:208:16:210:Infinity":115,"s:208:29:208:32":116,"s:209:20:209:Infinity":117,"s:213:12:216:Infinity":118,"s:214:16:214:Infinity":119,"s:215:16:215:Infinity":120,"s:217:12:217:Infinity":121,"s:220:8:220:Infinity":122,"f:222:10:222:11":23,"s:223:25:223:Infinity":123,"s:224:28:224:Infinity":124,"b:224:28:224:48:224:48:224:Infinity":46,"b:225:8:229:Infinity:227:15:229:Infinity":47,"s:225:8:229:Infinity":125,"s:226:12:226:Infinity":126,"s:228:12:228:Infinity":127,"b:228:28:228:49:228:49:228:51":48,"f:231:16:231:17":24,"s:232:29:232:Infinity":128,"s:233:35:237:Infinity":129,"f:236:17:236:25":25,"s:236:25:236:43":130,"b:239:8:241:Infinity:undefined:undefined:undefined:undefined":49,"s:239:8:241:Infinity":131,"b:239:12:239:45:239:45:239:73":50,"s:240:12:240:Infinity":132,"s:242:8:242:Infinity":133,"f:244:18:244:19":26,"s:245:25:245:Infinity":134,"s:246:30:246:Infinity":135,"b:248:12:249:Infinity:250:12:251:Infinity:252:12:252:Infinity:253:12:253:Infinity:254:12:254:Infinity:255:12:255:Infinity:256:12:256:Infinity:257:12:257:Infinity:258:12:258:Infinity:259:12:259:Infinity:260:12:260:Infinity:261:12:261:Infinity:262:12:263:Infinity:264:12:266:Infinity":51,"s:247:8:267:Infinity":136,"s:249:16:249:Infinity":137,"s:251:16:251:Infinity":138,"s:263:16:263:Infinity":139,"s:266:16:266:Infinity":140,"f:269:11:269:12":27,"s:270:26:270:Infinity":141,"s:271:17:271:Infinity":142,"b:272:8:272:Infinity:undefined:undefined:undefined:undefined":52,"s:272:8:272:Infinity":143,"s:272:33:272:Infinity":144,"b:273:8:273:Infinity:undefined:undefined:undefined:undefined":53,"s:273:8:273:Infinity":145,"s:273:31:273:Infinity":146,"s:274:8:274:Infinity":147,"b:276:8:276:Infinity:undefined:undefined:undefined:undefined":54,"s:276:8:276:Infinity":148,"s:276:35:276:Infinity":149,"b:277:8:277:Infinity:undefined:undefined:undefined:undefined":55,"s:277:8:277:Infinity":150,"s:277:29:277:Infinity":151,"b:278:8:278:Infinity:undefined:undefined:undefined:undefined":56,"s:278:8:278:Infinity":152,"s:278:45:278:Infinity":153,"b:278:71:278:78:278:78:278:Infinity":57,"b:279:8:279:Infinity:undefined:undefined:undefined:undefined":58,"s:279:8:279:Infinity":154,"s:279:32:279:Infinity":155,"s:280:8:280:Infinity":156,"f:282:12:282:13":28,"s:283:27:283:Infinity":157,"s:284:17:284:Infinity":158,"b:285:8:285:Infinity:undefined:undefined:undefined:undefined":59,"s:285:8:285:Infinity":159,"s:285:32:285:Infinity":160,"s:286:8:286:Infinity":161,"b:288:8:288:Infinity:undefined:undefined:undefined:undefined":60,"s:288:8:288:Infinity":162,"s:288:30:288:Infinity":163,"b:289:8:292:Infinity:undefined:undefined:undefined:undefined":61,"s:289:8:292:Infinity":164,"b:289:12:289:34:289:34:289:65":62,"s:290:25:290:Infinity":165,"f:290:48:290:53":29,"s:290:53:290:61":166,"s:291:12:291:Infinity":167,"b:293:8:293:Infinity:undefined:undefined:undefined:undefined":63,"s:293:8:293:Infinity":168,"s:293:33:293:Infinity":169,"s:294:8:294:Infinity":170,"f:296:12:296:13":30,"s:297:27:297:Infinity":171,"s:298:17:298:Infinity":172,"b:299:8:299:Infinity:undefined:undefined:undefined:undefined":64,"s:299:8:299:Infinity":173,"s:299:32:299:Infinity":174,"s:300:8:300:Infinity":175,"s:302:30:302:Infinity":176,"s:303:31:303:Infinity":177,"b:304:8:304:Infinity:undefined:undefined:undefined:undefined":65,"s:304:8:304:Infinity":178,"s:304:28:304:Infinity":179,"b:306:8:306:Infinity:undefined:undefined:undefined:undefined":66,"s:306:8:306:Infinity":180,"s:306:33:306:Infinity":181,"s:307:8:307:Infinity":182,"s:313:26:313:Infinity":183,"s:314:25:314:Infinity":184,"f:316:9:316:Infinity":31,"b:319:26:319:Infinity":67,"s:321:25:321:Infinity":185,"s:323:51:327:Infinity":186,"f:323:51:323:52":32,"b:323:79:323:88":68,"b:323:102:323:118":69,"b:324:8:324:Infinity:undefined:undefined:undefined:undefined":70,"s:324:8:324:Infinity":187,"s:324:44:324:Infinity":188,"b:325:8:325:Infinity:undefined:undefined:undefined:undefined":71,"s:325:8:325:Infinity":189,"b:325:12:325:27:325:27:325:52":72,"s:325:52:325:Infinity":190,"s:326:8:326:Infinity":191,"s:329:4:413:Infinity":192,"f:329:18:329:19":33,"b:330:8:330:Infinity:undefined:undefined:undefined:undefined":73,"s:330:8:330:Infinity":193,"s:330:34:330:Infinity":194,"s:332:38:332:Infinity":195,"b:333:8:336:Infinity:undefined:undefined:undefined:undefined":74,"s:333:8:336:Infinity":196,"s:334:12:334:Infinity":197,"s:335:12:335:Infinity":198,"b:340:8:347:Infinity:342:8:347:Infinity":75,"s:340:8:347:Infinity":199,"s:341:12:341:Infinity":200,"b:342:8:347:Infinity:344:15:347:Infinity":76,"s:342:8:347:Infinity":201,"b:342:19:342:45:342:45:342:72":77,"s:343:12:343:Infinity":202,"s:345:12:345:Infinity":203,"s:346:12:346:Infinity":204,"b:349:8:351:Infinity:undefined:undefined:undefined:undefined":78,"s:349:8:351:Infinity":205,"b:349:12:349:48:349:48:349:77":79,"s:350:12:350:Infinity":206,"s:354:36:354:Infinity":207,"b:354:36:354:72:354:72:354:Infinity":80,"b:354:74:354:98:354:98:354:Infinity":81,"s:355:35:355:Infinity":208,"b:355:35:355:70:355:70:355:Infinity":82,"b:355:72:355:97:355:97:355:Infinity":83,"b:357:8:412:Infinity:382:8:412:Infinity":84,"s:357:8:412:Infinity":209,"s:358:44:358:Infinity":210,"b:359:12:377:Infinity:undefined:undefined:undefined:undefined":85,"s:359:12:377:Infinity":211,"b:359:16:359:45:359:45:359:76":86,"s:360:45:360:Infinity":212,"s:361:55:361:Infinity":213,"s:363:42:363:Infinity":214,"s:364:47:364:Infinity":215,"s:367:61:367:Infinity":216,"s:369:51:369:Infinity":217,"b:371:16:376:Infinity:undefined:undefined:undefined:undefined":87,"s:371:16:376:Infinity":218,"b:371:20:371:Infinity:372:20:372:Infinity:373:20:373:Infinity:374:20:374:49":88,"s:375:20:375:Infinity":219,"b:378:12:380:Infinity:undefined:undefined:undefined:undefined":89,"s:378:12:380:Infinity":220,"s:379:16:379:Infinity":221,"s:381:12:381:Infinity":222,"b:382:8:412:Infinity:410:15:412:Infinity":90,"s:382:8:412:Infinity":223,"b:383:12:385:Infinity:undefined:undefined:undefined:undefined":91,"s:383:12:385:Infinity":224,"b:383:16:383:45:383:45:383:77":92,"s:384:16:384:Infinity":225,"b:386:12:388:Infinity:undefined:undefined:undefined:undefined":93,"s:386:12:388:Infinity":226,"b:386:16:386:49:386:49:386:78:386:78:386:114:386:114:386:152":94,"b:387:16:387:Infinity:undefined:undefined:undefined:undefined":95,"s:387:16:387:Infinity":227,"s:387:52:387:Infinity":228,"s:390:12:390:Infinity":229,"b:392:12:407:Infinity:undefined:undefined:undefined:undefined":96,"s:392:12:407:Infinity":230,"b:392:16:392:49:392:49:392:75":97,"s:393:33:393:Infinity":231,"s:394:40:394:Infinity":232,"b:394:40:394:79:394:79:394:Infinity":98,"b:394:81:394:110:394:110:394:Infinity":99,"b:396:16:406:Infinity:404:16:406:Infinity":100,"s:396:16:406:Infinity":233,"b:396:20:396:40:396:40:396:68:396:68:396:89":101,"b:397:20:403:Infinity:undefined:undefined:undefined:undefined":102,"s:397:20:403:Infinity":234,"b:398:24:402:Infinity:400:31:402:Infinity":103,"s:398:24:402:Infinity":235,"s:399:28:399:Infinity":236,"s:401:28:401:Infinity":237,"b:404:16:406:Infinity:undefined:undefined:undefined:undefined":104,"s:404:16:406:Infinity":238,"s:405:20:405:Infinity":239,"s:411:12:411:Infinity":240,"s:415:4:415:Infinity":241,"f:420:16:420:36":34,"b:420:117:420:128":105,"b:421:4:424:Infinity:undefined:undefined:undefined:undefined":106,"s:421:4:424:Infinity":242,"s:422:8:422:Infinity":243,"s:423:8:423:Infinity":244,"s:426:23:426:Infinity":245,"s:427:26:427:Infinity":246,"b:428:4:430:Infinity:undefined:undefined:undefined:undefined":107,"s:428:4:430:Infinity":247,"b:428:8:428:23:428:23:428:39":108,"s:429:8:429:Infinity":248,"b:431:4:435:Infinity:433:11:435:Infinity":109,"s:431:4:435:Infinity":249,"s:432:8:432:Infinity":250,"s:434:8:434:Infinity":251}}}
,"/Users/mengtian/Codes/page-sense/src/utils/dom-to-semantic-markdown/core/urlUtils.ts": {"path":"/Users/mengtian/Codes/page-sense/src/utils/dom-to-semantic-markdown/core/urlUtils.ts","statementMap":{"0":{"start":{"line":3,"column":22},"end":{"line":8,"column":null}},"1":{"start":{"line":9,"column":21},"end":{"line":14,"column":null}},"2":{"start":{"line":10,"column":4},"end":{"line":12,"column":null}},"3":{"start":{"line":11,"column":8},"end":{"line":11,"column":null}},"4":{"start":{"line":13,"column":4},"end":{"line":13,"column":null}},"5":{"start":{"line":15,"column":19},"end":{"line":35,"column":null}},"6":{"start":{"line":16,"column":4},"end":{"line":33,"column":null}},"7":{"start":{"line":17,"column":8},"end":{"line":17,"column":null}},"8":{"start":{"line":19,"column":28},"end":{"line":19,"column":null}},"9":{"start":{"line":20,"column":8},"end":{"line":31,"column":null}},"10":{"start":{"line":21,"column":26},"end":{"line":21,"column":null}},"11":{"start":{"line":22,"column":27},"end":{"line":22,"column":null}},"12":{"start":{"line":23,"column":30},"end":{"line":23,"column":null}},"13":{"start":{"line":24,"column":12},"end":{"line":24,"column":null}},"14":{"start":{"line":26,"column":12},"end":{"line":30,"column":null}},"15":{"start":{"line":27,"column":16},"end":{"line":27,"column":null}},"16":{"start":{"line":29,"column":16},"end":{"line":29,"column":null}},"17":{"start":{"line":38,"column":4},"end":{"line":65,"column":null}},"18":{"start":{"line":39,"column":8},"end":{"line":39,"column":null}},"19":{"start":{"line":39,"column":43},"end":{"line":39,"column":78}},"20":{"start":{"line":41,"column":8},"end":{"line":64,"column":null}},"21":{"start":{"line":43,"column":16},"end":{"line":43,"column":null}},"22":{"start":{"line":44,"column":16},"end":{"line":44,"column":null}},"23":{"start":{"line":45,"column":16},"end":{"line":45,"column":null}},"24":{"start":{"line":48,"column":16},"end":{"line":48,"column":null}},"25":{"start":{"line":49,"column":16},"end":{"line":49,"column":null}},"26":{"start":{"line":51,"column":16},"end":{"line":51,"column":null}},"27":{"start":{"line":51,"column":54},"end":{"line":51,"column":110}},"28":{"start":{"line":51,"column":80},"end":{"line":51,"column":109}},"29":{"start":{"line":52,"column":16},"end":{"line":52,"column":null}},"30":{"start":{"line":54,"column":16},"end":{"line":58,"column":null}},"31":{"start":{"line":55,"column":20},"end":{"line":57,"column":null}},"32":{"start":{"line":56,"column":24},"end":{"line":56,"column":null}},"33":{"start":{"line":59,"column":16},"end":{"line":59,"column":null}},"34":{"start":{"line":62,"column":16},"end":{"line":62,"column":null}},"35":{"start":{"line":63,"column":16},"end":{"line":63,"column":null}},"36":{"start":{"line":66,"column":4},"end":{"line":66,"column":null}}},"fnMap":{"0":{"name":"(anonymous_0)","decl":{"start":{"line":9,"column":21},"end":{"line":9,"column":22}},"loc":{"start":{"line":9,"column":89},"end":{"line":14,"column":null}},"line":9},"1":{"name":"(anonymous_1)","decl":{"start":{"line":15,"column":19},"end":{"line":15,"column":20}},"loc":{"start":{"line":15,"column":76},"end":{"line":35,"column":null}},"line":15},"2":{"name":"refifyUrls","decl":{"start":{"line":37,"column":16},"end":{"line":37,"column":27}},"loc":{"start":{"line":37,"column":134},"end":{"line":67,"column":null}},"line":37},"3":{"name":"(anonymous_3)","decl":{"start":{"line":39,"column":32},"end":{"line":39,"column":43}},"loc":{"start":{"line":39,"column":43},"end":{"line":39,"column":78}},"line":39},"4":{"name":"(anonymous_4)","decl":{"start":{"line":51,"column":46},"end":{"line":51,"column":54}},"loc":{"start":{"line":51,"column":54},"end":{"line":51,"column":110}},"line":51},"5":{"name":"(anonymous_5)","decl":{"start":{"line":51,"column":75},"end":{"line":51,"column":80}},"loc":{"start":{"line":51,"column":80},"end":{"line":51,"column":109}},"line":51},"6":{"name":"(anonymous_6)","decl":{"start":{"line":54,"column":45},"end":{"line":54,"column":null}},"loc":{"start":{"line":55,"column":20},"end":{"line":57,"column":null}},"line":55},"7":{"name":"(anonymous_7)","decl":{"start":{"line":55,"column":38},"end":{"line":55,"column":null}},"loc":{"start":{"line":56,"column":24},"end":{"line":56,"column":null}},"line":56}},"branchMap":{"0":{"loc":{"start":{"line":10,"column":4},"end":{"line":12,"column":null}},"type":"if","locations":[{"start":{"line":10,"column":4},"end":{"line":12,"column":null}},{"start":{},"end":{}}],"line":10},"1":{"loc":{"start":{"line":16,"column":4},"end":{"line":33,"column":null}},"type":"if","locations":[{"start":{"line":16,"column":4},"end":{"line":33,"column":null}},{"start":{"line":18,"column":11},"end":{"line":33,"column":null}}],"line":16},"2":{"loc":{"start":{"line":20,"column":8},"end":{"line":31,"column":null}},"type":"if","locations":[{"start":{"line":20,"column":8},"end":{"line":31,"column":null}},{"start":{"line":25,"column":15},"end":{"line":31,"column":null}}],"line":20},"3":{"loc":{"start":{"line":20,"column":12},"end":{"line":20,"column":64}},"type":"binary-expr","locations":[{"start":{"line":20,"column":12},"end":{"line":20,"column":27}},{"start":{"line":20,"column":27},"end":{"line":20,"column":64}}],"line":20},"4":{"loc":{"start":{"line":26,"column":12},"end":{"line":30,"column":null}},"type":"if","locations":[{"start":{"line":26,"column":12},"end":{"line":30,"column":null}},{"start":{"line":28,"column":19},"end":{"line":30,"column":null}}],"line":26},"5":{"loc":{"start":{"line":37,"column":89},"end":{"line":37,"column":134}},"type":"default-arg","locations":[{"start":{"line":37,"column":130},"end":{"line":37,"column":134}}],"line":37},"6":{"loc":{"start":{"line":38,"column":4},"end":{"line":65,"column":null}},"type":"if","locations":[{"start":{"line":38,"column":4},"end":{"line":65,"column":null}},{"start":{"line":40,"column":11},"end":{"line":65,"column":null}}],"line":38},"7":{"loc":{"start":{"line":41,"column":8},"end":{"line":64,"column":null}},"type":"switch","locations":[{"start":{"line":42,"column":12},"end":{"line":45,"column":null}},{"start":{"line":46,"column":12},"end":{"line":46,"column":null}},{"start":{"line":47,"column":12},"end":{"line":49,"column":null}},{"start":{"line":50,"column":12},"end":{"line":52,"column":null}},{"start":{"line":53,"column":12},"end":{"line":59,"column":null}},{"start":{"line":60,"column":12},"end":{"line":60,"column":null}},{"start":{"line":61,"column":12},"end":{"line":63,"column":null}}],"line":41},"8":{"loc":{"start":{"line":56,"column":24},"end":{"line":56,"column":null}},"type":"cond-expr","locations":[{"start":{"line":56,"column":59},"end":{"line":56,"column":66}},{"start":{"line":56,"column":66},"end":{"line":56,"column":null}}],"line":56}},"s":{"0":5,"1":5,"2":7,"3":5,"4":7,"5":5,"6":9,"7":1,"8":8,"9":8,"10":6,"11":6,"12":6,"13":6,"14":2,"15":1,"16":1,"17":20,"18":8,"19":6,"20":12,"21":3,"22":3,"23":3,"24":6,"25":6,"26":1,"27":1,"28":2,"29":1,"30":1,"31":1,"32":1,"33":1,"34":1,"35":1,"36":20},"f":{"0":7,"1":9,"2":20,"3":6,"4":1,"5":2,"6":1,"7":1},"b":{"0":[5,2],"1":[1,8],"2":[6,2],"3":[8,8],"4":[1,1],"5":[20],"6":[8,12],"7":[3,5,6,1,1,1,1],"8":[0,1]},"meta":{"lastBranch":9,"lastFunction":8,"lastStatement":37,"seen":{"s:3:22:8:Infinity":0,"s:9:21:14:Infinity":1,"f:9:21:9:22":0,"b:10:4:12:Infinity:undefined:undefined:undefined:undefined":0,"s:10:4:12:Infinity":2,"s:11:8:11:Infinity":3,"s:13:4:13:Infinity":4,"s:15:19:35:Infinity":5,"f:15:19:15:20":1,"b:16:4:33:Infinity:18:11:33:Infinity":1,"s:16:4:33:Infinity":6,"s:17:8:17:Infinity":7,"s:19:28:19:Infinity":8,"b:20:8:31:Infinity:25:15:31:Infinity":2,"s:20:8:31:Infinity":9,"b:20:12:20:27:20:27:20:64":3,"s:21:26:21:Infinity":10,"s:22:27:22:Infinity":11,"s:23:30:23:Infinity":12,"s:24:12:24:Infinity":13,"b:26:12:30:Infinity:28:19:30:Infinity":4,"s:26:12:30:Infinity":14,"s:27:16:27:Infinity":15,"s:29:16:29:Infinity":16,"f:37:16:37:27":2,"b:37:130:37:134":5,"b:38:4:65:Infinity:40:11:65:Infinity":6,"s:38:4:65:Infinity":17,"s:39:8:39:Infinity":18,"f:39:32:39:43":3,"s:39:43:39:78":19,"b:42:12:45:Infinity:46:12:46:Infinity:47:12:49:Infinity:50:12:52:Infinity:53:12:59:Infinity:60:12:60:Infinity:61:12:63:Infinity":7,"s:41:8:64:Infinity":20,"s:43:16:43:Infinity":21,"s:44:16:44:Infinity":22,"s:45:16:45:Infinity":23,"s:48:16:48:Infinity":24,"s:49:16:49:Infinity":25,"s:51:16:51:Infinity":26,"f:51:46:51:54":4,"s:51:54:51:110":27,"f:51:75:51:80":5,"s:51:80:51:109":28,"s:52:16:52:Infinity":29,"s:54:16:58:Infinity":30,"f:54:45:54:Infinity":6,"s:55:20:57:Infinity":31,"f:55:38:55:Infinity":7,"s:56:24:56:Infinity":32,"b:56:59:56:66:56:66:56:Infinity":8,"s:59:16:59:Infinity":33,"s:62:16:62:Infinity":34,"s:63:16:63:Infinity":35,"s:66:4:66:Infinity":36}}}
,"/Users/mengtian/Codes/page-sense/src/utils/dom-to-semantic-markdown/types/markdownTypes.ts": {"path":"/Users/mengtian/Codes/page-sense/src/utils/dom-to-semantic-markdown/types/markdownTypes.ts","statementMap":{},"fnMap":{},"branchMap":{},"s":{},"f":{},"b":{},"meta":{"lastBranch":0,"lastFunction":0,"lastStatement":0,"seen":{}}}
}
